#
# A fatal error has been detected by the Java Runtime Environment:
#
#  SIGSEGV (0xb) at pc=0x00007f1200c2e6c4, pid=9528, tid=139714147346176
#
# JRE version: OpenJDK Runtime Environment (8.0_03-b03) (build 1.8.0_03-Ubuntu-8u77-b03-3ubuntu3-b03)
# Java VM: OpenJDK 64-Bit Server VM (25.03-b03 mixed mode linux-amd64 compressed oops)
# Problematic frame:
# C  [libnd4jcpu.so+0x10c6c4]  NativeOps::execAggregateFloat(void**, int, float**, int, int**, int, int*, int, int**, int, float*, int)+0xf64
#
# Failed to write core dump. Core dumps have been disabled. To enable core dumping, try "ulimit -c unlimited" before starting Java again
#
# If you would like to submit a bug report, please visit:
#   http://bugreport.java.com/bugreport/crash.jsp
# The crash happened outside the Java Virtual Machine in native code.
# See problematic frame for where to report the bug.
#

---------------  T H R E A D  ---------------

Current thread (0x00007f12186aa000):  JavaThread "VectorCalculationsThread 0" [_thread_in_native, id=9737, stack(0x00007f11bc0f6000,0x00007f11bc1f7000)]

siginfo: si_signo: 11 (SIGSEGV), si_code: 2 (SEGV_ACCERR), si_addr: 0x00007f1218ca1020

Registers:
RAX=0x00007f1218ca1020, RBX=0x000000000000012c, RCX=0x00007f12188fee80, RDX=0x00007f12188fee80
RSP=0x00007f11bc1f5230, RBP=0x00000000000004b0, RSI=0x00007f1218ca1020, RDI=0x0000000000000000
R8 =0x00007f12189d4650, R9 =0x0000000000000000, R10=0x0000000000000000, R11=0x0000000000000001
R12=0x0000000000000001, R13=0x00000000000004b8, R14=0xffffffff00000000, R15=0x00000000000004b4
RIP=0x00007f1200c2e6c4, EFLAGS=0x0000000000010246, CSGSFS=0x0000000000000033, ERR=0x0000000000000004
  TRAPNO=0x000000000000000e

Top of Stack: (sp=0x00007f11bc1f5230)
0x00007f11bc1f5230:   00007f11bcffd700 00007f121e134e84
0x00007f11bc1f5240:   0000000000000000 0000000000000000
0x00007f11bc1f5250:   0000000000000048 00007f110000012c
0x00007f11bc1f5260:   00007f12189d41d0 000000000000000a
0x00007f11bc1f5270:   00007f1100000009 00007f12188ff330
0x00007f11bc1f5280:   000000000000012d 000000000000012e
0x00007f11bc1f5290:   00000000000b3394 00000000bc7fd000
0x00007f11bc1f52a0:   00007f1100000992 000000460000002f
0x00007f11bc1f52b0:   00007f1100000000 00007f12186aa000
0x00007f11bc1f52c0:   0000000000000000 0000000001500250
0x00007f11bc1f52d0:   00000000015002f0 00007f12000186a0
0x00007f11bc1f52e0:   0000004b00000000 000000000152f920
0x00007f11bc1f52f0:   0000000000000000 00007f1218626210
0x00007f11bc1f5300:   0000000000000048 000000000000004b
0x00007f11bc1f5310:   3c6bf5860000012c 3c44242d3c3105c9
0x00007f11bc1f5320:   00007f110000012c 00007f120165e2f2
0x00007f11bc1f5330:   ffff80ee0000012c 0000012b0000012b
0x00007f11bc1f5340:   000000000152f920 0000000000000000
0x00007f11bc1f5350:   000000000000012c 000000000000012c
0x00007f11bc1f5360:   0000000000000000 ffffffff00000000
0x00007f11bc1f5370:   00000000000004b8 0000007c00000077
0x00007f11bc1f5380:   0000000000000046 00000000014e3ca0
0x00007f11bc1f5390:   0000000000000000 00007f1201655269
0x00007f11bc1f53a0:   ffffffffffffff18 00007f121eb2bb20
0x00007f11bc1f53b0:   0000000000000010 0000000000000002
0x00007f11bc1f53c0:   0000000000000000 00007f12185aa010
0x00007f11bc1f53d0:   00007f11bc1f5530 00007f121e7eb5d4
0x00007f11bc1f53e0:   00000000186aa000 00000000014e3d70
0x00007f11bc1f53f0:   00000000014e3d80 0000000000000028
0x00007f11bc1f5400:   0000000000000001 0000000001528250
0x00007f11bc1f5410:   00007f11bc1f5530 00007f1200c31e1b
0x00007f11bc1f5420:   00007f1200000000 00000000014fb250 

Instructions: (pc=0x00007f1200c2e6c4)
0x00007f1200c2e6a4:   24 7c fa 4c 89 4c 24 10 48 89 c6 4c 89 54 24 18
0x00007f1200c2e6b4:   48 89 ca 0f 28 44 24 10 0f 87 a6 29 00 00 31 ff
0x00007f1200c2e6c4:   0f 12 3e 0f 12 32 0f 18 8a 40 01 00 00 0f 12 6e
0x00007f1200c2e6d4:   10 0f 12 62 10 0f 18 8e 40 01 00 00 0f 16 7e 08 

Register to memory mapping:

RAX=0x00007f1218ca1020 is an unknown value
RBX=0x000000000000012c is an unknown value
RCX=0x00007f12188fee80 is an unknown value
RDX=0x00007f12188fee80 is an unknown value
RSP=0x00007f11bc1f5230 is pointing into the stack for thread: 0x00007f12186aa000
RBP=0x00000000000004b0 is an unknown value
RSI=0x00007f1218ca1020 is an unknown value
RDI=0x0000000000000000 is an unknown value
R8 =0x00007f12189d4650 is an unknown value
R9 =0x0000000000000000 is an unknown value
R10=0x0000000000000000 is an unknown value
R11=0x0000000000000001 is an unknown value
R12=0x0000000000000001 is an unknown value
R13=0x00000000000004b8 is an unknown value
R14=0xffffffff00000000 is an unknown value
R15=0x00000000000004b4 is an unknown value


Stack: [0x00007f11bc0f6000,0x00007f11bc1f7000],  sp=0x00007f11bc1f5230,  free space=1020k
Native frames: (J=compiled Java code, j=interpreted, Vv=VM code, C=native code)
C  [libnd4jcpu.so+0x10c6c4]  NativeOps::execAggregateFloat(void**, int, float**, int, int**, int, int*, int, int**, int, float*, int)+0xf64

Java frames: (J=compiled Java code, j=interpreted, Vv=VM code)
J 1704  org.nd4j.nativeblas.Nd4jCpu$NativeOps.execAggregateBatchFloat(Lorg/bytedeco/javacpp/PointerPointer;IIIIIIIILorg/bytedeco/javacpp/Pointer;)V (0 bytes) @ 0x00007f1208e3438d [0x00007f1208e34300+0x8d]
J 1666 C2 org.nd4j.linalg.cpu.nativecpu.ops.NativeOpExecutioner.exec(Lorg/nd4j/linalg/api/ops/aggregates/Batch;)V (1060 bytes) @ 0x00007f1208e216e8 [0x00007f1208e20560+0x1188]
J 1852 C2 org.deeplearning4j.models.embeddings.learning.impl.elements.SkipGram.learnSequence(Lorg/deeplearning4j/models/sequencevectors/sequence/Sequence;Ljava/util/concurrent/atomic/AtomicLong;D)D (233 bytes) @ 0x00007f12088ead44 [0x00007f12088ea860+0x4e4]
J 1792 C1 org.deeplearning4j.models.sequencevectors.SequenceVectors.trainSequence(Lorg/deeplearning4j/models/sequencevectors/sequence/Sequence;Ljava/util/concurrent/atomic/AtomicLong;D)V (153 bytes) @ 0x00007f1208e9c9e4 [0x00007f1208e9bec0+0xb24]
j  org.deeplearning4j.models.sequencevectors.SequenceVectors$VectorCalculationsThread.run()V+194
v  ~StubRoutines::call_stub

---------------  P R O C E S S  ---------------

Java Threads: ( => current thread )
  0x00007f12186ab000 JavaThread "VectorCalculationsThread 1" [_thread_blocked, id=9738, stack(0x00007f11b56fe000,0x00007f11b57ff000)]
=>0x00007f12186aa000 JavaThread "VectorCalculationsThread 0" [_thread_in_native, id=9737, stack(0x00007f11bc0f6000,0x00007f11bc1f7000)]
  0x00007f1218696000 JavaThread "Tokenization thread 1" daemon [_thread_blocked, id=9735, stack(0x00007f11bc3f9000,0x00007f11bc4fa000)]
  0x00007f1218691000 JavaThread "Tokenization thread 0" daemon [_thread_blocked, id=9734, stack(0x00007f11fbce5000,0x00007f11fbde6000)]
  0x00007f121868d000 JavaThread "Tokenization thread 1" daemon [_thread_blocked, id=9718, stack(0x00007f11bc2f8000,0x00007f11bc3f9000)]
  0x00007f1218688000 JavaThread "Tokenization thread 0" daemon [_thread_blocked, id=9717, stack(0x00007f11c40a9000,0x00007f11c41aa000)]
  0x00007f12186a4800 JavaThread "Tokenization thread 1" daemon [_thread_blocked, id=9683, stack(0x00007f11c41aa000,0x00007f11c42ab000)]
  0x00007f12186a8000 JavaThread "Tokenization thread 0" daemon [_thread_blocked, id=9682, stack(0x00007f11bc1f7000,0x00007f11bc2f8000)]
  0x00007f1218694800 JavaThread "Tokenization thread 1" daemon [_thread_blocked, id=9650, stack(0x00007f11f81e0000,0x00007f11f82e1000)]
  0x00007f121868f800 JavaThread "Tokenization thread 0" daemon [_thread_blocked, id=9649, stack(0x00007f120009e000,0x00007f120019f000)]
  0x00007f1218943800 JavaThread "Tokenization thread 1" daemon [_thread_blocked, id=9617, stack(0x00007f11bc6fc000,0x00007f11bc7fd000)]
  0x00007f1218693000 JavaThread "Tokenization thread 0" daemon [_thread_blocked, id=9616, stack(0x00007f11fbbe4000,0x00007f11fbce5000)]
  0x00007f1218a5e000 JavaThread "Tokenization thread 1" daemon [_thread_blocked, id=9579, stack(0x00007f11f80df000,0x00007f11f81e0000)]
  0x00007f121889e800 JavaThread "Tokenization thread 0" daemon [_thread_blocked, id=9578, stack(0x00007f11f82e1000,0x00007f11f83e2000)]
  0x00007f12186d0800 JavaThread "NativeRandomDeallocator thread 0" daemon [_thread_blocked, id=9547, stack(0x00007f12005a4000,0x00007f12006a5000)]
  0x00007f1218593000 JavaThread "JavaCPP Deallocator" daemon [_thread_blocked, id=9546, stack(0x00007f1201866000,0x00007f1201967000)]
  0x00007f12180b2800 JavaThread "Service Thread" daemon [_thread_blocked, id=9543, stack(0x00007f1201cae000,0x00007f1201daf000)]
  0x00007f12180b0000 JavaThread "C1 CompilerThread1" daemon [_thread_blocked, id=9542, stack(0x00007f1201daf000,0x00007f1201eb0000)]
  0x00007f12180ad000 JavaThread "C2 CompilerThread0" daemon [_thread_blocked, id=9541, stack(0x00007f1201eb0000,0x00007f1201fb1000)]
  0x00007f12180ab000 JavaThread "Signal Dispatcher" daemon [_thread_blocked, id=9540, stack(0x00007f1201fb1000,0x00007f12020b2000)]
  0x00007f1218083000 JavaThread "Finalizer" daemon [_thread_blocked, id=9539, stack(0x00007f120238f000,0x00007f1202490000)]
  0x00007f121807e800 JavaThread "Reference Handler" daemon [_thread_blocked, id=9538, stack(0x00007f1202490000,0x00007f1202591000)]
  0x00007f121800d800 JavaThread "main" [_thread_blocked, id=9530, stack(0x00007f121ee37000,0x00007f121ef38000)]

Other Threads:
  0x00007f1218077000 VMThread [stack: 0x00007f1202591000,0x00007f1202692000] [id=9537]
  0x00007f12180b9800 WatcherThread [stack: 0x00007f1201bad000,0x00007f1201cae000] [id=9544]

VM state:synchronizing (normal execution)

VM Mutex/Monitor currently owned by a thread:  ([mutex/lock_event])
[0x00007f1218009d10] Safepoint_lock - owner thread: 0x00007f1218077000
[0x00007f1218009d90] Threads_lock - owner thread: 0x00007f1218077000

Heap:
 PSYoungGen      total 305664K, used 19571K [0x00000000d5580000, 0x00000000eaa80000, 0x0000000100000000)
  eden space 262144K, 5% used [0x00000000d5580000,0x00000000d6269588,0x00000000e5580000)
  from space 43520K, 14% used [0x00000000e5580000,0x00000000e5bb3a60,0x00000000e8000000)
  to   space 43520K, 0% used [0x00000000e8000000,0x00000000e8000000,0x00000000eaa80000)
 ParOldGen       total 699392K, used 47K [0x0000000080000000, 0x00000000aab00000, 0x00000000d5580000)
  object space 699392K, 0% used [0x0000000080000000,0x000000008000be10,0x00000000aab00000)
 Metaspace       used 18286K, capacity 18454K, committed 18688K, reserved 1067008K
  class space    used 1668K, capacity 1714K, committed 1792K, reserved 1048576K

Card table byte_map: [0x00007f1207fff000,0x00007f1208400000] byte_map_base: 0x00007f1207bff000

Marking Bits: (ParMarkBitMap*) 0x00007f121e111fc0
 Begin Bits: [0x00007f1203c53000, 0x00007f1205c53000)
 End Bits:   [0x00007f1205c53000, 0x00007f1207c53000)

Polling page: 0x00007f121ef5e000

CodeCache: size=245760Kb used=5998Kb max_used=7039Kb free=239761Kb
 bounds [0x00007f12087c0000, 0x00007f1208eb0000, 0x00007f12177c0000]
 total_blobs=2515 nmethods=1574 adapters=855
 compilation: enabled

Compilation events (10 events):
Event: 32,034 Thread 0x00007f12180ad000 1864       4       org.deeplearning4j.models.word2vec.wordstore.inmemory.AbstractCache::incrementWordCount (41 bytes)
Event: 32,058 Thread 0x00007f12180ad000 nmethod 1864 0x00007f1208986a10 code [0x00007f1208986be0, 0x00007f12089877d8]
Event: 32,120 Thread 0x00007f12180ad000 1876       4       org.deeplearning4j.text.documentiterator.AsyncLabelAwareIterator::nextDocument (11 bytes)
Event: 32,121 Thread 0x00007f12180ad000 nmethod 1876 0x00007f12089e9dd0 code [0x00007f12089e9f20, 0x00007f12089e9fd8]
Event: 32,123 Thread 0x00007f12180b0000 1877       3       org.deeplearning4j.models.sequencevectors.iterators.AbstractSequenceIterator::nextSequence (26 bytes)
Event: 32,124 Thread 0x00007f12180b0000 nmethod 1877 0x00007f1208bb5510 code [0x00007f1208bb56a0, 0x00007f1208bb5b08]
Event: 32,124 Thread 0x00007f12180b0000 1879       3       org.deeplearning4j.models.sequencevectors.transformers.impl.iterables.ParallelTransformerIterator::next (5 bytes)
Event: 32,124 Thread 0x00007f12180b0000 nmethod 1879 0x00007f12088db410 code [0x00007f12088db580, 0x00007f12088db708]
Event: 32,126 Thread 0x00007f12180b0000 1878   !   3       org.deeplearning4j.models.sequencevectors.transformers.impl.iterables.ParallelTransformerIterator::next (44 bytes)
Event: 32,128 Thread 0x00007f12180b0000 nmethod 1878 0x00007f1208a2c1d0 code [0x00007f1208a2c380, 0x00007f1208a2c838]

GC Heap History (6 events):
Event: 4,968 GC heap before
{Heap before GC invocations=1 (full 0):
 PSYoungGen      total 305664K, used 262144K [0x00000000d5580000, 0x00000000eaa80000, 0x0000000100000000)
  eden space 262144K, 100% used [0x00000000d5580000,0x00000000e5580000,0x00000000e5580000)
  from space 43520K, 0% used [0x00000000e8000000,0x00000000e8000000,0x00000000eaa80000)
  to   space 43520K, 0% used [0x00000000e5580000,0x00000000e5580000,0x00000000e8000000)
 ParOldGen       total 699392K, used 0K [0x0000000080000000, 0x00000000aab00000, 0x00000000d5580000)
  object space 699392K, 0% used [0x0000000080000000,0x0000000080000000,0x00000000aab00000)
 Metaspace       used 15360K, capacity 15545K, committed 15872K, reserved 1062912K
  class space    used 1625K, capacity 1710K, committed 1792K, reserved 1048576K
Event: 4,996 GC heap after
Heap after GC invocations=1 (full 0):
 PSYoungGen      total 305664K, used 11309K [0x00000000d5580000, 0x00000000eaa80000, 0x0000000100000000)
  eden space 262144K, 0% used [0x00000000d5580000,0x00000000d5580000,0x00000000e5580000)
  from space 43520K, 25% used [0x00000000e5580000,0x00000000e608b740,0x00000000e8000000)
  to   space 43520K, 0% used [0x00000000e8000000,0x00000000e8000000,0x00000000eaa80000)
 ParOldGen       total 699392K, used 0K [0x0000000080000000, 0x00000000aab00000, 0x00000000d5580000)
  object space 699392K, 0% used [0x0000000080000000,0x0000000080000000,0x00000000aab00000)
 Metaspace       used 15360K, capacity 15545K, committed 15872K, reserved 1062912K
  class space    used 1625K, capacity 1710K, committed 1792K, reserved 1048576K
}
Event: 18,277 GC heap before
{Heap before GC invocations=2 (full 0):
 PSYoungGen      total 305664K, used 273453K [0x00000000d5580000, 0x00000000eaa80000, 0x0000000100000000)
  eden space 262144K, 100% used [0x00000000d5580000,0x00000000e5580000,0x00000000e5580000)
  from space 43520K, 25% used [0x00000000e5580000,0x00000000e608b740,0x00000000e8000000)
  to   space 43520K, 0% used [0x00000000e8000000,0x00000000e8000000,0x00000000eaa80000)
 ParOldGen       total 699392K, used 0K [0x0000000080000000, 0x00000000aab00000, 0x00000000d5580000)
  object space 699392K, 0% used [0x0000000080000000,0x0000000080000000,0x00000000aab00000)
 Metaspace       used 18259K, capacity 18454K, committed 18688K, reserved 1067008K
  class space    used 1667K, capacity 1714K, committed 1792K, reserved 1048576K
Event: 18,310 GC heap after
Heap after GC invocations=2 (full 0):
 PSYoungGen      total 305664K, used 5374K [0x00000000d5580000, 0x00000000eaa80000, 0x0000000100000000)
  eden space 262144K, 0% used [0x00000000d5580000,0x00000000d5580000,0x00000000e5580000)
  from space 43520K, 12% used [0x00000000e8000000,0x00000000e853fa50,0x00000000eaa80000)
  to   space 43520K, 0% used [0x00000000e5580000,0x00000000e5580000,0x00000000e8000000)
 ParOldGen       total 699392K, used 0K [0x0000000080000000, 0x00000000aab00000, 0x00000000d5580000)
  object space 699392K, 0% used [0x0000000080000000,0x0000000080000000,0x00000000aab00000)
 Metaspace       used 18259K, capacity 18454K, committed 18688K, reserved 1067008K
  class space    used 1667K, capacity 1714K, committed 1792K, reserved 1048576K
}
Event: 31,752 GC heap before
{Heap before GC invocations=3 (full 0):
 PSYoungGen      total 305664K, used 267518K [0x00000000d5580000, 0x00000000eaa80000, 0x0000000100000000)
  eden space 262144K, 100% used [0x00000000d5580000,0x00000000e5580000,0x00000000e5580000)
  from space 43520K, 12% used [0x00000000e8000000,0x00000000e853fa50,0x00000000eaa80000)
  to   space 43520K, 0% used [0x00000000e5580000,0x00000000e5580000,0x00000000e8000000)
 ParOldGen       total 699392K, used 0K [0x0000000080000000, 0x00000000aab00000, 0x00000000d5580000)
  object space 699392K, 0% used [0x0000000080000000,0x0000000080000000,0x00000000aab00000)
 Metaspace       used 18286K, capacity 18454K, committed 18688K, reserved 1067008K
  class space    used 1668K, capacity 1714K, committed 1792K, reserved 1048576K
Event: 31,775 GC heap after
Heap after GC invocations=3 (full 0):
 PSYoungGen      total 305664K, used 6350K [0x00000000d5580000, 0x00000000eaa80000, 0x0000000100000000)
  eden space 262144K, 0% used [0x00000000d5580000,0x00000000d5580000,0x00000000e5580000)
  from space 43520K, 14% used [0x00000000e5580000,0x00000000e5bb3a60,0x00000000e8000000)
  to   space 43520K, 0% used [0x00000000e8000000,0x00000000e8000000,0x00000000eaa80000)
 ParOldGen       total 699392K, used 47K [0x0000000080000000, 0x00000000aab00000, 0x00000000d5580000)
  object space 699392K, 0% used [0x0000000080000000,0x000000008000be10,0x00000000aab00000)
 Metaspace       used 18286K, capacity 18454K, committed 18688K, reserved 1067008K
  class space    used 1668K, capacity 1714K, committed 1792K, reserved 1048576K
}

Deoptimization events (10 events):
Event: 9,038 Thread 0x00007f121800d800 Uncommon trap: reason=unstable_if action=reinterpret pc=0x00007f1208bc1ef8 method=sun.misc.FDBigInteger.leftShift(I)Lsun/misc/FDBigInteger; @ 173
Event: 9,038 Thread 0x00007f121800d800 Uncommon trap: reason=unstable_if action=reinterpret pc=0x00007f1208c00734 method=sun.misc.FDBigInteger.valueOfMulPow52(JII)Lsun/misc/FDBigInteger; @ 69
Event: 9,038 Thread 0x00007f121800d800 Uncommon trap: reason=unstable_if action=reinterpret pc=0x00007f1208c5d074 method=sun.misc.FDBigInteger.cmp(Lsun/misc/FDBigInteger;)I @ 22
Event: 12,529 Thread 0x00007f121868d800 Uncommon trap: reason=unstable_if action=reinterpret pc=0x00007f1208de810c method=org.deeplearning4j.models.embeddings.learning.impl.elements.SkipGram.iterateSample(Lorg/deeplearning4j/models/sequencevectors/sequence/SequenceElement;Lorg/deeplearning4j/mo
Event: 20,136 Thread 0x00007f121868c000 Uncommon trap: reason=unstable_if action=reinterpret pc=0x00007f1208e4a218 method=java.util.concurrent.locks.ReentrantLock$Sync.nonfairTryAcquire(I)Z @ 19
Event: 23,424 Thread 0x00007f121800d800 Uncommon trap: reason=unstable_if action=reinterpret pc=0x00007f1208e9667c method=java.util.concurrent.ConcurrentHashMap.get(Ljava/lang/Object;)Ljava/lang/Object; @ 152
Event: 23,424 Thread 0x00007f121800d800 Uncommon trap: reason=unstable_if action=reinterpret pc=0x00007f1208e94ee8 method=java.util.concurrent.ConcurrentHashMap.get(Ljava/lang/Object;)Ljava/lang/Object; @ 152
Event: 23,643 Thread 0x00007f121868d000 Uncommon trap: reason=unstable_if action=reinterpret pc=0x00007f1208d594e4 method=java.util.concurrent.ConcurrentHashMap.get(Ljava/lang/Object;)Ljava/lang/Object; @ 152
Event: 27,371 Thread 0x00007f121868d000 Uncommon trap: reason=unstable_if action=reinterpret pc=0x00007f1208cd6668 method=java.util.concurrent.ConcurrentHashMap.get(Ljava/lang/Object;)Ljava/lang/Object; @ 152
Event: 31,806 Thread 0x00007f121800d800 Uncommon trap: reason=unstable_if action=reinterpret pc=0x00007f1208a0ac9c method=java.util.concurrent.locks.ReentrantLock$NonfairSync.lock()V @ 6

Internal exceptions (10 events):
Event: 0,843 Thread 0x00007f121800d800 Exception <a 'java/lang/NoClassDefFoundError': org/slf4j/impl/StaticLoggerBinder> (0x00000000d61f4180) thrown at [/build/openjdk-8-hYz2tH/openjdk-8-8u77-b03/src/hotspot/src/share/vm/classfile/systemDictionary.cpp, line 199]
Event: 1,789 Thread 0x00007f121800d800 Exception <a 'java/lang/NoSuchFieldError': method resolution failed> (0x00000000d74c39b8) thrown at [/build/openjdk-8-hYz2tH/openjdk-8-8u77-b03/src/hotspot/src/share/vm/prims/methodHandles.cpp, line 1146]
Event: 1,803 Thread 0x00007f121800d800 Exception <a 'java/lang/NoSuchFieldError': method resolution failed> (0x00000000d74d10a8) thrown at [/build/openjdk-8-hYz2tH/openjdk-8-8u77-b03/src/hotspot/src/share/vm/prims/methodHandles.cpp, line 1146]
Event: 3,435 Thread 0x00007f121800d800 Exception <a 'java/lang/ArrayIndexOutOfBoundsException'> (0x00000000da45a0b8) thrown at [/build/openjdk-8-hYz2tH/openjdk-8-8u77-b03/src/hotspot/src/share/vm/runtime/sharedRuntime.cpp, line 605]
Event: 3,435 Thread 0x00007f121800d800 Exception <a 'java/lang/ArrayIndexOutOfBoundsException'> (0x00000000da45b348) thrown at [/build/openjdk-8-hYz2tH/openjdk-8-8u77-b03/src/hotspot/src/share/vm/runtime/sharedRuntime.cpp, line 605]
Event: 3,436 Thread 0x00007f121800d800 Exception <a 'java/lang/ArrayIndexOutOfBoundsException'> (0x00000000da45c830) thrown at [/build/openjdk-8-hYz2tH/openjdk-8-8u77-b03/src/hotspot/src/share/vm/runtime/sharedRuntime.cpp, line 605]
Event: 3,436 Thread 0x00007f121800d800 Exception <a 'java/lang/ArrayIndexOutOfBoundsException'> (0x00000000da45e020) thrown at [/build/openjdk-8-hYz2tH/openjdk-8-8u77-b03/src/hotspot/src/share/vm/runtime/sharedRuntime.cpp, line 605]
Event: 3,453 Thread 0x00007f121800d800 Exception <a 'java/lang/ArrayIndexOutOfBoundsException'> (0x00000000da4cf038) thrown at [/build/openjdk-8-hYz2tH/openjdk-8-8u77-b03/src/hotspot/src/share/vm/runtime/sharedRuntime.cpp, line 605]
Event: 3,480 Thread 0x00007f121800d800 Exception <a 'java/lang/ArrayIndexOutOfBoundsException'> (0x00000000da54aaf0) thrown at [/build/openjdk-8-hYz2tH/openjdk-8-8u77-b03/src/hotspot/src/share/vm/runtime/sharedRuntime.cpp, line 605]
Event: 4,996 Thread 0x00007f1218a5e000 Implicit null exception at 0x00007f1208b2644b to 0x00007f1208b26519

Events (10 events):
Event: 32,125 Thread 0x00007f12186a9800 Thread exited: 0x00007f12186a9800
Event: 32,125 Thread 0x00007f12180b0000 flushing nmethod 0x00007f1208d65d90
Event: 32,125 Thread 0x00007f12180b0000 flushing nmethod 0x00007f1208d76250
Event: 32,125 Thread 0x00007f12180b0000 flushing nmethod 0x00007f1208d76550
Event: 32,125 Thread 0x00007f12180b0000 flushing nmethod 0x00007f1208d79d50
Event: 32,125 Thread 0x00007f12180b0000 flushing nmethod 0x00007f1208d8a850
Event: 32,125 Thread 0x00007f12180b0000 flushing nmethod 0x00007f1208d8bad0
Event: 32,126 Thread 0x00007f12180b0000 flushing nmethod 0x00007f1208d9bb50
Event: 32,126 Thread 0x00007f12180b0000 flushing nmethod 0x00007f1208d9eb90
Event: 32,126 Thread 0x00007f12180b0000 flushing nmethod 0x00007f1208dcad50


Dynamic libraries:
00400000-00401000 r-xp 00000000 08:01 925237                             /usr/lib/jvm/java-8-openjdk-amd64/jre/bin/java
00600000-00601000 r--p 00000000 08:01 925237                             /usr/lib/jvm/java-8-openjdk-amd64/jre/bin/java
00601000-00602000 rw-p 00001000 08:01 925237                             /usr/lib/jvm/java-8-openjdk-amd64/jre/bin/java
014e1000-01551000 rw-p 00000000 00:00 0                                  [heap]
80000000-aab00000 rw-p 00000000 00:00 0 
aab00000-d5580000 ---p 00000000 00:00 0 
d5580000-eaa80000 rw-p 00000000 00:00 0 
eaa80000-100000000 ---p 00000000 00:00 0 
100000000-1001c0000 rw-p 00000000 00:00 0 
1001c0000-140000000 ---p 00000000 00:00 0 
7f11b56fe000-7f11b5701000 ---p 00000000 00:00 0 
7f11b5701000-7f11b57ff000 rw-p 00000000 00:00 0 
7f11b57ff000-7f11b5800000 ---p 00000000 00:00 0 
7f11b5800000-7f11b6000000 rw-p 00000000 00:00 0 
7f11b6000000-7f11b8000000 rw-p 00000000 00:00 0 
7f11b8000000-7f11b803a000 rw-p 00000000 00:00 0 
7f11b803a000-7f11bc000000 ---p 00000000 00:00 0 
7f11bc0f6000-7f11bc0f9000 ---p 00000000 00:00 0 
7f11bc0f9000-7f11bc1f7000 rw-p 00000000 00:00 0 
7f11bc1f7000-7f11bc1fa000 ---p 00000000 00:00 0 
7f11bc1fa000-7f11bc2f8000 rw-p 00000000 00:00 0 
7f11bc2f8000-7f11bc2fb000 ---p 00000000 00:00 0 
7f11bc2fb000-7f11bc3f9000 rw-p 00000000 00:00 0 
7f11bc3f9000-7f11bc3fc000 ---p 00000000 00:00 0 
7f11bc3fc000-7f11bc4fa000 rw-p 00000000 00:00 0 
7f11bc4fa000-7f11bc4fd000 ---p 00000000 00:00 0 
7f11bc4fd000-7f11bc5fb000 rw-p 00000000 00:00 0 
7f11bc5fb000-7f11bc5fe000 ---p 00000000 00:00 0 
7f11bc5fe000-7f11bc6fc000 rw-p 00000000 00:00 0 
7f11bc6fc000-7f11bc6ff000 ---p 00000000 00:00 0 
7f11bc6ff000-7f11bc7fd000 rw-p 00000000 00:00 0 
7f11bc7fd000-7f11bc7fe000 ---p 00000000 00:00 0 
7f11bc7fe000-7f11bcffe000 rw-p 00000000 00:00 0 
7f11bcffe000-7f11beffe000 rw-p 00000000 00:00 0 
7f11beffe000-7f11befff000 ---p 00000000 00:00 0 
7f11befff000-7f11bf7ff000 rw-p 00000000 00:00 0 
7f11bf7ff000-7f11bf800000 ---p 00000000 00:00 0 
7f11bf800000-7f11c0000000 rw-p 00000000 00:00 0 
7f11c0000000-7f11c00a7000 rw-p 00000000 00:00 0 
7f11c00a7000-7f11c4000000 ---p 00000000 00:00 0 
7f11c40a9000-7f11c40ac000 ---p 00000000 00:00 0 
7f11c40ac000-7f11c41aa000 rw-p 00000000 00:00 0 
7f11c41aa000-7f11c41ad000 ---p 00000000 00:00 0 
7f11c41ad000-7f11c42ab000 rw-p 00000000 00:00 0 
7f11c42ab000-7f11c62ab000 rw-p 00000000 00:00 0 
7f11c62ab000-7f11c71ad000 r-xp 00000000 08:01 430896                     /home/valnyz/.javacpp/cache/openblas-0.2.19-1.3-linux-x86_64.jar/org/bytedeco/javacpp/linux-x86_64/libjniopenblas.so
7f11c71ad000-7f11c73ac000 ---p 00f02000 08:01 430896                     /home/valnyz/.javacpp/cache/openblas-0.2.19-1.3-linux-x86_64.jar/org/bytedeco/javacpp/linux-x86_64/libjniopenblas.so
7f11c73ac000-7f11c73b4000 rw-p 00f01000 08:01 430896                     /home/valnyz/.javacpp/cache/openblas-0.2.19-1.3-linux-x86_64.jar/org/bytedeco/javacpp/linux-x86_64/libjniopenblas.so
7f11c73b4000-7f11cc000000 rw-p 00000000 00:00 0 
7f11cc000000-7f11cc046000 rw-p 00000000 00:00 0 
7f11cc046000-7f11d0000000 ---p 00000000 00:00 0 
7f11d0000000-7f11d0072000 rw-p 00000000 00:00 0 
7f11d0072000-7f11d4000000 ---p 00000000 00:00 0 
7f11d4000000-7f11d4021000 rw-p 00000000 00:00 0 
7f11d4021000-7f11d8000000 ---p 00000000 00:00 0 
7f11d8000000-7f11d803c000 rw-p 00000000 00:00 0 
7f11d803c000-7f11dc000000 ---p 00000000 00:00 0 
7f11dc000000-7f11dd10f000 rw-p 00000000 00:00 0 
7f11dd10f000-7f11e0000000 ---p 00000000 00:00 0 
7f11e0000000-7f11e06b6000 rw-p 00000000 00:00 0 
7f11e06b6000-7f11e4000000 ---p 00000000 00:00 0 
7f11e4000000-7f11e4039000 rw-p 00000000 00:00 0 
7f11e4039000-7f11e8000000 ---p 00000000 00:00 0 
7f11e8000000-7f11e803a000 rw-p 00000000 00:00 0 
7f11e803a000-7f11ec000000 ---p 00000000 00:00 0 
7f11ec000000-7f11ec041000 rw-p 00000000 00:00 0 
7f11ec041000-7f11f0000000 ---p 00000000 00:00 0 
7f11f0000000-7f11f003f000 rw-p 00000000 00:00 0 
7f11f003f000-7f11f4000000 ---p 00000000 00:00 0 
7f11f4000000-7f11f403a000 rw-p 00000000 00:00 0 
7f11f403a000-7f11f8000000 ---p 00000000 00:00 0 
7f11f80df000-7f11f80e2000 ---p 00000000 00:00 0 
7f11f80e2000-7f11f81e0000 rw-p 00000000 00:00 0 
7f11f81e0000-7f11f81e3000 ---p 00000000 00:00 0 
7f11f81e3000-7f11f82e1000 rw-p 00000000 00:00 0 
7f11f82e1000-7f11f82e4000 ---p 00000000 00:00 0 
7f11f82e4000-7f11f83e2000 rw-p 00000000 00:00 0 
7f11f83e2000-7f11f83e3000 ---p 00000000 00:00 0 
7f11f83e3000-7f11f8be3000 rw-p 00000000 00:00 0 
7f11f8be3000-7f11fae1b000 r-xp 00000000 08:01 430894                     /home/valnyz/.javacpp/cache/openblas-0.2.19-1.3-linux-x86_64.jar/org/bytedeco/javacpp/linux-x86_64/libopenblas.so.0
7f11fae1b000-7f11fb01b000 ---p 02238000 08:01 430894                     /home/valnyz/.javacpp/cache/openblas-0.2.19-1.3-linux-x86_64.jar/org/bytedeco/javacpp/linux-x86_64/libopenblas.so.0
7f11fb01b000-7f11fb03a000 rw-p 02238000 08:01 430894                     /home/valnyz/.javacpp/cache/openblas-0.2.19-1.3-linux-x86_64.jar/org/bytedeco/javacpp/linux-x86_64/libopenblas.so.0
7f11fb03a000-7f11fb09d000 rw-p 00000000 00:00 0 
7f11fb09d000-7f11fb18d000 r-xp 00000000 08:01 430892                     /home/valnyz/.javacpp/cache/openblas-0.2.19-1.3-linux-x86_64.jar/org/bytedeco/javacpp/linux-x86_64/libgfortran.so.3
7f11fb18d000-7f11fb38c000 ---p 000f0000 08:01 430892                     /home/valnyz/.javacpp/cache/openblas-0.2.19-1.3-linux-x86_64.jar/org/bytedeco/javacpp/linux-x86_64/libgfortran.so.3
7f11fb38c000-7f11fb38e000 rw-p 000ef000 08:01 430892                     /home/valnyz/.javacpp/cache/openblas-0.2.19-1.3-linux-x86_64.jar/org/bytedeco/javacpp/linux-x86_64/libgfortran.so.3
7f11fb38e000-7f11fb38f000 rw-p 00000000 00:00 0 
7f11fb38f000-7f11fb3cd000 r-xp 00000000 08:01 921559                     /usr/lib/x86_64-linux-gnu/libquadmath.so.0.0.0
7f11fb3cd000-7f11fb5cc000 ---p 0003e000 08:01 921559                     /usr/lib/x86_64-linux-gnu/libquadmath.so.0.0.0
7f11fb5cc000-7f11fb5cd000 r--p 0003d000 08:01 921559                     /usr/lib/x86_64-linux-gnu/libquadmath.so.0.0.0
7f11fb5cd000-7f11fb5ce000 rw-p 0003e000 08:01 921559                     /usr/lib/x86_64-linux-gnu/libquadmath.so.0.0.0
7f11fb5ce000-7f11fb5e4000 r-xp 00000000 08:01 430890                     /home/valnyz/.javacpp/cache/openblas-0.2.19-1.3-linux-x86_64.jar/org/bytedeco/javacpp/linux-x86_64/libgcc_s.so.1
7f11fb5e4000-7f11fb7e3000 ---p 00016000 08:01 430890                     /home/valnyz/.javacpp/cache/openblas-0.2.19-1.3-linux-x86_64.jar/org/bytedeco/javacpp/linux-x86_64/libgcc_s.so.1
7f11fb7e3000-7f11fb7e4000 rw-p 00015000 08:01 430890                     /home/valnyz/.javacpp/cache/openblas-0.2.19-1.3-linux-x86_64.jar/org/bytedeco/javacpp/linux-x86_64/libgcc_s.so.1
7f11fb7e4000-7f11fb864000 rw-p 00000000 00:00 0 
7f11fb864000-7f11fb9e4000 ---p 00000000 00:00 0 
7f11fb9e4000-7f11fbbe4000 rw-p 00000000 00:00 0 
7f11fbbe4000-7f11fbbe7000 ---p 00000000 00:00 0 
7f11fbbe7000-7f11fbce5000 rw-p 00000000 00:00 0 
7f11fbce5000-7f11fbce8000 ---p 00000000 00:00 0 
7f11fbce8000-7f11fbe33000 rw-p 00000000 00:00 0 
7f11fbe33000-7f11fc000000 r--s 03be5000 08:01 925275                     /usr/lib/jvm/java-8-openjdk-amd64/jre/lib/rt.jar
7f11fc000000-7f11fc07d000 rw-p 00000000 00:00 0 
7f11fc07d000-7f1200000000 ---p 00000000 00:00 0 
7f120009e000-7f12000a1000 ---p 00000000 00:00 0 
7f12000a1000-7f120039f000 rw-p 00000000 00:00 0 
7f120039f000-7f120059f000 rw-p 00000000 00:00 0 
7f12005a0000-7f12005a4000 r--s 00097000 08:01 925266                     /usr/lib/jvm/java-8-openjdk-amd64/jre/lib/jsse.jar
7f12005a4000-7f12005a7000 ---p 00000000 00:00 0 
7f12005a7000-7f12008a5000 rw-p 00000000 00:00 0 
7f12008a5000-7f1200922000 r-xp 00000000 08:01 295054                     /home/valnyz/.javacpp/cache/nd4j-native-0.7.2-linux-x86_64.jar/org/nd4j/nativeblas/linux-x86_64/libjnind4jcpu.so
7f1200922000-7f1200b21000 ---p 0007d000 08:01 295054                     /home/valnyz/.javacpp/cache/nd4j-native-0.7.2-linux-x86_64.jar/org/nd4j/nativeblas/linux-x86_64/libjnind4jcpu.so
7f1200b21000-7f1200b22000 rw-p 0007c000 08:01 295054                     /home/valnyz/.javacpp/cache/nd4j-native-0.7.2-linux-x86_64.jar/org/nd4j/nativeblas/linux-x86_64/libjnind4jcpu.so
7f1200b22000-7f1200d24000 r-xp 00000000 08:01 295053                     /home/valnyz/.javacpp/cache/nd4j-native-0.7.2-linux-x86_64.jar/org/nd4j/nativeblas/linux-x86_64/libnd4jcpu.so
7f1200d24000-7f1200f24000 ---p 00202000 08:01 295053                     /home/valnyz/.javacpp/cache/nd4j-native-0.7.2-linux-x86_64.jar/org/nd4j/nativeblas/linux-x86_64/libnd4jcpu.so
7f1200f24000-7f1200f25000 rw-p 00202000 08:01 295053                     /home/valnyz/.javacpp/cache/nd4j-native-0.7.2-linux-x86_64.jar/org/nd4j/nativeblas/linux-x86_64/libnd4jcpu.so
7f1200f25000-7f1201226000 rw-p 00000000 00:00 0 
7f1201226000-7f120123d000 r-xp 00000000 08:01 925309                     /usr/lib/jvm/java-8-openjdk-amd64/jre/lib/amd64/libnet.so
7f120123d000-7f120143c000 ---p 00017000 08:01 925309                     /usr/lib/jvm/java-8-openjdk-amd64/jre/lib/amd64/libnet.so
7f120143c000-7f120143d000 r--p 00016000 08:01 925309                     /usr/lib/jvm/java-8-openjdk-amd64/jre/lib/amd64/libnet.so
7f120143d000-7f120143e000 rw-p 00017000 08:01 925309                     /usr/lib/jvm/java-8-openjdk-amd64/jre/lib/amd64/libnet.so
7f120143e000-7f120144f000 r-xp 00000000 08:01 925310                     /usr/lib/jvm/java-8-openjdk-amd64/jre/lib/amd64/libnio.so
7f120144f000-7f120164f000 ---p 00011000 08:01 925310                     /usr/lib/jvm/java-8-openjdk-amd64/jre/lib/amd64/libnio.so
7f120164f000-7f1201650000 r--p 00011000 08:01 925310                     /usr/lib/jvm/java-8-openjdk-amd64/jre/lib/amd64/libnio.so
7f1201650000-7f1201651000 rw-p 00012000 08:01 925310                     /usr/lib/jvm/java-8-openjdk-amd64/jre/lib/amd64/libnio.so
7f1201651000-7f1201666000 r-xp 00000000 08:01 295051                     /home/valnyz/.javacpp/cache/nd4j-native-0.7.2-linux-x86_64.jar/org/nd4j/nativeblas/linux-x86_64/libgomp.so.1
7f1201666000-7f1201865000 ---p 00015000 08:01 295051                     /home/valnyz/.javacpp/cache/nd4j-native-0.7.2-linux-x86_64.jar/org/nd4j/nativeblas/linux-x86_64/libgomp.so.1
7f1201865000-7f1201866000 rw-p 00014000 08:01 295051                     /home/valnyz/.javacpp/cache/nd4j-native-0.7.2-linux-x86_64.jar/org/nd4j/nativeblas/linux-x86_64/libgomp.so.1
7f1201866000-7f1201869000 ---p 00000000 00:00 0 
7f1201869000-7f1201967000 rw-p 00000000 00:00 0 
7f1201967000-7f1201969000 r--s 00001000 08:01 535544                     /home/valnyz/.m2/repository/org/nd4j/nd4j-context/0.7.2/nd4j-context-0.7.2.jar
7f1201969000-7f1201978000 r--s 000cc000 08:01 535534                     /home/valnyz/.m2/repository/org/nd4j/nd4j-api/0.7.2/nd4j-api-0.7.2.jar
7f120197b000-7f120197d000 r--s 01608000 08:01 669072                     /home/valnyz/.m2/repository/org/bytedeco/javacpp-presets/openblas/0.2.19-1.3/openblas-0.2.19-1.3-linux-x86_64.jar
7f120197d000-7f120197e000 r--s 00104000 08:01 669070                     /home/valnyz/.m2/repository/org/bytedeco/javacpp-presets/openblas/0.2.19-1.3/openblas-0.2.19-1.3-android-x86.jar
7f120197e000-7f120197f000 r--s 0009e000 08:01 669068                     /home/valnyz/.m2/repository/org/bytedeco/javacpp-presets/openblas/0.2.19-1.3/openblas-0.2.19-1.3-android-arm.jar
7f120197f000-7f1201980000 r--s 0001c000 08:01 669066                     /home/valnyz/.m2/repository/org/bytedeco/javacpp-presets/openblas/0.2.19-1.3/openblas-0.2.19-1.3.jar
7f1201980000-7f1201985000 r--s 00048000 08:01 535566                     /home/valnyz/.m2/repository/org/bytedeco/javacpp/1.3.1/javacpp-1.3.1.jar
7f1201985000-7f1201986000 r--s 0009d000 08:01 535587                     /home/valnyz/.m2/repository/org/nd4j/nd4j-native/0.7.2/nd4j-native-0.7.2-linux-x86_64.jar
7f1201986000-7f1201988000 r--s 0000e000 08:01 535585                     /home/valnyz/.m2/repository/org/nd4j/nd4j-native/0.7.2/nd4j-native-0.7.2.jar
7f1201988000-7f120198a000 r--s 00002000 08:01 669159                     /home/valnyz/.m2/repository/org/nd4j/nd4j-jackson/0.7.2/nd4j-jackson-0.7.2.jar
7f120198a000-7f120198b000 r--s 00239000 08:01 669052                     /home/valnyz/.m2/repository/org/bytedeco/javacpp-presets/leptonica/1.73-1.3/leptonica-1.73-1.3-linux-ppc64le.jar
7f120198b000-7f120198d000 r--s 00291000 08:01 669050                     /home/valnyz/.m2/repository/org/bytedeco/javacpp-presets/leptonica/1.73-1.3/leptonica-1.73-1.3-windows-x86_64.jar
7f120198d000-7f120198e000 r--s 00254000 08:01 669048                     /home/valnyz/.m2/repository/org/bytedeco/javacpp-presets/leptonica/1.73-1.3/leptonica-1.73-1.3-macosx-x86_64.jar
7f120198e000-7f1201990000 r--s 00242000 08:01 669046                     /home/valnyz/.m2/repository/org/bytedeco/javacpp-presets/leptonica/1.73-1.3/leptonica-1.73-1.3-linux-x86_64.jar
7f1201990000-7f1201991000 r--s 00245000 08:01 669044                     /home/valnyz/.m2/repository/org/bytedeco/javacpp-presets/leptonica/1.73-1.3/leptonica-1.73-1.3-android-x86.jar
7f1201991000-7f1201992000 r--s 001e0000 08:01 669042                     /home/valnyz/.m2/repository/org/bytedeco/javacpp-presets/leptonica/1.73-1.3/leptonica-1.73-1.3-android-arm.jar
7f1201992000-7f1201995000 r--s 00021000 08:01 669040                     /home/valnyz/.m2/repository/org/bytedeco/javacpp-presets/leptonica/1.73-1.3/leptonica-1.73-1.3.jar
7f1201995000-7f1201997000 r--s 00988000 08:01 669038                     /home/valnyz/.m2/repository/org/bytedeco/javacpp-presets/opencv/3.1.0-1.3/opencv-3.1.0-1.3-linux-ppc64le.jar
7f1201997000-7f120199a000 r--s 009d8000 08:01 669036                     /home/valnyz/.m2/repository/org/bytedeco/javacpp-presets/opencv/3.1.0-1.3/opencv-3.1.0-1.3-windows-x86_64.jar
7f120199a000-7f120199c000 r--s 00821000 08:01 669034                     /home/valnyz/.m2/repository/org/bytedeco/javacpp-presets/opencv/3.1.0-1.3/opencv-3.1.0-1.3-macosx-x86_64.jar
7f120199c000-7f120199f000 r--s 007bf000 08:01 669032                     /home/valnyz/.m2/repository/org/bytedeco/javacpp-presets/opencv/3.1.0-1.3/opencv-3.1.0-1.3-linux-x86_64.jar
7f120199f000-7f12019a1000 r--s 00bf0000 08:01 669030                     /home/valnyz/.m2/repository/org/bytedeco/javacpp-presets/opencv/3.1.0-1.3/opencv-3.1.0-1.3-android-x86.jar
7f12019a1000-7f12019a3000 r--s 008f3000 08:01 669028                     /home/valnyz/.m2/repository/org/bytedeco/javacpp-presets/opencv/3.1.0-1.3/opencv-3.1.0-1.3-android-arm.jar
7f12019a3000-7f12019b3000 r--s 00098000 08:01 669026                     /home/valnyz/.m2/repository/org/bytedeco/javacpp-presets/opencv/3.1.0-1.3/opencv-3.1.0-1.3.jar
7f12019b3000-7f12019b4000 r--s 00002000 08:01 669024                     /home/valnyz/.m2/repository/org/bytedeco/javacpp-presets/flandmark/1.07-1.3/flandmark-1.07-1.3.jar
7f12019b4000-7f12019b5000 r--s 00005000 08:01 669022                     /home/valnyz/.m2/repository/org/bytedeco/javacpp-presets/artoolkitplus/2.3.1-1.3/artoolkitplus-2.3.1-1.3.jar
7f12019b5000-7f12019b6000 r--s 00003000 08:01 669020                     /home/valnyz/.m2/repository/org/bytedeco/javacpp-presets/videoinput/0.200-1.3/videoinput-0.200-1.3.jar
7f12019b6000-7f12019b9000 r--s 00009000 08:01 669018                     /home/valnyz/.m2/repository/org/bytedeco/javacpp-presets/librealsense/1.9.6-1.3/librealsense-1.9.6-1.3.jar
7f12019b9000-7f12019bb000 r--s 00004000 08:01 669016                     /home/valnyz/.m2/repository/org/bytedeco/javacpp-presets/libfreenect/0.5.3-1.3/libfreenect-0.5.3-1.3.jar
7f12019bb000-7f12019bd000 r--s 00006000 08:01 669014                     /home/valnyz/.m2/repository/org/bytedeco/javacpp-presets/libdc1394/2.2.4-1.3/libdc1394-2.2.4-1.3.jar
7f12019bd000-7f12019c1000 r--s 0001f000 08:01 669012                     /home/valnyz/.m2/repository/org/bytedeco/javacpp-presets/flycapture/2.9.3.43-1.3/flycapture-2.9.3.43-1.3.jar
7f12019c1000-7f12019c8000 r--s 00033000 08:01 669010                     /home/valnyz/.m2/repository/org/bytedeco/javacpp-presets/ffmpeg/3.2.1-1.3/ffmpeg-3.2.1-1.3.jar
7f12019c8000-7f12019cc000 r--s 00058000 08:01 535568                     /home/valnyz/.m2/repository/org/bytedeco/javacv/1.3/javacv-1.3.jar
7f12019cc000-7f12019ce000 r--s 0000b000 08:01 669008                     /home/valnyz/.m2/repository/com/twelvemonkeys/imageio/imageio-bmp/3.1.1/imageio-bmp-3.1.1.jar
7f12019ce000-7f12019d0000 r--s 0000f000 08:01 669006                     /home/valnyz/.m2/repository/com/twelvemonkeys/imageio/imageio-psd/3.1.1/imageio-psd-3.1.1.jar
7f12019d0000-7f12019d2000 r--s 0000e000 08:01 669004                     /home/valnyz/.m2/repository/com/twelvemonkeys/imageio/imageio-tiff/3.1.1/imageio-tiff-3.1.1.jar
7f12019d2000-7f12019d5000 r--s 00012000 08:01 669002                     /home/valnyz/.m2/repository/com/twelvemonkeys/common/common-image/3.1.1/common-image-3.1.1.jar
7f12019d5000-7f12019d7000 r--s 00014000 08:01 669000                     /home/valnyz/.m2/repository/com/twelvemonkeys/common/common-io/3.1.1/common-io-3.1.1.jar
7f12019d7000-7f12019da000 r--s 0001a000 08:01 668998                     /home/valnyz/.m2/repository/com/twelvemonkeys/common/common-lang/3.1.1/common-lang-3.1.1.jar
7f12019da000-7f12019dd000 r--s 0000e000 08:01 668996                     /home/valnyz/.m2/repository/com/twelvemonkeys/imageio/imageio-metadata/3.1.1/imageio-metadata-3.1.1.jar
7f12019dd000-7f12019e0000 r--s 0000c000 08:01 668994                     /home/valnyz/.m2/repository/com/twelvemonkeys/imageio/imageio-core/3.1.1/imageio-core-3.1.1.jar
7f12019e0000-7f12019e2000 r--s 0000d000 08:01 668992                     /home/valnyz/.m2/repository/com/twelvemonkeys/imageio/imageio-jpeg/3.1.1/imageio-jpeg-3.1.1.jar
7f12019e2000-7f12019ed000 r--s 00088000 08:01 535564                     /home/valnyz/.m2/repository/com/github/jai-imageio/jai-imageio-core/1.3.0/jai-imageio-core-1.3.0.jar
7f12019ed000-7f12019ef000 r--s 0000f000 08:01 535562                     /home/valnyz/.m2/repository/org/datavec/datavec-data-image/0.7.2/datavec-data-image-0.7.2.jar
7f12019ef000-7f1201a07000 r--s 00132000 08:01 535560                     /home/valnyz/.m2/repository/org/freemarker/freemarker/2.3.23/freemarker-2.3.23.jar
7f1201a07000-7f1201a14000 r--s 0008a000 08:01 535558                     /home/valnyz/.m2/repository/org/datavec/datavec-api/0.7.2/datavec-api-0.7.2.jar
7f1201a14000-7f1201a16000 r--s 00001000 08:01 535556                     /home/valnyz/.m2/repository/org/datavec/datavec-nd4j-common/0.7.2/datavec-nd4j-common-0.7.2.jar
7f1201a16000-7f1201a2b000 r--s 00141000 08:01 535554                     /home/valnyz/.m2/repository/org/projectlombok/lombok/1.16.10/lombok-1.16.10.jar
7f1201a2b000-7f1201a2c000 r--s 0000f000 08:01 535552                     /home/valnyz/.m2/repository/org/json/json/20131018/json-20131018.jar
7f1201a2c000-7f1201a3c000 r--s 0007d000 08:01 535550                     /home/valnyz/.m2/repository/joda-time/joda-time/2.2/joda-time-2.2.jar
7f1201a3c000-7f1201a40000 r--s 00024000 08:01 292938                     /home/valnyz/.m2/repository/org/codehaus/woodstox/stax2-api/3.1.4/stax2-api-3.1.4.jar
7f1201a40000-7f1201a47000 r--s 0003c000 08:01 535548                     /home/valnyz/.m2/repository/org/yaml/snakeyaml/1.12/snakeyaml-1.12.jar
7f1201a47000-7f1201a67000 r--s 001ac000 08:01 535546                     /home/valnyz/.m2/repository/org/nd4j/jackson/0.7.2/jackson-0.7.2.jar
7f1201a67000-7f1201a6e000 r--s 0005e000 08:01 292945                     /home/valnyz/.m2/repository/org/apache/commons/commons-lang3/3.3.1/commons-lang3-3.3.1.jar
7f1201a6e000-7f1201a71000 r--s 00006000 08:01 535532                     /home/valnyz/.m2/repository/com/google/code/findbugs/jsr305/1.3.9/jsr305-1.3.9.jar
7f1201a71000-7f1201a91000 r--s 00173000 08:01 535530                     /home/valnyz/.m2/repository/com/google/guava/guava/11.0/guava-11.0.jar
7f1201a91000-7f1201a95000 r--s 00015000 08:01 535528                     /home/valnyz/.m2/repository/org/tukaani/xz/1.5/xz-1.5.jar
7f1201a95000-7f1201a9c000 r--s 00053000 08:01 292933                     /home/valnyz/.m2/repository/org/apache/commons/commons-compress/1.8/commons-compress-1.8.jar
7f1201a9c000-7f1201aa0000 r--s 0002a000 08:01 430759                     /home/valnyz/.m2/repository/commons-io/commons-io/2.4/commons-io-2.4.jar
7f1201aa0000-7f1201ac4000 r--s 001cd000 08:01 291964                     /home/valnyz/.m2/repository/org/apache/commons/commons-math3/3.4.1/commons-math3-3.4.1.jar
7f1201ac4000-7f1201ad1000 r--s 000b6000 08:01 535526                     /home/valnyz/.m2/repository/org/deeplearning4j/deeplearning4j-nn/0.7.2/deeplearning4j-nn-0.7.2.jar
7f1201ad1000-7f1201ad6000 r--s 0002a000 08:01 535522                     /home/valnyz/.m2/repository/org/deeplearning4j/deeplearning4j-core/0.7.2/deeplearning4j-core-0.7.2.jar
7f1201ad6000-7f1201adb000 r--s 00041000 08:01 669157                     /home/valnyz/.m2/repository/commons-lang/commons-lang/2.6/commons-lang-2.6.jar
7f1201adb000-7f1201adf000 r--s 0000f000 08:01 430814                     /home/valnyz/.m2/repository/com/google/code/findbugs/annotations/2.0.1/annotations-2.0.1.jar
7f1201adf000-7f1201ae8000 r--s 000ae000 08:01 535542                     /home/valnyz/.m2/repository/org/javassist/javassist/3.19.0-GA/javassist-3.19.0-GA.jar
7f1201ae8000-7f1201aeb000 r--s 0001d000 08:01 535540                     /home/valnyz/.m2/repository/org/reflections/reflections/0.9.10/reflections-0.9.10.jar
7f1201aeb000-7f1201aee000 r--s 0001d000 08:01 535538                     /home/valnyz/.m2/repository/org/nd4j/nd4j-common/0.7.2/nd4j-common-0.7.2.jar
7f1201aee000-7f1201af5000 r--s 0003a000 08:01 669155                     /home/valnyz/.m2/repository/commons-codec/commons-codec/1.8/commons-codec-1.8.jar
7f1201af5000-7f1201afe000 r--s 004ea000 08:01 535603                     /home/valnyz/.m2/repository/org/deeplearning4j/deeplearning4j-nlp/0.7.2/deeplearning4j-nlp-0.7.2.jar
7f1201afe000-7f1201b26000 r--s 00241000 08:01 792764                     /home/valnyz/git/AutomaticSummarization/lib/trove-3.0.3.jar
7f1201b26000-7f1201b76000 r--s 00728000 08:01 815405                     /home/valnyz/Documents/AutomaticSummarization/automaticSummarization_lib/stanford-corenlp-3.7.0.jar
7f1201b76000-7f1201b91000 r--s 001d7000 08:01 925334                     /usr/lib/jvm/java-8-openjdk-amd64/jre/lib/ext/nashorn.jar
7f1201b91000-7f1201bad000 r--s 00393000 08:01 925329                     /usr/lib/jvm/java-8-openjdk-amd64/jre/lib/ext/cldrdata.jar
7f1201bad000-7f1201bae000 ---p 00000000 00:00 0 
7f1201bae000-7f1201cae000 rw-p 00000000 00:00 0 
7f1201cae000-7f1201cb1000 ---p 00000000 00:00 0 
7f1201cb1000-7f1201daf000 rw-p 00000000 00:00 0 
7f1201daf000-7f1201db2000 ---p 00000000 00:00 0 
7f1201db2000-7f1201eb0000 rw-p 00000000 00:00 0 
7f1201eb0000-7f1201eb3000 ---p 00000000 00:00 0 
7f1201eb3000-7f1201fb1000 rw-p 00000000 00:00 0 
7f1201fb1000-7f1201fb4000 ---p 00000000 00:00 0 
7f1201fb4000-7f12020b2000 rw-p 00000000 00:00 0 
7f12020b2000-7f120238f000 r--p 00000000 08:01 926997                     /usr/lib/locale/locale-archive
7f120238f000-7f1202392000 ---p 00000000 00:00 0 
7f1202392000-7f1202490000 rw-p 00000000 00:00 0 
7f1202490000-7f1202493000 ---p 00000000 00:00 0 
7f1202493000-7f1202591000 rw-p 00000000 00:00 0 
7f1202591000-7f1202592000 ---p 00000000 00:00 0 
7f1202592000-7f1207c53000 rw-p 00000000 00:00 0 
7f1207c53000-7f1207c54000 ---p 00000000 00:00 0 
7f1207c54000-7f1207eaa000 rw-p 00000000 00:00 0 
7f1207eaa000-7f1207fff000 ---p 00000000 00:00 0 
7f1207fff000-7f1208155000 rw-p 00000000 00:00 0 
7f1208155000-7f12082a9000 ---p 00000000 00:00 0 
7f12082a9000-7f1208355000 rw-p 00000000 00:00 0 
7f1208355000-7f12083ff000 ---p 00000000 00:00 0 
7f12083ff000-7f120841c000 rw-p 00000000 00:00 0 
7f120841c000-7f12087c0000 ---p 00000000 00:00 0 
7f12087c0000-7f1208eb0000 rwxp 00000000 00:00 0 
7f1208eb0000-7f12177c0000 ---p 00000000 00:00 0 
7f12177c0000-7f12177c8000 r-xp 00000000 08:01 925318                     /usr/lib/jvm/java-8-openjdk-amd64/jre/lib/amd64/libzip.so
7f12177c8000-7f12179c7000 ---p 00008000 08:01 925318                     /usr/lib/jvm/java-8-openjdk-amd64/jre/lib/amd64/libzip.so
7f12179c7000-7f12179c8000 r--p 00007000 08:01 925318                     /usr/lib/jvm/java-8-openjdk-amd64/jre/lib/amd64/libzip.so
7f12179c8000-7f12179c9000 rw-p 00008000 08:01 925318                     /usr/lib/jvm/java-8-openjdk-amd64/jre/lib/amd64/libzip.so
7f12179c9000-7f12179d4000 r-xp 00000000 08:01 430353                     /lib/x86_64-linux-gnu/libnss_files-2.23.so
7f12179d4000-7f1217bd3000 ---p 0000b000 08:01 430353                     /lib/x86_64-linux-gnu/libnss_files-2.23.so
7f1217bd3000-7f1217bd4000 r--p 0000a000 08:01 430353                     /lib/x86_64-linux-gnu/libnss_files-2.23.so
7f1217bd4000-7f1217bd5000 rw-p 0000b000 08:01 430353                     /lib/x86_64-linux-gnu/libnss_files-2.23.so
7f1217bd5000-7f1217bdb000 rw-p 00000000 00:00 0 
7f1217bdb000-7f1217be6000 r-xp 00000000 08:01 430337                     /lib/x86_64-linux-gnu/libnss_nis-2.23.so
7f1217be6000-7f1217de5000 ---p 0000b000 08:01 430337                     /lib/x86_64-linux-gnu/libnss_nis-2.23.so
7f1217de5000-7f1217de6000 r--p 0000a000 08:01 430337                     /lib/x86_64-linux-gnu/libnss_nis-2.23.so
7f1217de6000-7f1217de7000 rw-p 0000b000 08:01 430337                     /lib/x86_64-linux-gnu/libnss_nis-2.23.so
7f1217de7000-7f1217dfd000 r-xp 00000000 08:01 430349                     /lib/x86_64-linux-gnu/libnsl-2.23.so
7f1217dfd000-7f1217ffc000 ---p 00016000 08:01 430349                     /lib/x86_64-linux-gnu/libnsl-2.23.so
7f1217ffc000-7f1217ffd000 r--p 00015000 08:01 430349                     /lib/x86_64-linux-gnu/libnsl-2.23.so
7f1217ffd000-7f1217ffe000 rw-p 00016000 08:01 430349                     /lib/x86_64-linux-gnu/libnsl-2.23.so
7f1217ffe000-7f1218000000 rw-p 00000000 00:00 0 
7f1218000000-7f1218c5b000 rw-p 00000000 00:00 0 
7f1218c5b000-7f121c000000 ---p 00000000 00:00 0 
7f121c000000-7f121c001000 r--s 00007000 08:01 535524                     /home/valnyz/.m2/repository/org/slf4j/slf4j-api/1.7.12/slf4j-api-1.7.12.jar
7f121c001000-7f121c003000 r--s 0000d000 08:01 535536                     /home/valnyz/.m2/repository/org/nd4j/nd4j-buffer/0.7.2/nd4j-buffer-0.7.2.jar
7f121c003000-7f121c004000 r--s 00008000 08:01 669079                     /home/valnyz/.m2/repository/org/nd4j/nd4j-native-api/0.7.2/nd4j-native-api-0.7.2.jar
7f121c004000-7f121c005000 r--s 00035000 08:01 294338                     /home/valnyz/.m2/repository/org/apache/directory/studio/org.apache.commons.codec/1.8/org.apache.commons.codec-1.8.jar
7f121c005000-7f121c006000 r--s 00000000 08:01 791823                     /home/valnyz/git/AutomaticSummarization/lib/GrammaticalWords.jar
7f121c006000-7f121c007000 r--s 00000000 08:01 792643                     /home/valnyz/git/AutomaticSummarization/lib/ReaderWriter.jar
7f121c007000-7f121c00d000 r--s 15956000 08:01 815406                     /home/valnyz/Documents/AutomaticSummarization/automaticSummarization_lib/stanford-corenlp-3.7.0-models.jar
7f121c00d000-7f121c00e000 ---p 00000000 00:00 0 
7f121c00e000-7f121c10e000 rw-p 00000000 00:00 0 
7f121c10e000-7f121c116000 r-xp 00000000 08:01 430350                     /lib/x86_64-linux-gnu/libnss_compat-2.23.so
7f121c116000-7f121c315000 ---p 00008000 08:01 430350                     /lib/x86_64-linux-gnu/libnss_compat-2.23.so
7f121c315000-7f121c316000 r--p 00007000 08:01 430350                     /lib/x86_64-linux-gnu/libnss_compat-2.23.so
7f121c316000-7f121c317000 rw-p 00008000 08:01 430350                     /lib/x86_64-linux-gnu/libnss_compat-2.23.so
7f121c317000-7f121c344000 r-xp 00000000 08:01 925297                     /usr/lib/jvm/java-8-openjdk-amd64/jre/lib/amd64/libjava.so
7f121c344000-7f121c543000 ---p 0002d000 08:01 925297                     /usr/lib/jvm/java-8-openjdk-amd64/jre/lib/amd64/libjava.so
7f121c543000-7f121c544000 r--p 0002c000 08:01 925297                     /usr/lib/jvm/java-8-openjdk-amd64/jre/lib/amd64/libjava.so
7f121c544000-7f121c546000 rw-p 0002d000 08:01 925297                     /usr/lib/jvm/java-8-openjdk-amd64/jre/lib/amd64/libjava.so
7f121c546000-7f121c555000 r-xp 00000000 08:01 925317                     /usr/lib/jvm/java-8-openjdk-amd64/jre/lib/amd64/libverify.so
7f121c555000-7f121c754000 ---p 0000f000 08:01 925317                     /usr/lib/jvm/java-8-openjdk-amd64/jre/lib/amd64/libverify.so
7f121c754000-7f121c756000 r--p 0000e000 08:01 925317                     /usr/lib/jvm/java-8-openjdk-amd64/jre/lib/amd64/libverify.so
7f121c756000-7f121c757000 rw-p 00010000 08:01 925317                     /usr/lib/jvm/java-8-openjdk-amd64/jre/lib/amd64/libverify.so
7f121c757000-7f121c75e000 r-xp 00000000 08:01 430336                     /lib/x86_64-linux-gnu/librt-2.23.so
7f121c75e000-7f121c95d000 ---p 00007000 08:01 430336                     /lib/x86_64-linux-gnu/librt-2.23.so
7f121c95d000-7f121c95e000 r--p 00006000 08:01 430336                     /lib/x86_64-linux-gnu/librt-2.23.so
7f121c95e000-7f121c95f000 rw-p 00007000 08:01 430336                     /lib/x86_64-linux-gnu/librt-2.23.so
7f121c95f000-7f121c975000 r-xp 00000000 08:01 398682                     /lib/x86_64-linux-gnu/libgcc_s.so.1
7f121c975000-7f121cb74000 ---p 00016000 08:01 398682                     /lib/x86_64-linux-gnu/libgcc_s.so.1
7f121cb74000-7f121cb75000 rw-p 00015000 08:01 398682                     /lib/x86_64-linux-gnu/libgcc_s.so.1
7f121cb75000-7f121cc7d000 r-xp 00000000 08:01 430347                     /lib/x86_64-linux-gnu/libm-2.23.so
7f121cc7d000-7f121ce7c000 ---p 00108000 08:01 430347                     /lib/x86_64-linux-gnu/libm-2.23.so
7f121ce7c000-7f121ce7d000 r--p 00107000 08:01 430347                     /lib/x86_64-linux-gnu/libm-2.23.so
7f121ce7d000-7f121ce7e000 rw-p 00108000 08:01 430347                     /lib/x86_64-linux-gnu/libm-2.23.so
7f121ce7e000-7f121cff0000 r-xp 00000000 08:01 921553                     /usr/lib/x86_64-linux-gnu/libstdc++.so.6.0.21
7f121cff0000-7f121d1f0000 ---p 00172000 08:01 921553                     /usr/lib/x86_64-linux-gnu/libstdc++.so.6.0.21
7f121d1f0000-7f121d1fa000 r--p 00172000 08:01 921553                     /usr/lib/x86_64-linux-gnu/libstdc++.so.6.0.21
7f121d1fa000-7f121d1fc000 rw-p 0017c000 08:01 921553                     /usr/lib/x86_64-linux-gnu/libstdc++.so.6.0.21
7f121d1fc000-7f121d200000 rw-p 00000000 00:00 0 
7f121d200000-7f121de44000 r-xp 00000000 08:01 925323                     /usr/lib/jvm/java-8-openjdk-amd64/jre/lib/amd64/server/libjvm.so
7f121de44000-7f121e043000 ---p 00c44000 08:01 925323                     /usr/lib/jvm/java-8-openjdk-amd64/jre/lib/amd64/server/libjvm.so
7f121e043000-7f121e0d6000 r--p 00c43000 08:01 925323                     /usr/lib/jvm/java-8-openjdk-amd64/jre/lib/amd64/server/libjvm.so
7f121e0d6000-7f121e0fe000 rw-p 00cd6000 08:01 925323                     /usr/lib/jvm/java-8-openjdk-amd64/jre/lib/amd64/server/libjvm.so
7f121e0fe000-7f121e12d000 rw-p 00000000 00:00 0 
7f121e12d000-7f121e145000 r-xp 00000000 08:01 430348                     /lib/x86_64-linux-gnu/libpthread-2.23.so
7f121e145000-7f121e344000 ---p 00018000 08:01 430348                     /lib/x86_64-linux-gnu/libpthread-2.23.so
7f121e344000-7f121e345000 r--p 00017000 08:01 430348                     /lib/x86_64-linux-gnu/libpthread-2.23.so
7f121e345000-7f121e346000 rw-p 00018000 08:01 430348                     /lib/x86_64-linux-gnu/libpthread-2.23.so
7f121e346000-7f121e34a000 rw-p 00000000 00:00 0 
7f121e34a000-7f121e34d000 r-xp 00000000 08:01 430340                     /lib/x86_64-linux-gnu/libdl-2.23.so
7f121e34d000-7f121e54c000 ---p 00003000 08:01 430340                     /lib/x86_64-linux-gnu/libdl-2.23.so
7f121e54c000-7f121e54d000 r--p 00002000 08:01 430340                     /lib/x86_64-linux-gnu/libdl-2.23.so
7f121e54d000-7f121e54e000 rw-p 00003000 08:01 430340                     /lib/x86_64-linux-gnu/libdl-2.23.so
7f121e54e000-7f121e567000 r-xp 00000000 08:01 398835                     /lib/x86_64-linux-gnu/libz.so.1.2.8
7f121e567000-7f121e766000 ---p 00019000 08:01 398835                     /lib/x86_64-linux-gnu/libz.so.1.2.8
7f121e766000-7f121e767000 r--p 00018000 08:01 398835                     /lib/x86_64-linux-gnu/libz.so.1.2.8
7f121e767000-7f121e768000 rw-p 00019000 08:01 398835                     /lib/x86_64-linux-gnu/libz.so.1.2.8
7f121e768000-7f121e927000 r-xp 00000000 08:01 430342                     /lib/x86_64-linux-gnu/libc-2.23.so
7f121e927000-7f121eb27000 ---p 001bf000 08:01 430342                     /lib/x86_64-linux-gnu/libc-2.23.so
7f121eb27000-7f121eb2b000 r--p 001bf000 08:01 430342                     /lib/x86_64-linux-gnu/libc-2.23.so
7f121eb2b000-7f121eb2d000 rw-p 001c3000 08:01 430342                     /lib/x86_64-linux-gnu/libc-2.23.so
7f121eb2d000-7f121eb31000 rw-p 00000000 00:00 0 
7f121eb31000-7f121eb3e000 r-xp 00000000 08:01 925319                     /usr/lib/jvm/java-8-openjdk-amd64/jre/lib/amd64/jli/libjli.so
7f121eb3e000-7f121ed3e000 ---p 0000d000 08:01 925319                     /usr/lib/jvm/java-8-openjdk-amd64/jre/lib/amd64/jli/libjli.so
7f121ed3e000-7f121ed3f000 r--p 0000d000 08:01 925319                     /usr/lib/jvm/java-8-openjdk-amd64/jre/lib/amd64/jli/libjli.so
7f121ed3f000-7f121ed40000 rw-p 0000e000 08:01 925319                     /usr/lib/jvm/java-8-openjdk-amd64/jre/lib/amd64/jli/libjli.so
7f121ed40000-7f121ed66000 r-xp 00000000 08:01 430330                     /lib/x86_64-linux-gnu/ld-2.23.so
7f121ed66000-7f121ed67000 r--s 00238000 08:01 815116                     /home/valnyz/git/AutomaticSummarization/lib/ModifiedJGibbLabeledLDA.jar
7f121ed67000-7f121ed68000 r--s 00010000 08:01 925338                     /usr/lib/jvm/java-8-openjdk-amd64/jre/lib/ext/zipfs.jar
7f121ed68000-7f121ed6a000 r--s 00001000 08:01 925330                     /usr/lib/jvm/java-8-openjdk-amd64/jre/lib/ext/dnsns.jar
7f121ed6a000-7f121ed6b000 r--s 0000a000 08:01 925332                     /usr/lib/jvm/java-8-openjdk-amd64/jre/lib/ext/jaccess.jar
7f121ed6b000-7f121ee37000 rw-p 00000000 00:00 0 
7f121ee37000-7f121ee3a000 ---p 00000000 00:00 0 
7f121ee3a000-7f121ef3d000 rw-p 00000000 00:00 0 
7f121ef3d000-7f121ef43000 r--s 0003a000 08:01 925336                     /usr/lib/jvm/java-8-openjdk-amd64/jre/lib/ext/sunjce_provider.jar
7f121ef43000-7f121ef46000 r--s 0000f000 08:01 925331                     /usr/lib/jvm/java-8-openjdk-amd64/jre/lib/ext/icedtea-sound.jar
7f121ef46000-7f121ef50000 r--s 00116000 08:01 925333                     /usr/lib/jvm/java-8-openjdk-amd64/jre/lib/ext/localedata.jar
7f121ef50000-7f121ef51000 r--s 00008000 08:01 925335                     /usr/lib/jvm/java-8-openjdk-amd64/jre/lib/ext/sunec.jar
7f121ef51000-7f121ef55000 r--s 00037000 08:01 925337                     /usr/lib/jvm/java-8-openjdk-amd64/jre/lib/ext/sunpkcs11.jar
7f121ef55000-7f121ef5d000 rw-s 00000000 08:01 941690                     /tmp/hsperfdata_valnyz/9528
7f121ef5d000-7f121ef5e000 rw-p 00000000 00:00 0 
7f121ef5e000-7f121ef5f000 r--p 00000000 00:00 0 
7f121ef5f000-7f121ef61000 rw-p 00000000 00:00 0 
7f121ef61000-7f121ef63000 r--p 00000000 00:00 0                          [vvar]
7f121ef63000-7f121ef65000 r-xp 00000000 00:00 0                          [vdso]
7f121ef65000-7f121ef66000 r--p 00025000 08:01 430330                     /lib/x86_64-linux-gnu/ld-2.23.so
7f121ef66000-7f121ef67000 rw-p 00026000 08:01 430330                     /lib/x86_64-linux-gnu/ld-2.23.so
7f121ef67000-7f121ef68000 rw-p 00000000 00:00 0 
7ffd553d9000-7ffd553fc000 rw-p 00000000 00:00 0                          [stack]
ffffffffff600000-ffffffffff601000 r-xp 00000000 00:00 0                  [vsyscall]

VM Arguments:
jvm_args: -Xms1024m -Xmx2g -XX:MaxMetaspaceSize=2g -Dfile.encoding=UTF-8 
java_command: Start -conf conf/config_Word2Vec_MMR_TAC2008.xml
java_class_path (initial): /home/valnyz/git/AutomaticSummarization/target/classes:/home/valnyz/Documents/AutomaticSummarization/automaticSummarization_lib/stanford-corenlp-3.7.0.jar:/home/valnyz/Documents/AutomaticSummarization/automaticSummarization_lib/stanford-corenlp-3.7.0-models.jar:/home/valnyz/git/AutomaticSummarization/lib/ModifiedJGibbLabeledLDA.jar:/home/valnyz/git/AutomaticSummarization/lib/ReaderWriter.jar:/home/valnyz/git/AutomaticSummarization/lib/GrammaticalWords.jar:/home/valnyz/git/AutomaticSummarization/lib/trove-3.0.3.jar:/home/valnyz/.m2/repository/org/deeplearning4j/deeplearning4j-nlp/0.7.2/deeplearning4j-nlp-0.7.2.jar:/home/valnyz/.m2/repository/org/apache/directory/studio/org.apache.commons.codec/1.8/org.apache.commons.codec-1.8.jar:/home/valnyz/.m2/repository/commons-codec/commons-codec/1.8/commons-codec-1.8.jar:/home/valnyz/.m2/repository/org/nd4j/nd4j-native-api/0.7.2/nd4j-native-api-0.7.2.jar:/home/valnyz/.m2/repository/org/nd4j/nd4j-buffer/0.7.2/nd4j-buffer-0.7.2.jar:/home/valnyz/.m2/repository/org/nd4j/nd4j-common/0.7.2/nd4j-common-0.7.2.jar:/home/valnyz/.m2/repository/org/reflections/reflections/0.9.10/reflections-0.9.10.jar:/home/valnyz/.m2/repository/org/javassist/javassist/3.19.0-GA/javassist-3.19.0-GA.jar:/home/valnyz/.m2/repository/com/google/code/findbugs/annotations/2.0.1/annotations-2.0.1.jar:/home/valnyz/.m2/repository/commons-lang/commons-lang/2.6/commons-lang-2.6.jar:/home/valnyz/.m2/repository/org/deeplearning4j/deeplearning4j-core/0.7.2/deeplearning4j-core-0.7.2.jar:/home/valnyz/.m2/repository/org/slf4j/slf4j-api/1.7.12/slf4j-api-1.7.12.jar:/home/valnyz/.m2/repository/org/deeplearning4j/deeplearning4j-nn/0.7.2/deeplearning4j-nn-0.7.2.jar:/home/valnyz/.m2/repository/org/apache/commons/commons-math3/3.4.1/commons-math3-3.4.1.jar:/home/valnyz/.m2/repository/commons-io/commons-io/2.4/commons-io-2.4.jar:/home/valnyz/.m2/repository/org/apache/commons/commons-compress/1.8/commons-compress-1.8.jar:/home/valnyz/.m2/repository/org/
Launcher Type: SUN_STANDARD

Environment Variables:
PATH=/usr/local/sbin:/usr/local/bin:/usr/sbin:/usr/bin:/sbin:/bin:/usr/games:/usr/local/games
USERNAME=valnyz
SHELL=/bin/bash
DISPLAY=:0

Signal Handlers:
SIGSEGV: [libjvm.so+0xa5c320], sa_mask[0]=11111111011111111101111111111110, sa_flags=SA_RESTART|SA_SIGINFO
SIGBUS: [libjvm.so+0xa5c320], sa_mask[0]=11111111011111111101111111111110, sa_flags=SA_RESTART|SA_SIGINFO
SIGFPE: [libjvm.so+0x8a83d0], sa_mask[0]=11111111011111111101111111111110, sa_flags=SA_RESTART|SA_SIGINFO
SIGPIPE: [libjvm.so+0x8a83d0], sa_mask[0]=11111111011111111101111111111110, sa_flags=SA_RESTART|SA_SIGINFO
SIGXFSZ: [libjvm.so+0x8a83d0], sa_mask[0]=11111111011111111101111111111110, sa_flags=SA_RESTART|SA_SIGINFO
SIGILL: [libjvm.so+0x8a83d0], sa_mask[0]=11111111011111111101111111111110, sa_flags=SA_RESTART|SA_SIGINFO
SIGUSR1: SIG_DFL, sa_mask[0]=00000000000000000000000000000000, sa_flags=none
SIGUSR2: [libjvm.so+0x8a8280], sa_mask[0]=00100000000000000000000000000000, sa_flags=SA_RESTART|SA_SIGINFO
SIGHUP: [libjvm.so+0x8a8750], sa_mask[0]=11111111011111111101111111111110, sa_flags=SA_RESTART|SA_SIGINFO
SIGINT: [libjvm.so+0x8a8750], sa_mask[0]=11111111011111111101111111111110, sa_flags=SA_RESTART|SA_SIGINFO
SIGTERM: [libjvm.so+0x8a8750], sa_mask[0]=11111111011111111101111111111110, sa_flags=SA_RESTART|SA_SIGINFO
SIGQUIT: [libjvm.so+0x8a8750], sa_mask[0]=11111111011111111101111111111110, sa_flags=SA_RESTART|SA_SIGINFO


---------------  S Y S T E M  ---------------

OS:DISTRIB_ID=LinuxMint
DISTRIB_RELEASE=18
DISTRIB_CODENAME=sarah
DISTRIB_DESCRIPTION="Linux Mint 18 Sarah"

uname:Linux 4.4.0-21-generic #37-Ubuntu SMP Mon Apr 18 18:33:37 UTC 2016 x86_64
libc:glibc 2.23 NPTL 2.23 
rlimit: STACK 8192k, CORE 0k, NPROC 15646, NOFILE 65536, AS infinity
load average:2,32 2,07 1,96

/proc/meminfo:
MemTotal:        4046712 kB
MemFree:         1141340 kB
MemAvailable:    2073568 kB
Buffers:          118768 kB
Cached:           764084 kB
SwapCached:            0 kB
Active:          2224288 kB
Inactive:         498436 kB
Active(anon):    1840816 kB
Inactive(anon):    22920 kB
Active(file):     383472 kB
Inactive(file):   475516 kB
Unevictable:          16 kB
Mlocked:              16 kB
SwapTotal:       1046524 kB
SwapFree:        1046524 kB
Dirty:              6036 kB
Writeback:             0 kB
AnonPages:       1839884 kB
Mapped:           303292 kB
Shmem:             23868 kB
Slab:             123960 kB
SReclaimable:     102976 kB
SUnreclaim:        20984 kB
KernelStack:        7488 kB
PageTables:        23572 kB
NFS_Unstable:          0 kB
Bounce:                0 kB
WritebackTmp:          0 kB
CommitLimit:     3069880 kB
Committed_AS:    4370696 kB
VmallocTotal:   34359738367 kB
VmallocUsed:           0 kB
VmallocChunk:          0 kB
HardwareCorrupted:     0 kB
AnonHugePages:   1366016 kB
CmaTotal:              0 kB
CmaFree:               0 kB
HugePages_Total:       0
HugePages_Free:        0
HugePages_Rsvd:        0
HugePages_Surp:        0
Hugepagesize:       2048 kB
DirectMap4k:       92096 kB
DirectMap2M:     4102144 kB


CPU:total 2 (2 cores per cpu, 1 threads per core) family 6 model 60 stepping 3, cmov, cx8, fxsr, mmx, sse, sse2, sse3, ssse3, sse4.1, sse4.2, popcnt, avx, aes, clmul, lzcnt, tsc, tscinvbit

/proc/cpuinfo:
processor	: 0
vendor_id	: GenuineIntel
cpu family	: 6
model		: 60
model name	: Intel(R) Core(TM) i5-4210H CPU @ 2.90GHz
stepping	: 3
cpu MHz		: 2893.318
cache size	: 3072 KB
physical id	: 0
siblings	: 2
core id		: 0
cpu cores	: 2
apicid		: 0
initial apicid	: 0
fpu		: yes
fpu_exception	: yes
cpuid level	: 13
wp		: yes
flags		: fpu vme de pse tsc msr pae mce cx8 apic sep mtrr pge mca cmov pat pse36 clflush mmx fxsr sse sse2 ht syscall nx rdtscp lm constant_tsc rep_good nopl xtopology nonstop_tsc pni pclmulqdq ssse3 cx16 sse4_1 sse4_2 movbe popcnt aes xsave avx rdrand hypervisor lahf_lm abm
bugs		:
bogomips	: 5786.63
clflush size	: 64
cache_alignment	: 64
address sizes	: 39 bits physical, 48 bits virtual
power management:

processor	: 1
vendor_id	: GenuineIntel
cpu family	: 6
model		: 60
model name	: Intel(R) Core(TM) i5-4210H CPU @ 2.90GHz
stepping	: 3
cpu MHz		: 2893.318
cache size	: 3072 KB
physical id	: 0
siblings	: 2
core id		: 1
cpu cores	: 2
apicid		: 1
initial apicid	: 1
fpu		: yes
fpu_exception	: yes
cpuid level	: 13
wp		: yes
flags		: fpu vme de pse tsc msr pae mce cx8 apic sep mtrr pge mca cmov pat pse36 clflush mmx fxsr sse sse2 ht syscall nx rdtscp lm constant_tsc rep_good nopl xtopology nonstop_tsc pni pclmulqdq ssse3 cx16 sse4_1 sse4_2 movbe popcnt aes xsave avx rdrand hypervisor lahf_lm abm
bugs		:
bogomips	: 5786.63
clflush size	: 64
cache_alignment	: 64
address sizes	: 39 bits physical, 48 bits virtual
power management:



Memory: 4k page, physical 4046712k(1141340k free), swap 1046524k(1046524k free)

vm_info: OpenJDK 64-Bit Server VM (25.03-b03) for linux-amd64 JRE (1.8.0_03-Ubuntu-8u77-b03-3ubuntu3-b03), built on Apr 13 2016 19:16:47 by "buildd" with gcc 5.3.1 20160413

time: Mon Apr 10 19:06:06 2017
elapsed time: 32 seconds (0d 0h 0m 32s)

