#
# A fatal error has been detected by the Java Runtime Environment:
#
#  SIGSEGV (0xb) at pc=0x00007f2500bd66c4, pid=10871, tid=139795670963968
#
# JRE version: OpenJDK Runtime Environment (8.0_03-b03) (build 1.8.0_03-Ubuntu-8u77-b03-3ubuntu3-b03)
# Java VM: OpenJDK 64-Bit Server VM (25.03-b03 mixed mode linux-amd64 compressed oops)
# Problematic frame:
# C  [libnd4jcpu.so+0x10c6c4]  NativeOps::execAggregateFloat(void**, int, float**, int, int**, int, int*, int, int**, int, float*, int)+0xf64
#
# Failed to write core dump. Core dumps have been disabled. To enable core dumping, try "ulimit -c unlimited" before starting Java again
#
# If you would like to submit a bug report, please visit:
#   http://bugreport.java.com/bugreport/crash.jsp
#

---------------  T H R E A D  ---------------

Current thread is native thread

siginfo: si_signo: 11 (SIGSEGV), si_code: 2 (SEGV_ACCERR), si_addr: 0x00007f25195a5410

Registers:
RAX=0x00007f25195a5410, RBX=0x000000000000012c, RCX=0x00007f251890dec0, RDX=0x00007f251890dec0
RSP=0x00007f24b74f0c60, RBP=0x00000000000004b0, RSI=0x00007f25195a5410, RDI=0x0000000000000000
R8 =0x00007f2518a21640, R9 =0x0000000000000000, R10=0x0000000000000000, R11=0x0000000000000001
R12=0x0000000000000001, R13=0x00000000000004b8, R14=0xffffffff00000000, R15=0x00000000000004b4
RIP=0x00007f2500bd66c4, EFLAGS=0x0000000000010246, CSGSFS=0x0000000000000033, ERR=0x0000000000000004
  TRAPNO=0x000000000000000e

Top of Stack: (sp=0x00007f24b74f0c60)
0x00007f24b74f0c60:   00007f24e0000a40 00007f251ef0d8f6
0x00007f24b74f0c70:   0000000000000000 0000000000000000
0x00007f24b74f0c80:   00007f2400000048 00007f250000012c
0x00007f24b74f0c90:   00007f2518a211c0 0000000000000000
0x00007f24b74f0ca0:   000000000000000b 00007f251890e370
0x00007f24b74f0cb0:   000000000000012d 000000000000012e
0x00007f24b74f0cc0:   00000000002e1094 0000000000000000
0x00007f24b74f0cd0:   0000000000002753 0000004600000178
0x00007f24b74f0ce0:   74616f6c00000000 0000000000005500
0x00007f24b74f0cf0:   0000000000000000 00007f24d800ae80
0x00007f24b74f0d00:   00007f24d800af20 00000000000186a0
0x00007f24b74f0d10:   0000004b00000000 00007f24e0000a50
0x00007f24b74f0d20:   0074616f00000000 00007f2518ac10b0
0x00007f24b74f0d30:   0000000000000048 000000000000004b
0x00007f24b74f0d40:   bcfbcad20000012c bd207504bcb6c29e
0x00007f24b74f0d50:   000000000000012c 0000000000000000
0x00007f24b74f0d60:   000000c00000012c 0000012b0000012b
0x00007f24b74f0d70:   00007f24e0000a50 0000000000000000
0x00007f24b74f0d80:   000000000000012c 000000000000012c
0x00007f24b74f0d90:   0000000000000000 ffffffff00000000
0x00007f24b74f0da0:   00000000000004b8 0000007c00000077
0x00007f24b74f0db0:   0000000000000046 0000000000000000
0x00007f24b74f0dc0:   0000000000000000 0000000000000000
0x00007f24b74f0dd0:   ffffffffffffff18 00007f24e0000020
0x00007f24b74f0de0:   0000000000000000 00007f24d8033e80
0x00007f24b74f0df0:   0000000000000003 0000000000000000
0x00007f24b74f0e00:   00007f25185d1620 0000000000000006
0x00007f24b74f0e10:   00007f24d8039e80 00007f24e0000a30
0x00007f24b74f0e20:   00007f24e0000a40 0000000000000028
0x00007f24b74f0e30:   0000000000000001 00007f24d8032e80
0x00007f24b74f0e40:   00007f24b76f2500 00007f2500bd9e1b
0x00007f24b74f0e50:   0000000000000000 00007f24d8005e80 

Instructions: (pc=0x00007f2500bd66c4)
0x00007f2500bd66a4:   24 7c fa 4c 89 4c 24 10 48 89 c6 4c 89 54 24 18
0x00007f2500bd66b4:   48 89 ca 0f 28 44 24 10 0f 87 a6 29 00 00 31 ff
0x00007f2500bd66c4:   0f 12 3e 0f 12 32 0f 18 8a 40 01 00 00 0f 12 6e
0x00007f2500bd66d4:   10 0f 12 62 10 0f 18 8e 40 01 00 00 0f 16 7e 08 

Register to memory mapping:

RAX=0x00007f25195a5410 is an unknown value
RBX=0x000000000000012c is an unknown value
RCX=0x00007f251890dec0 is an unknown value
RDX=0x00007f251890dec0 is an unknown value
RSP=0x00007f24b74f0c60 is an unknown value
RBP=0x00000000000004b0 is an unknown value
RSI=0x00007f25195a5410 is an unknown value
RDI=0x0000000000000000 is an unknown value
R8 =0x00007f2518a21640 is an unknown value
R9 =0x0000000000000000 is an unknown value
R10=0x0000000000000000 is an unknown value
R11=0x0000000000000001 is an unknown value
R12=0x0000000000000001 is an unknown value
R13=0x00000000000004b8 is an unknown value
R14=0xffffffff00000000 is an unknown value
R15=0x00000000000004b4 is an unknown value


Stack: [0x00007f24b6cf1000,0x00007f24b74f2000],  sp=0x00007f24b74f0c60,  free space=8191k
Native frames: (J=compiled Java code, j=interpreted, Vv=VM code, C=native code)
C  [libnd4jcpu.so+0x10c6c4]  NativeOps::execAggregateFloat(void**, int, float**, int, int**, int, int*, int, int**, int, float*, int)+0xf64

[error occurred during error reporting (printing native stack), id 0xb]


---------------  P R O C E S S  ---------------

VM state:at safepoint (normal execution)

VM Mutex/Monitor currently owned by a thread:  ([mutex/lock_event])
[0x00007f2518009d90] Threads_lock - owner thread: 0x00007f2518077000
[0x00007f251800a290] Heap_lock - owner thread: 0x00007f2518b23800

Heap:
 PSYoungGen      total 305664K, used 275388K [0x00000000d5580000, 0x00000000faa80000, 0x0000000100000000)
  eden space 262144K, 100% used [0x00000000d5580000,0x00000000e5580000,0x00000000e5580000)
  from space 43520K, 30% used [0x00000000e5580000,0x00000000e626f2a0,0x00000000e8000000)
  to   space 43520K, 0% used [0x00000000f8000000,0x00000000f8010000,0x00000000faa80000)
 ParOldGen       total 699392K, used 0K [0x0000000080000000, 0x00000000aab00000, 0x00000000d5580000)
  object space 699392K, 0% used [0x0000000080000000,0x0000000080000000,0x00000000aab00000)
 Metaspace       used 18303K, capacity 18502K, committed 18688K, reserved 1067008K
  class space    used 1668K, capacity 1714K, committed 1792K, reserved 1048576K

Card table byte_map: [0x00007f2508218000,0x00007f2508619000] byte_map_base: 0x00007f2507e18000

Marking Bits: (ParMarkBitMap*) 0x00007f251e2cffc0
 Begin Bits: [0x00007f2503d6b000, 0x00007f2505d6b000)
 End Bits:   [0x00007f2505d6b000, 0x00007f2507d6b000)

Polling page: 0x00007f251f120000

CodeCache: size=245760Kb used=7138Kb max_used=7138Kb free=238621Kb
 bounds [0x00007f25089d9000, 0x00007f25090d9000, 0x00007f25179d9000]
 total_blobs=2729 nmethods=1789 adapters=855
 compilation: enabled

Compilation events (10 events):
Event: 7,044 Thread 0x00007f25180b0000 1808       2       org.bytedeco.javacpp.Pointer$1::<init> (15 bytes)
Event: 7,044 Thread 0x00007f25180b0000 nmethod 1808 0x00007f25090d4650 code [0x00007f25090d47a0, 0x00007f25090d4910]
Event: 7,054 Thread 0x00007f25180b0000 1811       2       java.util.ArrayList$SubList::rangeCheck (26 bytes)
Event: 7,055 Thread 0x00007f25180b0000 nmethod 1811 0x00007f25090d4990 code [0x00007f25090d4b60, 0x00007f25090d4fd8]
Event: 7,055 Thread 0x00007f25180b0000 1810       2       java.util.ArrayList$SubList::get (23 bytes)
Event: 7,055 Thread 0x00007f25180b0000 nmethod 1810 0x00007f25090d5310 code [0x00007f25090d54a0, 0x00007f25090d57c8]
Event: 7,056 Thread 0x00007f25180b0000 1812       2       org.bytedeco.javacpp.FloatPointer::<init> (6 bytes)
Event: 7,056 Thread 0x00007f25180b0000 nmethod 1812 0x00007f25090d5a90 code [0x00007f25090d5c00, 0x00007f25090d5d68]
Event: 7,056 Thread 0x00007f25180b0000 1813       2       org.bytedeco.javacpp.PointerPointer::<init> (6 bytes)
Event: 7,056 Thread 0x00007f25180b0000 nmethod 1813 0x00007f25090d5e10 code [0x00007f25090d5f80, 0x00007f25090d60e8]

GC Heap History (2 events):
Event: 5,276 GC heap before
{Heap before GC invocations=1 (full 0):
 PSYoungGen      total 305664K, used 262144K [0x00000000d5580000, 0x00000000eaa80000, 0x0000000100000000)
  eden space 262144K, 100% used [0x00000000d5580000,0x00000000e5580000,0x00000000e5580000)
  from space 43520K, 0% used [0x00000000e8000000,0x00000000e8000000,0x00000000eaa80000)
  to   space 43520K, 0% used [0x00000000e5580000,0x00000000e5580000,0x00000000e8000000)
 ParOldGen       total 699392K, used 0K [0x0000000080000000, 0x00000000aab00000, 0x00000000d5580000)
  object space 699392K, 0% used [0x0000000080000000,0x0000000080000000,0x00000000aab00000)
 Metaspace       used 15259K, capacity 15433K, committed 15616K, reserved 1062912K
  class space    used 1609K, capacity 1678K, committed 1792K, reserved 1048576K
Event: 5,345 GC heap after
Heap after GC invocations=1 (full 0):
 PSYoungGen      total 305664K, used 13244K [0x00000000d5580000, 0x00000000faa80000, 0x0000000100000000)
  eden space 262144K, 0% used [0x00000000d5580000,0x00000000d5580000,0x00000000e5580000)
  from space 43520K, 30% used [0x00000000e5580000,0x00000000e626f2a0,0x00000000e8000000)
  to   space 43520K, 0% used [0x00000000f8000000,0x00000000f8000000,0x00000000faa80000)
 ParOldGen       total 699392K, used 0K [0x0000000080000000, 0x00000000aab00000, 0x00000000d5580000)
  object space 699392K, 0% used [0x0000000080000000,0x0000000080000000,0x00000000aab00000)
 Metaspace       used 15259K, capacity 15433K, committed 15616K, reserved 1062912K
  class space    used 1609K, capacity 1678K, committed 1792K, reserved 1048576K
}

Deoptimization events (10 events):
Event: 6,869 Thread 0x00007f251800d800 Uncommon trap: reason=class_check action=maybe_recompile pc=0x00007f2508fd2238 method=java.util.concurrent.locks.AbstractQueuedSynchronizer.release(I)Z @ 2
Event: 6,870 Thread 0x00007f251800d800 Uncommon trap: reason=class_check action=maybe_recompile pc=0x00007f2508fd2238 method=java.util.concurrent.locks.AbstractQueuedSynchronizer.release(I)Z @ 2
Event: 6,871 Thread 0x00007f2518abe000 Uncommon trap: reason=unstable_if action=reinterpret pc=0x00007f2509042728 method=java.util.concurrent.locks.AbstractQueuedSynchronizer.acquireInterruptibly(I)V @ 3
Event: 6,920 Thread 0x00007f25188ae800 Uncommon trap: reason=null_check action=make_not_entrant pc=0x00007f2508f898dc method=org.deeplearning4j.models.word2vec.wordstore.inmemory.AbstractCache.wordFor(Ljava/lang/String;)Lorg/deeplearning4j/models/sequencevectors/sequence/SequenceElement; @ 24
Event: 6,922 Thread 0x00007f25188a7800 Uncommon trap: reason=unstable_if action=reinterpret pc=0x00007f250902b44c method=java.util.concurrent.locks.AbstractQueuedSynchronizer.isOnSyncQueue(Ljava/util/concurrent/locks/AbstractQueuedSynchronizer$Node;)Z @ 22
Event: 6,922 Thread 0x00007f2518abe000 Uncommon trap: reason=unstable_if action=reinterpret pc=0x00007f250902b44c method=java.util.concurrent.locks.AbstractQueuedSynchronizer.isOnSyncQueue(Ljava/util/concurrent/locks/AbstractQueuedSynchronizer$Node;)Z @ 22
Event: 6,926 Thread 0x00007f25188ae800 Uncommon trap: reason=unstable_if action=reinterpret pc=0x00007f25090329ec method=java.util.concurrent.locks.ReentrantLock$NonfairSync.lock()V @ 6
Event: 6,938 Thread 0x00007f2518abe000 Uncommon trap: reason=unstable_if action=reinterpret pc=0x00007f2508ffc934 method=java.util.concurrent.locks.ReentrantLock$Sync.nonfairTryAcquire(I)Z @ 10
Event: 6,938 Thread 0x00007f25188a7800 Uncommon trap: reason=unstable_if action=reinterpret pc=0x00007f2508ff8cb4 method=java.util.concurrent.locks.ReentrantLock$Sync.nonfairTryAcquire(I)Z @ 10
Event: 6,947 Thread 0x00007f25188ae800 Uncommon trap: reason=unstable_if action=reinterpret pc=0x00007f2508fd3b6c method=java.util.concurrent.locks.AbstractQueuedSynchronizer.acquireQueued(Ljava/util/concurrent/locks/AbstractQueuedSynchronizer$Node;I)Z @ 17

Internal exceptions (10 events):
Event: 2,095 Thread 0x00007f251800d800 Exception <a 'java/lang/NoSuchFieldError': method resolution failed> (0x00000000d74c37b0) thrown at [/build/openjdk-8-hYz2tH/openjdk-8-8u77-b03/src/hotspot/src/share/vm/prims/methodHandles.cpp, line 1146]
Event: 2,097 Thread 0x00007f251800d800 Exception <a 'java/lang/NoSuchFieldError': method resolution failed> (0x00000000d74d0ea0) thrown at [/build/openjdk-8-hYz2tH/openjdk-8-8u77-b03/src/hotspot/src/share/vm/prims/methodHandles.cpp, line 1146]
Event: 3,702 Thread 0x00007f251800d800 Exception <a 'java/lang/ArrayIndexOutOfBoundsException'> (0x00000000da482320) thrown at [/build/openjdk-8-hYz2tH/openjdk-8-8u77-b03/src/hotspot/src/share/vm/runtime/sharedRuntime.cpp, line 605]
Event: 3,703 Thread 0x00007f251800d800 Exception <a 'java/lang/ArrayIndexOutOfBoundsException'> (0x00000000da4835b0) thrown at [/build/openjdk-8-hYz2tH/openjdk-8-8u77-b03/src/hotspot/src/share/vm/runtime/sharedRuntime.cpp, line 605]
Event: 3,703 Thread 0x00007f251800d800 Exception <a 'java/lang/ArrayIndexOutOfBoundsException'> (0x00000000da484a98) thrown at [/build/openjdk-8-hYz2tH/openjdk-8-8u77-b03/src/hotspot/src/share/vm/runtime/sharedRuntime.cpp, line 605]
Event: 3,704 Thread 0x00007f251800d800 Exception <a 'java/lang/ArrayIndexOutOfBoundsException'> (0x00000000da486288) thrown at [/build/openjdk-8-hYz2tH/openjdk-8-8u77-b03/src/hotspot/src/share/vm/runtime/sharedRuntime.cpp, line 605]
Event: 3,718 Thread 0x00007f251800d800 Exception <a 'java/lang/ArrayIndexOutOfBoundsException'> (0x00000000da4f7540) thrown at [/build/openjdk-8-hYz2tH/openjdk-8-8u77-b03/src/hotspot/src/share/vm/runtime/sharedRuntime.cpp, line 605]
Event: 3,741 Thread 0x00007f251800d800 Exception <a 'java/lang/ArrayIndexOutOfBoundsException'> (0x00000000da574788) thrown at [/build/openjdk-8-hYz2tH/openjdk-8-8u77-b03/src/hotspot/src/share/vm/runtime/sharedRuntime.cpp, line 605]
Event: 5,587 Thread 0x00007f25188a7800 Implicit null exception at 0x00007f2508d28a0b to 0x00007f2508d28ad9
Event: 6,920 Thread 0x00007f25188ae800 Implicit null exception at 0x00007f2508f8978e to 0x00007f2508f898d0

Events (10 events):
Event: 6,947 Thread 0x00007f25188ae800 DEOPT PACKING pc=0x00007f2508fd3b6c sp=0x00007f24cf2b1710
Event: 6,947 Thread 0x00007f25188ae800 DEOPT UNPACKING pc=0x00007f25089ddf69 sp=0x00007f24cf2b16b0 mode 2
Event: 6,969 loading class org/nd4j/linalg/api/ops/aggregates/impl/AggregateSkipGram
Event: 6,969 loading class org/nd4j/linalg/api/ops/aggregates/impl/AggregateSkipGram done
Event: 6,970 loading class org/nd4j/linalg/api/ops/aggregates/BaseAggregate
Event: 6,970 loading class org/nd4j/linalg/api/ops/aggregates/BaseAggregate done
Event: 6,999 loading class org/nd4j/linalg/api/ops/aggregates/Batch
Event: 6,999 loading class org/nd4j/linalg/api/ops/aggregates/Batch done
Event: 7,000 Executing VM operation: RevokeBias
Event: 7,001 Executing VM operation: RevokeBias done


Dynamic libraries:
00400000-00401000 r-xp 00000000 08:01 925237                             /usr/lib/jvm/java-8-openjdk-amd64/jre/bin/java
00600000-00601000 r--p 00000000 08:01 925237                             /usr/lib/jvm/java-8-openjdk-amd64/jre/bin/java
00601000-00602000 rw-p 00001000 08:01 925237                             /usr/lib/jvm/java-8-openjdk-amd64/jre/bin/java
01e77000-01e98000 rw-p 00000000 00:00 0                                  [heap]
80000000-aab00000 rw-p 00000000 00:00 0 
aab00000-d5580000 ---p 00000000 00:00 0 
d5580000-faa80000 rw-p 00000000 00:00 0 
faa80000-100000000 ---p 00000000 00:00 0 
100000000-1001c0000 rw-p 00000000 00:00 0 
1001c0000-140000000 ---p 00000000 00:00 0 
7f24b6cf1000-7f24b6cf2000 ---p 00000000 00:00 0 
7f24b6cf2000-7f24b74f2000 rw-p 00000000 00:00 0 
7f24b74f2000-7f24b74f5000 ---p 00000000 00:00 0 
7f24b74f5000-7f24b75f3000 rw-p 00000000 00:00 0 
7f24b75f3000-7f24b75f6000 ---p 00000000 00:00 0 
7f24b75f6000-7f24b76f4000 rw-p 00000000 00:00 0 
7f24b76f4000-7f24bb6f4000 rw-p 00000000 00:00 0 
7f24bb6f4000-7f24bb6f5000 ---p 00000000 00:00 0 
7f24bb6f5000-7f24bbef5000 rw-p 00000000 00:00 0 
7f24bbef5000-7f24bbef6000 ---p 00000000 00:00 0 
7f24bbef6000-7f24bc6f6000 rw-p 00000000 00:00 0 
7f24bc6f6000-7f24bd5f8000 r-xp 00000000 08:01 430896                     /home/valnyz/.javacpp/cache/openblas-0.2.19-1.3-linux-x86_64.jar/org/bytedeco/javacpp/linux-x86_64/libjniopenblas.so
7f24bd5f8000-7f24bd7f7000 ---p 00f02000 08:01 430896                     /home/valnyz/.javacpp/cache/openblas-0.2.19-1.3-linux-x86_64.jar/org/bytedeco/javacpp/linux-x86_64/libjniopenblas.so
7f24bd7f7000-7f24bd7ff000 rw-p 00f01000 08:01 430896                     /home/valnyz/.javacpp/cache/openblas-0.2.19-1.3-linux-x86_64.jar/org/bytedeco/javacpp/linux-x86_64/libjniopenblas.so
7f24bd7ff000-7f24bf7ff000 rw-p 00000000 00:00 0 
7f24bf7ff000-7f24bf800000 ---p 00000000 00:00 0 
7f24bf800000-7f24c0000000 rw-p 00000000 00:00 0 
7f24c0000000-7f24c0021000 rw-p 00000000 00:00 0 
7f24c0021000-7f24c4000000 ---p 00000000 00:00 0 
7f24c4000000-7f24c4021000 rw-p 00000000 00:00 0 
7f24c4021000-7f24c8000000 ---p 00000000 00:00 0 
7f24c8000000-7f24c8021000 rw-p 00000000 00:00 0 
7f24c8021000-7f24cc000000 ---p 00000000 00:00 0 
7f24cc0b0000-7f24cc0b3000 ---p 00000000 00:00 0 
7f24cc0b3000-7f24cc1b1000 rw-p 00000000 00:00 0 
7f24cc1b1000-7f24ce3e9000 r-xp 00000000 08:01 430894                     /home/valnyz/.javacpp/cache/openblas-0.2.19-1.3-linux-x86_64.jar/org/bytedeco/javacpp/linux-x86_64/libopenblas.so.0
7f24ce3e9000-7f24ce5e9000 ---p 02238000 08:01 430894                     /home/valnyz/.javacpp/cache/openblas-0.2.19-1.3-linux-x86_64.jar/org/bytedeco/javacpp/linux-x86_64/libopenblas.so.0
7f24ce5e9000-7f24ce608000 rw-p 02238000 08:01 430894                     /home/valnyz/.javacpp/cache/openblas-0.2.19-1.3-linux-x86_64.jar/org/bytedeco/javacpp/linux-x86_64/libopenblas.so.0
7f24ce608000-7f24ce66b000 rw-p 00000000 00:00 0 
7f24ce66b000-7f24ce75b000 r-xp 00000000 08:01 430892                     /home/valnyz/.javacpp/cache/openblas-0.2.19-1.3-linux-x86_64.jar/org/bytedeco/javacpp/linux-x86_64/libgfortran.so.3
7f24ce75b000-7f24ce95a000 ---p 000f0000 08:01 430892                     /home/valnyz/.javacpp/cache/openblas-0.2.19-1.3-linux-x86_64.jar/org/bytedeco/javacpp/linux-x86_64/libgfortran.so.3
7f24ce95a000-7f24ce95c000 rw-p 000ef000 08:01 430892                     /home/valnyz/.javacpp/cache/openblas-0.2.19-1.3-linux-x86_64.jar/org/bytedeco/javacpp/linux-x86_64/libgfortran.so.3
7f24ce95c000-7f24ce95d000 rw-p 00000000 00:00 0 
7f24ce95d000-7f24ce99b000 r-xp 00000000 08:01 921559                     /usr/lib/x86_64-linux-gnu/libquadmath.so.0.0.0
7f24ce99b000-7f24ceb9a000 ---p 0003e000 08:01 921559                     /usr/lib/x86_64-linux-gnu/libquadmath.so.0.0.0
7f24ceb9a000-7f24ceb9b000 r--p 0003d000 08:01 921559                     /usr/lib/x86_64-linux-gnu/libquadmath.so.0.0.0
7f24ceb9b000-7f24ceb9c000 rw-p 0003e000 08:01 921559                     /usr/lib/x86_64-linux-gnu/libquadmath.so.0.0.0
7f24ceb9c000-7f24cebb2000 r-xp 00000000 08:01 430890                     /home/valnyz/.javacpp/cache/openblas-0.2.19-1.3-linux-x86_64.jar/org/bytedeco/javacpp/linux-x86_64/libgcc_s.so.1
7f24cebb2000-7f24cedb1000 ---p 00016000 08:01 430890                     /home/valnyz/.javacpp/cache/openblas-0.2.19-1.3-linux-x86_64.jar/org/bytedeco/javacpp/linux-x86_64/libgcc_s.so.1
7f24cedb1000-7f24cedb2000 rw-p 00015000 08:01 430890                     /home/valnyz/.javacpp/cache/openblas-0.2.19-1.3-linux-x86_64.jar/org/bytedeco/javacpp/linux-x86_64/libgcc_s.so.1
7f24cedb2000-7f24cee32000 rw-p 00000000 00:00 0 
7f24cee32000-7f24cefb2000 ---p 00000000 00:00 0 
7f24cefb2000-7f24cf1b2000 rw-p 00000000 00:00 0 
7f24cf1b2000-7f24cf1b5000 ---p 00000000 00:00 0 
7f24cf1b5000-7f24cf2b3000 rw-p 00000000 00:00 0 
7f24cf2b3000-7f24cf2b6000 ---p 00000000 00:00 0 
7f24cf2b6000-7f24d4000000 rw-p 00000000 00:00 0 
7f24d4000000-7f24d403b000 rw-p 00000000 00:00 0 
7f24d403b000-7f24d8000000 ---p 00000000 00:00 0 
7f24d8000000-7f24d803a000 rw-p 00000000 00:00 0 
7f24d803a000-7f24dc000000 ---p 00000000 00:00 0 
7f24dc000000-7f24dc6a9000 rw-p 00000000 00:00 0 
7f24dc6a9000-7f24e0000000 ---p 00000000 00:00 0 
7f24e0000000-7f24e0021000 rw-p 00000000 00:00 0 
7f24e0021000-7f24e4000000 ---p 00000000 00:00 0 
7f24e4000000-7f24e4021000 rw-p 00000000 00:00 0 
7f24e4021000-7f24e8000000 ---p 00000000 00:00 0 
7f24e8000000-7f24e8860000 rw-p 00000000 00:00 0 
7f24e8860000-7f24ec000000 ---p 00000000 00:00 0 
7f24ec000000-7f24ec021000 rw-p 00000000 00:00 0 
7f24ec021000-7f24f0000000 ---p 00000000 00:00 0 
7f24f0000000-7f24f0021000 rw-p 00000000 00:00 0 
7f24f0021000-7f24f4000000 ---p 00000000 00:00 0 
7f24f4000000-7f24f4021000 rw-p 00000000 00:00 0 
7f24f4021000-7f24f8000000 ---p 00000000 00:00 0 
7f24f8000000-7f24f8021000 rw-p 00000000 00:00 0 
7f24f8021000-7f24fc000000 ---p 00000000 00:00 0 
7f24fc000000-7f24fc021000 rw-p 00000000 00:00 0 
7f24fc021000-7f2500000000 ---p 00000000 00:00 0 
7f2500046000-7f2500049000 ---p 00000000 00:00 0 
7f2500049000-7f2500347000 rw-p 00000000 00:00 0 
7f2500347000-7f2500547000 rw-p 00000000 00:00 0 
7f2500548000-7f250054c000 r--s 00097000 08:01 925266                     /usr/lib/jvm/java-8-openjdk-amd64/jre/lib/jsse.jar
7f250054c000-7f250054f000 ---p 00000000 00:00 0 
7f250054f000-7f250084d000 rw-p 00000000 00:00 0 
7f250084d000-7f25008ca000 r-xp 00000000 08:01 295054                     /home/valnyz/.javacpp/cache/nd4j-native-0.7.2-linux-x86_64.jar/org/nd4j/nativeblas/linux-x86_64/libjnind4jcpu.so
7f25008ca000-7f2500ac9000 ---p 0007d000 08:01 295054                     /home/valnyz/.javacpp/cache/nd4j-native-0.7.2-linux-x86_64.jar/org/nd4j/nativeblas/linux-x86_64/libjnind4jcpu.so
7f2500ac9000-7f2500aca000 rw-p 0007c000 08:01 295054                     /home/valnyz/.javacpp/cache/nd4j-native-0.7.2-linux-x86_64.jar/org/nd4j/nativeblas/linux-x86_64/libjnind4jcpu.so
7f2500aca000-7f2500ccc000 r-xp 00000000 08:01 295053                     /home/valnyz/.javacpp/cache/nd4j-native-0.7.2-linux-x86_64.jar/org/nd4j/nativeblas/linux-x86_64/libnd4jcpu.so
7f2500ccc000-7f2500ecc000 ---p 00202000 08:01 295053                     /home/valnyz/.javacpp/cache/nd4j-native-0.7.2-linux-x86_64.jar/org/nd4j/nativeblas/linux-x86_64/libnd4jcpu.so
7f2500ecc000-7f2500ecd000 rw-p 00202000 08:01 295053                     /home/valnyz/.javacpp/cache/nd4j-native-0.7.2-linux-x86_64.jar/org/nd4j/nativeblas/linux-x86_64/libnd4jcpu.so
7f2500ecd000-7f25011ce000 rw-p 00000000 00:00 0 
7f25011ce000-7f25011e5000 r-xp 00000000 08:01 925309                     /usr/lib/jvm/java-8-openjdk-amd64/jre/lib/amd64/libnet.so
7f25011e5000-7f25013e4000 ---p 00017000 08:01 925309                     /usr/lib/jvm/java-8-openjdk-amd64/jre/lib/amd64/libnet.so
7f25013e4000-7f25013e5000 r--p 00016000 08:01 925309                     /usr/lib/jvm/java-8-openjdk-amd64/jre/lib/amd64/libnet.so
7f25013e5000-7f25013e6000 rw-p 00017000 08:01 925309                     /usr/lib/jvm/java-8-openjdk-amd64/jre/lib/amd64/libnet.so
7f25013e6000-7f25013f7000 r-xp 00000000 08:01 925310                     /usr/lib/jvm/java-8-openjdk-amd64/jre/lib/amd64/libnio.so
7f25013f7000-7f25015f7000 ---p 00011000 08:01 925310                     /usr/lib/jvm/java-8-openjdk-amd64/jre/lib/amd64/libnio.so
7f25015f7000-7f25015f8000 r--p 00011000 08:01 925310                     /usr/lib/jvm/java-8-openjdk-amd64/jre/lib/amd64/libnio.so
7f25015f8000-7f25015f9000 rw-p 00012000 08:01 925310                     /usr/lib/jvm/java-8-openjdk-amd64/jre/lib/amd64/libnio.so
7f25015f9000-7f250160e000 r-xp 00000000 08:01 295051                     /home/valnyz/.javacpp/cache/nd4j-native-0.7.2-linux-x86_64.jar/org/nd4j/nativeblas/linux-x86_64/libgomp.so.1
7f250160e000-7f250180d000 ---p 00015000 08:01 295051                     /home/valnyz/.javacpp/cache/nd4j-native-0.7.2-linux-x86_64.jar/org/nd4j/nativeblas/linux-x86_64/libgomp.so.1
7f250180d000-7f250180e000 rw-p 00014000 08:01 295051                     /home/valnyz/.javacpp/cache/nd4j-native-0.7.2-linux-x86_64.jar/org/nd4j/nativeblas/linux-x86_64/libgomp.so.1
7f250180e000-7f2501811000 ---p 00000000 00:00 0 
7f2501811000-7f250190f000 rw-p 00000000 00:00 0 
7f250190f000-7f2501911000 r--s 00001000 08:01 535544                     /home/valnyz/.m2/repository/org/nd4j/nd4j-context/0.7.2/nd4j-context-0.7.2.jar
7f2501911000-7f2501920000 r--s 000cc000 08:01 535534                     /home/valnyz/.m2/repository/org/nd4j/nd4j-api/0.7.2/nd4j-api-0.7.2.jar
7f2501923000-7f2501925000 r--s 01608000 08:01 669072                     /home/valnyz/.m2/repository/org/bytedeco/javacpp-presets/openblas/0.2.19-1.3/openblas-0.2.19-1.3-linux-x86_64.jar
7f2501925000-7f2501926000 r--s 00104000 08:01 669070                     /home/valnyz/.m2/repository/org/bytedeco/javacpp-presets/openblas/0.2.19-1.3/openblas-0.2.19-1.3-android-x86.jar
7f2501926000-7f2501927000 r--s 0009e000 08:01 669068                     /home/valnyz/.m2/repository/org/bytedeco/javacpp-presets/openblas/0.2.19-1.3/openblas-0.2.19-1.3-android-arm.jar
7f2501927000-7f2501928000 r--s 0001c000 08:01 669066                     /home/valnyz/.m2/repository/org/bytedeco/javacpp-presets/openblas/0.2.19-1.3/openblas-0.2.19-1.3.jar
7f2501928000-7f250192d000 r--s 00048000 08:01 535566                     /home/valnyz/.m2/repository/org/bytedeco/javacpp/1.3.1/javacpp-1.3.1.jar
7f250192d000-7f250192e000 r--s 0009d000 08:01 535587                     /home/valnyz/.m2/repository/org/nd4j/nd4j-native/0.7.2/nd4j-native-0.7.2-linux-x86_64.jar
7f250192e000-7f2501930000 r--s 0000e000 08:01 535585                     /home/valnyz/.m2/repository/org/nd4j/nd4j-native/0.7.2/nd4j-native-0.7.2.jar
7f2501930000-7f2501932000 r--s 00002000 08:01 669159                     /home/valnyz/.m2/repository/org/nd4j/nd4j-jackson/0.7.2/nd4j-jackson-0.7.2.jar
7f2501932000-7f2501933000 r--s 00239000 08:01 669052                     /home/valnyz/.m2/repository/org/bytedeco/javacpp-presets/leptonica/1.73-1.3/leptonica-1.73-1.3-linux-ppc64le.jar
7f2501933000-7f2501935000 r--s 00291000 08:01 669050                     /home/valnyz/.m2/repository/org/bytedeco/javacpp-presets/leptonica/1.73-1.3/leptonica-1.73-1.3-windows-x86_64.jar
7f2501935000-7f2501936000 r--s 00254000 08:01 669048                     /home/valnyz/.m2/repository/org/bytedeco/javacpp-presets/leptonica/1.73-1.3/leptonica-1.73-1.3-macosx-x86_64.jar
7f2501936000-7f2501938000 r--s 00242000 08:01 669046                     /home/valnyz/.m2/repository/org/bytedeco/javacpp-presets/leptonica/1.73-1.3/leptonica-1.73-1.3-linux-x86_64.jar
7f2501938000-7f2501939000 r--s 00245000 08:01 669044                     /home/valnyz/.m2/repository/org/bytedeco/javacpp-presets/leptonica/1.73-1.3/leptonica-1.73-1.3-android-x86.jar
7f2501939000-7f250193a000 r--s 001e0000 08:01 669042                     /home/valnyz/.m2/repository/org/bytedeco/javacpp-presets/leptonica/1.73-1.3/leptonica-1.73-1.3-android-arm.jar
7f250193a000-7f250193d000 r--s 00021000 08:01 669040                     /home/valnyz/.m2/repository/org/bytedeco/javacpp-presets/leptonica/1.73-1.3/leptonica-1.73-1.3.jar
7f250193d000-7f250193f000 r--s 00988000 08:01 669038                     /home/valnyz/.m2/repository/org/bytedeco/javacpp-presets/opencv/3.1.0-1.3/opencv-3.1.0-1.3-linux-ppc64le.jar
7f250193f000-7f2501942000 r--s 009d8000 08:01 669036                     /home/valnyz/.m2/repository/org/bytedeco/javacpp-presets/opencv/3.1.0-1.3/opencv-3.1.0-1.3-windows-x86_64.jar
7f2501942000-7f2501944000 r--s 00821000 08:01 669034                     /home/valnyz/.m2/repository/org/bytedeco/javacpp-presets/opencv/3.1.0-1.3/opencv-3.1.0-1.3-macosx-x86_64.jar
7f2501944000-7f2501947000 r--s 007bf000 08:01 669032                     /home/valnyz/.m2/repository/org/bytedeco/javacpp-presets/opencv/3.1.0-1.3/opencv-3.1.0-1.3-linux-x86_64.jar
7f2501947000-7f2501949000 r--s 00bf0000 08:01 669030                     /home/valnyz/.m2/repository/org/bytedeco/javacpp-presets/opencv/3.1.0-1.3/opencv-3.1.0-1.3-android-x86.jar
7f2501949000-7f250194b000 r--s 008f3000 08:01 669028                     /home/valnyz/.m2/repository/org/bytedeco/javacpp-presets/opencv/3.1.0-1.3/opencv-3.1.0-1.3-android-arm.jar
7f250194b000-7f250195b000 r--s 00098000 08:01 669026                     /home/valnyz/.m2/repository/org/bytedeco/javacpp-presets/opencv/3.1.0-1.3/opencv-3.1.0-1.3.jar
7f250195b000-7f250195c000 r--s 00002000 08:01 669024                     /home/valnyz/.m2/repository/org/bytedeco/javacpp-presets/flandmark/1.07-1.3/flandmark-1.07-1.3.jar
7f250195c000-7f250195d000 r--s 00005000 08:01 669022                     /home/valnyz/.m2/repository/org/bytedeco/javacpp-presets/artoolkitplus/2.3.1-1.3/artoolkitplus-2.3.1-1.3.jar
7f250195d000-7f250195e000 r--s 00003000 08:01 669020                     /home/valnyz/.m2/repository/org/bytedeco/javacpp-presets/videoinput/0.200-1.3/videoinput-0.200-1.3.jar
7f250195e000-7f2501961000 r--s 00009000 08:01 669018                     /home/valnyz/.m2/repository/org/bytedeco/javacpp-presets/librealsense/1.9.6-1.3/librealsense-1.9.6-1.3.jar
7f2501961000-7f2501963000 r--s 00004000 08:01 669016                     /home/valnyz/.m2/repository/org/bytedeco/javacpp-presets/libfreenect/0.5.3-1.3/libfreenect-0.5.3-1.3.jar
7f2501963000-7f2501965000 r--s 00006000 08:01 669014                     /home/valnyz/.m2/repository/org/bytedeco/javacpp-presets/libdc1394/2.2.4-1.3/libdc1394-2.2.4-1.3.jar
7f2501965000-7f2501969000 r--s 0001f000 08:01 669012                     /home/valnyz/.m2/repository/org/bytedeco/javacpp-presets/flycapture/2.9.3.43-1.3/flycapture-2.9.3.43-1.3.jar
7f2501969000-7f2501970000 r--s 00033000 08:01 669010                     /home/valnyz/.m2/repository/org/bytedeco/javacpp-presets/ffmpeg/3.2.1-1.3/ffmpeg-3.2.1-1.3.jar
7f2501970000-7f2501974000 r--s 00058000 08:01 535568                     /home/valnyz/.m2/repository/org/bytedeco/javacv/1.3/javacv-1.3.jar
7f2501974000-7f2501976000 r--s 0000b000 08:01 669008                     /home/valnyz/.m2/repository/com/twelvemonkeys/imageio/imageio-bmp/3.1.1/imageio-bmp-3.1.1.jar
7f2501976000-7f2501978000 r--s 0000f000 08:01 669006                     /home/valnyz/.m2/repository/com/twelvemonkeys/imageio/imageio-psd/3.1.1/imageio-psd-3.1.1.jar
7f2501978000-7f250197a000 r--s 0000e000 08:01 669004                     /home/valnyz/.m2/repository/com/twelvemonkeys/imageio/imageio-tiff/3.1.1/imageio-tiff-3.1.1.jar
7f250197a000-7f250197d000 r--s 00012000 08:01 669002                     /home/valnyz/.m2/repository/com/twelvemonkeys/common/common-image/3.1.1/common-image-3.1.1.jar
7f250197d000-7f250197f000 r--s 00014000 08:01 669000                     /home/valnyz/.m2/repository/com/twelvemonkeys/common/common-io/3.1.1/common-io-3.1.1.jar
7f250197f000-7f2501982000 r--s 0001a000 08:01 668998                     /home/valnyz/.m2/repository/com/twelvemonkeys/common/common-lang/3.1.1/common-lang-3.1.1.jar
7f2501982000-7f2501985000 r--s 0000e000 08:01 668996                     /home/valnyz/.m2/repository/com/twelvemonkeys/imageio/imageio-metadata/3.1.1/imageio-metadata-3.1.1.jar
7f2501985000-7f2501988000 r--s 0000c000 08:01 668994                     /home/valnyz/.m2/repository/com/twelvemonkeys/imageio/imageio-core/3.1.1/imageio-core-3.1.1.jar
7f2501988000-7f250198a000 r--s 0000d000 08:01 668992                     /home/valnyz/.m2/repository/com/twelvemonkeys/imageio/imageio-jpeg/3.1.1/imageio-jpeg-3.1.1.jar
7f250198a000-7f2501995000 r--s 00088000 08:01 535564                     /home/valnyz/.m2/repository/com/github/jai-imageio/jai-imageio-core/1.3.0/jai-imageio-core-1.3.0.jar
7f2501995000-7f2501997000 r--s 0000f000 08:01 535562                     /home/valnyz/.m2/repository/org/datavec/datavec-data-image/0.7.2/datavec-data-image-0.7.2.jar
7f2501997000-7f25019af000 r--s 00132000 08:01 535560                     /home/valnyz/.m2/repository/org/freemarker/freemarker/2.3.23/freemarker-2.3.23.jar
7f25019af000-7f25019bc000 r--s 0008a000 08:01 535558                     /home/valnyz/.m2/repository/org/datavec/datavec-api/0.7.2/datavec-api-0.7.2.jar
7f25019bc000-7f25019be000 r--s 00001000 08:01 535556                     /home/valnyz/.m2/repository/org/datavec/datavec-nd4j-common/0.7.2/datavec-nd4j-common-0.7.2.jar
7f25019be000-7f25019d3000 r--s 00141000 08:01 535554                     /home/valnyz/.m2/repository/org/projectlombok/lombok/1.16.10/lombok-1.16.10.jar
7f25019d3000-7f25019d4000 r--s 0000f000 08:01 535552                     /home/valnyz/.m2/repository/org/json/json/20131018/json-20131018.jar
7f25019d4000-7f25019e4000 r--s 0007d000 08:01 535550                     /home/valnyz/.m2/repository/joda-time/joda-time/2.2/joda-time-2.2.jar
7f25019e4000-7f25019e8000 r--s 00024000 08:01 292938                     /home/valnyz/.m2/repository/org/codehaus/woodstox/stax2-api/3.1.4/stax2-api-3.1.4.jar
7f25019e8000-7f25019ef000 r--s 0003c000 08:01 535548                     /home/valnyz/.m2/repository/org/yaml/snakeyaml/1.12/snakeyaml-1.12.jar
7f25019ef000-7f2501a0f000 r--s 001ac000 08:01 535546                     /home/valnyz/.m2/repository/org/nd4j/jackson/0.7.2/jackson-0.7.2.jar
7f2501a0f000-7f2501a16000 r--s 0005e000 08:01 292945                     /home/valnyz/.m2/repository/org/apache/commons/commons-lang3/3.3.1/commons-lang3-3.3.1.jar
7f2501a16000-7f2501a19000 r--s 00006000 08:01 535532                     /home/valnyz/.m2/repository/com/google/code/findbugs/jsr305/1.3.9/jsr305-1.3.9.jar
7f2501a19000-7f2501a39000 r--s 00173000 08:01 535530                     /home/valnyz/.m2/repository/com/google/guava/guava/11.0/guava-11.0.jar
7f2501a39000-7f2501a3d000 r--s 00015000 08:01 535528                     /home/valnyz/.m2/repository/org/tukaani/xz/1.5/xz-1.5.jar
7f2501a3d000-7f2501a44000 r--s 00053000 08:01 292933                     /home/valnyz/.m2/repository/org/apache/commons/commons-compress/1.8/commons-compress-1.8.jar
7f2501a44000-7f2501a48000 r--s 0002a000 08:01 430759                     /home/valnyz/.m2/repository/commons-io/commons-io/2.4/commons-io-2.4.jar
7f2501a48000-7f2501a6c000 r--s 001cd000 08:01 291964                     /home/valnyz/.m2/repository/org/apache/commons/commons-math3/3.4.1/commons-math3-3.4.1.jar
7f2501a6c000-7f2501a79000 r--s 000b6000 08:01 535526                     /home/valnyz/.m2/repository/org/deeplearning4j/deeplearning4j-nn/0.7.2/deeplearning4j-nn-0.7.2.jar
7f2501a79000-7f2501a7a000 r--s 00007000 08:01 535524                     /home/valnyz/.m2/repository/org/slf4j/slf4j-api/1.7.12/slf4j-api-1.7.12.jar
7f2501a7a000-7f2501a7f000 r--s 0002a000 08:01 535522                     /home/valnyz/.m2/repository/org/deeplearning4j/deeplearning4j-core/0.7.2/deeplearning4j-core-0.7.2.jar
7f2501a7f000-7f2501a84000 r--s 00041000 08:01 669157                     /home/valnyz/.m2/repository/commons-lang/commons-lang/2.6/commons-lang-2.6.jar
7f2501a84000-7f2501a88000 r--s 0000f000 08:01 430814                     /home/valnyz/.m2/repository/com/google/code/findbugs/annotations/2.0.1/annotations-2.0.1.jar
7f2501a88000-7f2501a91000 r--s 000ae000 08:01 535542                     /home/valnyz/.m2/repository/org/javassist/javassist/3.19.0-GA/javassist-3.19.0-GA.jar
7f2501a91000-7f2501a94000 r--s 0001d000 08:01 535540                     /home/valnyz/.m2/repository/org/reflections/reflections/0.9.10/reflections-0.9.10.jar
7f2501a94000-7f2501a97000 r--s 0001d000 08:01 535538                     /home/valnyz/.m2/repository/org/nd4j/nd4j-common/0.7.2/nd4j-common-0.7.2.jar
7f2501a97000-7f2501a99000 r--s 0000d000 08:01 535536                     /home/valnyz/.m2/repository/org/nd4j/nd4j-buffer/0.7.2/nd4j-buffer-0.7.2.jar
7f2501a99000-7f2501aa0000 r--s 0003a000 08:01 669155                     /home/valnyz/.m2/repository/commons-codec/commons-codec/1.8/commons-codec-1.8.jar
7f2501aa0000-7f2501aa9000 r--s 004ea000 08:01 535603                     /home/valnyz/.m2/repository/org/deeplearning4j/deeplearning4j-nlp/0.7.2/deeplearning4j-nlp-0.7.2.jar
7f2501aa9000-7f2501ad1000 r--s 00241000 08:01 792764                     /home/valnyz/git/AutomaticSummarization/lib/trove-3.0.3.jar
7f2501ad1000-7f2501ad7000 r--s 15956000 08:01 815406                     /home/valnyz/Documents/AutomaticSummarization/automaticSummarization_lib/stanford-corenlp-3.7.0-models.jar
7f2501ad7000-7f2501b27000 r--s 00728000 08:01 815405                     /home/valnyz/Documents/AutomaticSummarization/automaticSummarization_lib/stanford-corenlp-3.7.0.jar
7f2501b27000-7f2501b42000 r--s 001d7000 08:01 925334                     /usr/lib/jvm/java-8-openjdk-amd64/jre/lib/ext/nashorn.jar
7f2501b42000-7f2501b43000 ---p 00000000 00:00 0 
7f2501b43000-7f2501c43000 rw-p 00000000 00:00 0 
7f2501c43000-7f2501c46000 ---p 00000000 00:00 0 
7f2501c46000-7f2501d44000 rw-p 00000000 00:00 0 
7f2501d44000-7f2501d47000 ---p 00000000 00:00 0 
7f2501d47000-7f2501e45000 rw-p 00000000 00:00 0 
7f2501e45000-7f2501e48000 ---p 00000000 00:00 0 
7f2501e48000-7f2501f46000 rw-p 00000000 00:00 0 
7f2501f46000-7f2501f49000 ---p 00000000 00:00 0 
7f2501f49000-7f2502047000 rw-p 00000000 00:00 0 
7f2502047000-7f2502324000 r--p 00000000 08:01 926997                     /usr/lib/locale/locale-archive
7f2502324000-7f2502327000 ---p 00000000 00:00 0 
7f2502327000-7f2502425000 rw-p 00000000 00:00 0 
7f2502425000-7f2502428000 ---p 00000000 00:00 0 
7f2502428000-7f2502526000 rw-p 00000000 00:00 0 
7f2502526000-7f2502527000 ---p 00000000 00:00 0 
7f2502527000-7f2502f9e000 rw-p 00000000 00:00 0 
7f2502f9e000-7f250316b000 r--s 03be5000 08:01 925275                     /usr/lib/jvm/java-8-openjdk-amd64/jre/lib/rt.jar
7f250316b000-7f2507d6b000 rw-p 00000000 00:00 0 
7f2507d6b000-7f2507d6c000 ---p 00000000 00:00 0 
7f2507d6c000-7f2507e6c000 rw-p 00000000 00:00 0 
7f2507e6c000-7f2507e6d000 ---p 00000000 00:00 0 
7f2507e6d000-7f25080c3000 rw-p 00000000 00:00 0 
7f25080c3000-7f2508218000 ---p 00000000 00:00 0 
7f2508218000-7f250836e000 rw-p 00000000 00:00 0 
7f250836e000-7f25084c2000 ---p 00000000 00:00 0 
7f25084c2000-7f25085ee000 rw-p 00000000 00:00 0 
7f25085ee000-7f2508618000 ---p 00000000 00:00 0 
7f2508618000-7f2508635000 rw-p 00000000 00:00 0 
7f2508635000-7f25089d9000 ---p 00000000 00:00 0 
7f25089d9000-7f25090d9000 rwxp 00000000 00:00 0 
7f25090d9000-7f25179d9000 ---p 00000000 00:00 0 
7f25179d9000-7f25179e1000 r-xp 00000000 08:01 925318                     /usr/lib/jvm/java-8-openjdk-amd64/jre/lib/amd64/libzip.so
7f25179e1000-7f2517be0000 ---p 00008000 08:01 925318                     /usr/lib/jvm/java-8-openjdk-amd64/jre/lib/amd64/libzip.so
7f2517be0000-7f2517be1000 r--p 00007000 08:01 925318                     /usr/lib/jvm/java-8-openjdk-amd64/jre/lib/amd64/libzip.so
7f2517be1000-7f2517be2000 rw-p 00008000 08:01 925318                     /usr/lib/jvm/java-8-openjdk-amd64/jre/lib/amd64/libzip.so
7f2517be2000-7f2517bed000 r-xp 00000000 08:01 430353                     /lib/x86_64-linux-gnu/libnss_files-2.23.so
7f2517bed000-7f2517dec000 ---p 0000b000 08:01 430353                     /lib/x86_64-linux-gnu/libnss_files-2.23.so
7f2517dec000-7f2517ded000 r--p 0000a000 08:01 430353                     /lib/x86_64-linux-gnu/libnss_files-2.23.so
7f2517ded000-7f2517dee000 rw-p 0000b000 08:01 430353                     /lib/x86_64-linux-gnu/libnss_files-2.23.so
7f2517dee000-7f2517df4000 rw-p 00000000 00:00 0 
7f2517df4000-7f2517dff000 r-xp 00000000 08:01 430337                     /lib/x86_64-linux-gnu/libnss_nis-2.23.so
7f2517dff000-7f2517ffe000 ---p 0000b000 08:01 430337                     /lib/x86_64-linux-gnu/libnss_nis-2.23.so
7f2517ffe000-7f2517fff000 r--p 0000a000 08:01 430337                     /lib/x86_64-linux-gnu/libnss_nis-2.23.so
7f2517fff000-7f2518000000 rw-p 0000b000 08:01 430337                     /lib/x86_64-linux-gnu/libnss_nis-2.23.so
7f2518000000-7f2518e30000 rw-p 00000000 00:00 0 
7f2518e30000-7f251c000000 ---p 00000000 00:00 0 
7f251c000000-7f251c01c000 r--s 00393000 08:01 925329                     /usr/lib/jvm/java-8-openjdk-amd64/jre/lib/ext/cldrdata.jar
7f251c01c000-7f251c0b3000 rw-p 00000000 00:00 0 
7f251c0b3000-7f251c0c9000 r-xp 00000000 08:01 430349                     /lib/x86_64-linux-gnu/libnsl-2.23.so
7f251c0c9000-7f251c2c8000 ---p 00016000 08:01 430349                     /lib/x86_64-linux-gnu/libnsl-2.23.so
7f251c2c8000-7f251c2c9000 r--p 00015000 08:01 430349                     /lib/x86_64-linux-gnu/libnsl-2.23.so
7f251c2c9000-7f251c2ca000 rw-p 00016000 08:01 430349                     /lib/x86_64-linux-gnu/libnsl-2.23.so
7f251c2ca000-7f251c2cc000 rw-p 00000000 00:00 0 
7f251c2cc000-7f251c2d4000 r-xp 00000000 08:01 430350                     /lib/x86_64-linux-gnu/libnss_compat-2.23.so
7f251c2d4000-7f251c4d3000 ---p 00008000 08:01 430350                     /lib/x86_64-linux-gnu/libnss_compat-2.23.so
7f251c4d3000-7f251c4d4000 r--p 00007000 08:01 430350                     /lib/x86_64-linux-gnu/libnss_compat-2.23.so
7f251c4d4000-7f251c4d5000 rw-p 00008000 08:01 430350                     /lib/x86_64-linux-gnu/libnss_compat-2.23.so
7f251c4d5000-7f251c502000 r-xp 00000000 08:01 925297                     /usr/lib/jvm/java-8-openjdk-amd64/jre/lib/amd64/libjava.so
7f251c502000-7f251c701000 ---p 0002d000 08:01 925297                     /usr/lib/jvm/java-8-openjdk-amd64/jre/lib/amd64/libjava.so
7f251c701000-7f251c702000 r--p 0002c000 08:01 925297                     /usr/lib/jvm/java-8-openjdk-amd64/jre/lib/amd64/libjava.so
7f251c702000-7f251c704000 rw-p 0002d000 08:01 925297                     /usr/lib/jvm/java-8-openjdk-amd64/jre/lib/amd64/libjava.so
7f251c704000-7f251c713000 r-xp 00000000 08:01 925317                     /usr/lib/jvm/java-8-openjdk-amd64/jre/lib/amd64/libverify.so
7f251c713000-7f251c912000 ---p 0000f000 08:01 925317                     /usr/lib/jvm/java-8-openjdk-amd64/jre/lib/amd64/libverify.so
7f251c912000-7f251c914000 r--p 0000e000 08:01 925317                     /usr/lib/jvm/java-8-openjdk-amd64/jre/lib/amd64/libverify.so
7f251c914000-7f251c915000 rw-p 00010000 08:01 925317                     /usr/lib/jvm/java-8-openjdk-amd64/jre/lib/amd64/libverify.so
7f251c915000-7f251c91c000 r-xp 00000000 08:01 430336                     /lib/x86_64-linux-gnu/librt-2.23.so
7f251c91c000-7f251cb1b000 ---p 00007000 08:01 430336                     /lib/x86_64-linux-gnu/librt-2.23.so
7f251cb1b000-7f251cb1c000 r--p 00006000 08:01 430336                     /lib/x86_64-linux-gnu/librt-2.23.so
7f251cb1c000-7f251cb1d000 rw-p 00007000 08:01 430336                     /lib/x86_64-linux-gnu/librt-2.23.so
7f251cb1d000-7f251cb33000 r-xp 00000000 08:01 398682                     /lib/x86_64-linux-gnu/libgcc_s.so.1
7f251cb33000-7f251cd32000 ---p 00016000 08:01 398682                     /lib/x86_64-linux-gnu/libgcc_s.so.1
7f251cd32000-7f251cd33000 rw-p 00015000 08:01 398682                     /lib/x86_64-linux-gnu/libgcc_s.so.1
7f251cd33000-7f251ce3b000 r-xp 00000000 08:01 430347                     /lib/x86_64-linux-gnu/libm-2.23.so
7f251ce3b000-7f251d03a000 ---p 00108000 08:01 430347                     /lib/x86_64-linux-gnu/libm-2.23.so
7f251d03a000-7f251d03b000 r--p 00107000 08:01 430347                     /lib/x86_64-linux-gnu/libm-2.23.so
7f251d03b000-7f251d03c000 rw-p 00108000 08:01 430347                     /lib/x86_64-linux-gnu/libm-2.23.so
7f251d03c000-7f251d1ae000 r-xp 00000000 08:01 921553                     /usr/lib/x86_64-linux-gnu/libstdc++.so.6.0.21
7f251d1ae000-7f251d3ae000 ---p 00172000 08:01 921553                     /usr/lib/x86_64-linux-gnu/libstdc++.so.6.0.21
7f251d3ae000-7f251d3b8000 r--p 00172000 08:01 921553                     /usr/lib/x86_64-linux-gnu/libstdc++.so.6.0.21
7f251d3b8000-7f251d3ba000 rw-p 0017c000 08:01 921553                     /usr/lib/x86_64-linux-gnu/libstdc++.so.6.0.21
7f251d3ba000-7f251d3be000 rw-p 00000000 00:00 0 
7f251d3be000-7f251e002000 r-xp 00000000 08:01 925323                     /usr/lib/jvm/java-8-openjdk-amd64/jre/lib/amd64/server/libjvm.so
7f251e002000-7f251e201000 ---p 00c44000 08:01 925323                     /usr/lib/jvm/java-8-openjdk-amd64/jre/lib/amd64/server/libjvm.so
7f251e201000-7f251e294000 r--p 00c43000 08:01 925323                     /usr/lib/jvm/java-8-openjdk-amd64/jre/lib/amd64/server/libjvm.so
7f251e294000-7f251e2bc000 rw-p 00cd6000 08:01 925323                     /usr/lib/jvm/java-8-openjdk-amd64/jre/lib/amd64/server/libjvm.so
7f251e2bc000-7f251e2eb000 rw-p 00000000 00:00 0 
7f251e2eb000-7f251e303000 r-xp 00000000 08:01 430348                     /lib/x86_64-linux-gnu/libpthread-2.23.so
7f251e303000-7f251e502000 ---p 00018000 08:01 430348                     /lib/x86_64-linux-gnu/libpthread-2.23.so
7f251e502000-7f251e503000 r--p 00017000 08:01 430348                     /lib/x86_64-linux-gnu/libpthread-2.23.so
7f251e503000-7f251e504000 rw-p 00018000 08:01 430348                     /lib/x86_64-linux-gnu/libpthread-2.23.so
7f251e504000-7f251e508000 rw-p 00000000 00:00 0 
7f251e508000-7f251e50b000 r-xp 00000000 08:01 430340                     /lib/x86_64-linux-gnu/libdl-2.23.so
7f251e50b000-7f251e70a000 ---p 00003000 08:01 430340                     /lib/x86_64-linux-gnu/libdl-2.23.so
7f251e70a000-7f251e70b000 r--p 00002000 08:01 430340                     /lib/x86_64-linux-gnu/libdl-2.23.so
7f251e70b000-7f251e70c000 rw-p 00003000 08:01 430340                     /lib/x86_64-linux-gnu/libdl-2.23.so
7f251e70c000-7f251e725000 r-xp 00000000 08:01 398835                     /lib/x86_64-linux-gnu/libz.so.1.2.8
7f251e725000-7f251e924000 ---p 00019000 08:01 398835                     /lib/x86_64-linux-gnu/libz.so.1.2.8
7f251e924000-7f251e925000 r--p 00018000 08:01 398835                     /lib/x86_64-linux-gnu/libz.so.1.2.8
7f251e925000-7f251e926000 rw-p 00019000 08:01 398835                     /lib/x86_64-linux-gnu/libz.so.1.2.8
7f251e926000-7f251eae5000 r-xp 00000000 08:01 430342                     /lib/x86_64-linux-gnu/libc-2.23.so
7f251eae5000-7f251ece5000 ---p 001bf000 08:01 430342                     /lib/x86_64-linux-gnu/libc-2.23.so
7f251ece5000-7f251ece9000 r--p 001bf000 08:01 430342                     /lib/x86_64-linux-gnu/libc-2.23.so
7f251ece9000-7f251eceb000 rw-p 001c3000 08:01 430342                     /lib/x86_64-linux-gnu/libc-2.23.so
7f251eceb000-7f251ecef000 rw-p 00000000 00:00 0 
7f251ecef000-7f251ecfc000 r-xp 00000000 08:01 925319                     /usr/lib/jvm/java-8-openjdk-amd64/jre/lib/amd64/jli/libjli.so
7f251ecfc000-7f251eefc000 ---p 0000d000 08:01 925319                     /usr/lib/jvm/java-8-openjdk-amd64/jre/lib/amd64/jli/libjli.so
7f251eefc000-7f251eefd000 r--p 0000d000 08:01 925319                     /usr/lib/jvm/java-8-openjdk-amd64/jre/lib/amd64/jli/libjli.so
7f251eefd000-7f251eefe000 rw-p 0000e000 08:01 925319                     /usr/lib/jvm/java-8-openjdk-amd64/jre/lib/amd64/jli/libjli.so
7f251eefe000-7f251ef24000 r-xp 00000000 08:01 430330                     /lib/x86_64-linux-gnu/ld-2.23.so
7f251ef24000-7f251ef25000 r--s 00008000 08:01 669079                     /home/valnyz/.m2/repository/org/nd4j/nd4j-native-api/0.7.2/nd4j-native-api-0.7.2.jar
7f251ef25000-7f251ef26000 r--s 00035000 08:01 294338                     /home/valnyz/.m2/repository/org/apache/directory/studio/org.apache.commons.codec/1.8/org.apache.commons.codec-1.8.jar
7f251ef26000-7f251ef27000 r--s 00000000 08:01 791823                     /home/valnyz/git/AutomaticSummarization/lib/GrammaticalWords.jar
7f251ef27000-7f251ef28000 r--s 00000000 08:01 792643                     /home/valnyz/git/AutomaticSummarization/lib/ReaderWriter.jar
7f251ef28000-7f251ef29000 r--s 00238000 08:01 815116                     /home/valnyz/git/AutomaticSummarization/lib/ModifiedJGibbLabeledLDA.jar
7f251ef29000-7f251ef2a000 r--s 00010000 08:01 925338                     /usr/lib/jvm/java-8-openjdk-amd64/jre/lib/ext/zipfs.jar
7f251ef2a000-7f251ef2c000 r--s 00001000 08:01 925330                     /usr/lib/jvm/java-8-openjdk-amd64/jre/lib/ext/dnsns.jar
7f251ef2c000-7f251ef2d000 r--s 0000a000 08:01 925332                     /usr/lib/jvm/java-8-openjdk-amd64/jre/lib/ext/jaccess.jar
7f251ef2d000-7f251eff9000 rw-p 00000000 00:00 0 
7f251eff9000-7f251effc000 ---p 00000000 00:00 0 
7f251effc000-7f251f0ff000 rw-p 00000000 00:00 0 
7f251f0ff000-7f251f105000 r--s 0003a000 08:01 925336                     /usr/lib/jvm/java-8-openjdk-amd64/jre/lib/ext/sunjce_provider.jar
7f251f105000-7f251f108000 r--s 0000f000 08:01 925331                     /usr/lib/jvm/java-8-openjdk-amd64/jre/lib/ext/icedtea-sound.jar
7f251f108000-7f251f112000 r--s 00116000 08:01 925333                     /usr/lib/jvm/java-8-openjdk-amd64/jre/lib/ext/localedata.jar
7f251f112000-7f251f113000 r--s 00008000 08:01 925335                     /usr/lib/jvm/java-8-openjdk-amd64/jre/lib/ext/sunec.jar
7f251f113000-7f251f117000 r--s 00037000 08:01 925337                     /usr/lib/jvm/java-8-openjdk-amd64/jre/lib/ext/sunpkcs11.jar
7f251f117000-7f251f11f000 rw-s 00000000 08:01 942622                     /tmp/hsperfdata_valnyz/10871
7f251f11f000-7f251f120000 rw-p 00000000 00:00 0 
7f251f120000-7f251f121000 ---p 00000000 00:00 0 
7f251f121000-7f251f123000 rw-p 00000000 00:00 0 
7f251f123000-7f251f124000 r--p 00025000 08:01 430330                     /lib/x86_64-linux-gnu/ld-2.23.so
7f251f124000-7f251f125000 rw-p 00026000 08:01 430330                     /lib/x86_64-linux-gnu/ld-2.23.so
7f251f125000-7f251f126000 rw-p 00000000 00:00 0 
7fff7dca1000-7fff7dcc4000 rw-p 00000000 00:00 0                          [stack]
7fff7dd97000-7fff7dd99000 r--p 00000000 00:00 0                          [vvar]
7fff7dd99000-7fff7dd9b000 r-xp 00000000 00:00 0                          [vdso]
ffffffffff600000-ffffffffff601000 r-xp 00000000 00:00 0                  [vsyscall]

VM Arguments:
jvm_args: -Xms1024m -Xmx2g -XX:MaxMetaspaceSize=2g -Dfile.encoding=UTF-8 
java_command: Start -conf conf/config_Word2Vec_MMR_TAC2008.xml
java_class_path (initial): /home/valnyz/git/AutomaticSummarization/target/classes:/home/valnyz/Documents/AutomaticSummarization/automaticSummarization_lib/stanford-corenlp-3.7.0.jar:/home/valnyz/Documents/AutomaticSummarization/automaticSummarization_lib/stanford-corenlp-3.7.0-models.jar:/home/valnyz/git/AutomaticSummarization/lib/ModifiedJGibbLabeledLDA.jar:/home/valnyz/git/AutomaticSummarization/lib/ReaderWriter.jar:/home/valnyz/git/AutomaticSummarization/lib/GrammaticalWords.jar:/home/valnyz/git/AutomaticSummarization/lib/trove-3.0.3.jar:/home/valnyz/.m2/repository/org/deeplearning4j/deeplearning4j-nlp/0.7.2/deeplearning4j-nlp-0.7.2.jar:/home/valnyz/.m2/repository/org/apache/directory/studio/org.apache.commons.codec/1.8/org.apache.commons.codec-1.8.jar:/home/valnyz/.m2/repository/commons-codec/commons-codec/1.8/commons-codec-1.8.jar:/home/valnyz/.m2/repository/org/nd4j/nd4j-native-api/0.7.2/nd4j-native-api-0.7.2.jar:/home/valnyz/.m2/repository/org/nd4j/nd4j-buffer/0.7.2/nd4j-buffer-0.7.2.jar:/home/valnyz/.m2/repository/org/nd4j/nd4j-common/0.7.2/nd4j-common-0.7.2.jar:/home/valnyz/.m2/repository/org/reflections/reflections/0.9.10/reflections-0.9.10.jar:/home/valnyz/.m2/repository/org/javassist/javassist/3.19.0-GA/javassist-3.19.0-GA.jar:/home/valnyz/.m2/repository/com/google/code/findbugs/annotations/2.0.1/annotations-2.0.1.jar:/home/valnyz/.m2/repository/commons-lang/commons-lang/2.6/commons-lang-2.6.jar:/home/valnyz/.m2/repository/org/deeplearning4j/deeplearning4j-core/0.7.2/deeplearning4j-core-0.7.2.jar:/home/valnyz/.m2/repository/org/slf4j/slf4j-api/1.7.12/slf4j-api-1.7.12.jar:/home/valnyz/.m2/repository/org/deeplearning4j/deeplearning4j-nn/0.7.2/deeplearning4j-nn-0.7.2.jar:/home/valnyz/.m2/repository/org/apache/commons/commons-math3/3.4.1/commons-math3-3.4.1.jar:/home/valnyz/.m2/repository/commons-io/commons-io/2.4/commons-io-2.4.jar:/home/valnyz/.m2/repository/org/apache/commons/commons-compress/1.8/commons-compress-1.8.jar:/home/valnyz/.m2/repository/org/
Launcher Type: SUN_STANDARD

Environment Variables:
PATH=/usr/local/sbin:/usr/local/bin:/usr/sbin:/usr/bin:/sbin:/bin:/usr/games:/usr/local/games
USERNAME=valnyz
SHELL=/bin/bash
DISPLAY=:0

Signal Handlers:
SIGSEGV: [libjvm.so+0xa5c320], sa_mask[0]=11111111011111111101111111111110, sa_flags=SA_RESTART|SA_SIGINFO
SIGBUS: [libjvm.so+0xa5c320], sa_mask[0]=11111111011111111101111111111110, sa_flags=SA_RESTART|SA_SIGINFO
SIGFPE: [libjvm.so+0x8a83d0], sa_mask[0]=11111111011111111101111111111110, sa_flags=SA_RESTART|SA_SIGINFO
SIGPIPE: [libjvm.so+0x8a83d0], sa_mask[0]=11111111011111111101111111111110, sa_flags=SA_RESTART|SA_SIGINFO
SIGXFSZ: [libjvm.so+0x8a83d0], sa_mask[0]=11111111011111111101111111111110, sa_flags=SA_RESTART|SA_SIGINFO
SIGILL: [libjvm.so+0x8a83d0], sa_mask[0]=11111111011111111101111111111110, sa_flags=SA_RESTART|SA_SIGINFO
SIGUSR1: SIG_DFL, sa_mask[0]=00000000000000000000000000000000, sa_flags=none
SIGUSR2: [libjvm.so+0x8a8280], sa_mask[0]=00100000000000000000000000000000, sa_flags=SA_RESTART|SA_SIGINFO
SIGHUP: [libjvm.so+0x8a8750], sa_mask[0]=11111111011111111101111111111110, sa_flags=SA_RESTART|SA_SIGINFO
SIGINT: [libjvm.so+0x8a8750], sa_mask[0]=11111111011111111101111111111110, sa_flags=SA_RESTART|SA_SIGINFO
SIGTERM: [libjvm.so+0x8a8750], sa_mask[0]=11111111011111111101111111111110, sa_flags=SA_RESTART|SA_SIGINFO
SIGQUIT: [libjvm.so+0x8a8750], sa_mask[0]=11111111011111111101111111111110, sa_flags=SA_RESTART|SA_SIGINFO


---------------  S Y S T E M  ---------------

OS:DISTRIB_ID=LinuxMint
DISTRIB_RELEASE=18
DISTRIB_CODENAME=sarah
DISTRIB_DESCRIPTION="Linux Mint 18 Sarah"

uname:Linux 4.4.0-21-generic #37-Ubuntu SMP Mon Apr 18 18:33:37 UTC 2016 x86_64
libc:glibc 2.23 NPTL 2.23 
rlimit: STACK 8192k, CORE 0k, NPROC 15646, NOFILE 65536, AS infinity
load average:2,43 2,16 2,05

/proc/meminfo:
MemTotal:        4046712 kB
MemFree:           38684 kB
MemAvailable:     145992 kB
Buffers:            3592 kB
Cached:           121512 kB
SwapCached:          488 kB
Active:          3076004 kB
Inactive:         815672 kB
Active(anon):    3018168 kB
Inactive(anon):   768480 kB
Active(file):      57836 kB
Inactive(file):    47192 kB
Unevictable:          16 kB
Mlocked:              16 kB
SwapTotal:       1046524 kB
SwapFree:         895832 kB
Dirty:               160 kB
Writeback:             0 kB
AnonPages:       3766556 kB
Mapped:            81148 kB
Shmem:             19900 kB
Slab:              53600 kB
SReclaimable:      32016 kB
SUnreclaim:        21584 kB
KernelStack:        9072 kB
PageTables:        29024 kB
NFS_Unstable:          0 kB
Bounce:                0 kB
WritebackTmp:          0 kB
CommitLimit:     3069880 kB
Committed_AS:   11448104 kB
VmallocTotal:   34359738367 kB
VmallocUsed:           0 kB
VmallocChunk:          0 kB
HardwareCorrupted:     0 kB
AnonHugePages:   2693120 kB
CmaTotal:              0 kB
CmaFree:               0 kB
HugePages_Total:       0
HugePages_Free:        0
HugePages_Rsvd:        0
HugePages_Surp:        0
Hugepagesize:       2048 kB
DirectMap4k:       92096 kB
DirectMap2M:     4102144 kB


CPU:total 2 (2 cores per cpu, 1 threads per core) family 6 model 60 stepping 3, cmov, cx8, fxsr, mmx, sse, sse2, sse3, ssse3, sse4.1, sse4.2, popcnt, avx, aes, clmul, lzcnt, tsc, tscinvbit

/proc/cpuinfo:
processor	: 0
vendor_id	: GenuineIntel
cpu family	: 6
model		: 60
model name	: Intel(R) Core(TM) i5-4210H CPU @ 2.90GHz
stepping	: 3
cpu MHz		: 2893.318
cache size	: 3072 KB
physical id	: 0
siblings	: 2
core id		: 0
cpu cores	: 2
apicid		: 0
initial apicid	: 0
fpu		: yes
fpu_exception	: yes
cpuid level	: 13
wp		: yes
flags		: fpu vme de pse tsc msr pae mce cx8 apic sep mtrr pge mca cmov pat pse36 clflush mmx fxsr sse sse2 ht syscall nx rdtscp lm constant_tsc rep_good nopl xtopology nonstop_tsc pni pclmulqdq ssse3 cx16 sse4_1 sse4_2 movbe popcnt aes xsave avx rdrand hypervisor lahf_lm abm
bugs		:
bogomips	: 5786.63
clflush size	: 64
cache_alignment	: 64
address sizes	: 39 bits physical, 48 bits virtual
power management:

processor	: 1
vendor_id	: GenuineIntel
cpu family	: 6
model		: 60
model name	: Intel(R) Core(TM) i5-4210H CPU @ 2.90GHz
stepping	: 3
cpu MHz		: 2893.318
cache size	: 3072 KB
physical id	: 0
siblings	: 2
core id		: 1
cpu cores	: 2
apicid		: 1
initial apicid	: 1
fpu		: yes
fpu_exception	: yes
cpuid level	: 13
wp		: yes
flags		: fpu vme de pse tsc msr pae mce cx8 apic sep mtrr pge mca cmov pat pse36 clflush mmx fxsr sse sse2 ht syscall nx rdtscp lm constant_tsc rep_good nopl xtopology nonstop_tsc pni pclmulqdq ssse3 cx16 sse4_1 sse4_2 movbe popcnt aes xsave avx rdrand hypervisor lahf_lm abm
bugs		:
bogomips	: 5786.63
clflush size	: 64
cache_alignment	: 64
address sizes	: 39 bits physical, 48 bits virtual
power management:



Memory: 4k page, physical 4046712k(38684k free), swap 1046524k(895832k free)

vm_info: OpenJDK 64-Bit Server VM (25.03-b03) for linux-amd64 JRE (1.8.0_03-Ubuntu-8u77-b03-3ubuntu3-b03), built on Apr 13 2016 19:16:47 by "buildd" with gcc 5.3.1 20160413

time: Mon Apr 10 19:58:44 2017
elapsed time: 7 seconds (0d 0h 0m 7s)

