#
# A fatal error has been detected by the Java Runtime Environment:
#
#  SIGSEGV (0xb) at pc=0x00007f2e8f5dd6c7, pid=11060, tid=139837831890688
#
# JRE version: OpenJDK Runtime Environment (8.0_03-b03) (build 1.8.0_03-Ubuntu-8u77-b03-3ubuntu3-b03)
# Java VM: OpenJDK 64-Bit Server VM (25.03-b03 mixed mode linux-amd64 compressed oops)
# Problematic frame:
# C  [libnd4jcpu.so+0x10c6c7]  NativeOps::execAggregateFloat(void**, int, float**, int, int**, int, int*, int, int**, int, float*, int)+0xf67
#
# Failed to write core dump. Core dumps have been disabled. To enable core dumping, try "ulimit -c unlimited" before starting Java again
#
# If you would like to submit a bug report, please visit:
#   http://bugreport.java.com/bugreport/crash.jsp
# The crash happened outside the Java Virtual Machine in native code.
# See problematic frame for where to report the bug.
#

---------------  T H R E A D  ---------------

Current thread (0x00007f2ed0ab4800):  JavaThread "VectorCalculationsThread 0" [_thread_in_native, id=11087, stack(0x00007f2e883bc000,0x00007f2e884bd000)]

siginfo: si_signo: 11 (SIGSEGV), si_code: 2 (SEGV_ACCERR), si_addr: 0x00007f2ed0f06640

Registers:
RAX=0x00007f2ed09a6cc0, RBX=0x000000000000012c, RCX=0x00007f2ed0f06640, RDX=0x00007f2ed0f06640
RSP=0x00007f2e884bb200, RBP=0x00000000000004b0, RSI=0x00007f2ed09a6cc0, RDI=0x0000000000000000
R8 =0x00007f2e6c000000, R9 =0x0000000000000000, R10=0x0000000000000000, R11=0x0000000000000001
R12=0x0000000000000000, R13=0x00000000000004b8, R14=0xffffffff00000000, R15=0x00000000000004b4
RIP=0x00007f2e8f5dd6c7, EFLAGS=0x0000000000010246, CSGSFS=0x0000000000000033, ERR=0x0000000000000004
  TRAPNO=0x000000000000000e

Top of Stack: (sp=0x00007f2e884bb200)
0x00007f2e884bb200:   00007f2e6c000e30 00007f2ed9b208f6
0x00007f2e884bb210:   0000000000000000 0000000000000000
0x00007f2e884bb220:   00007f2e00000048 00007f2e0000012c
0x00007f2e884bb230:   00007f2ed09a6cc0 0000000000000000
0x00007f2e884bb240:   000000000000000b 00007f2ed0f06af0
0x00007f2e884bb250:   000000000000012d 000000000000012e
0x00007f2e884bb260:   0000000000000000 0000000000000000
0x00007f2e884bb270:   0000000000002753 00000046000000c5
0x00007f2e884bb280:   74616f6c00000000 000000000008b100
0x00007f2e884bb290:   0000000000000000 00007f2e6c0086a0
0x00007f2e884bb2a0:   00007f2e6c008740 00000000000186a0
0x00007f2e884bb2b0:   0000004b00000000 00007f2e6c037fe0
0x00007f2e884bb2c0:   0074616f00000000 00007f2ed0a51dc0
0x00007f2e884bb2d0:   0000000000000048 000000000000004b
0x00007f2e884bb2e0:   0000008000000080 0000000000000000
0x00007f2e884bb2f0:   000000000000012c 0000000000000000
0x00007f2e884bb300:   000000c0000000c0 0000012b0000012b
0x00007f2e884bb310:   00007f2e6c037fe0 0000000000000000
0x00007f2e884bb320:   000000000000012c 000000000000012c
0x00007f2e884bb330:   0000000000000000 0000000000000000
0x00007f2e884bb340:   0000000000000000 0000000000000000
0x00007f2e884bb350:   00007f2e00000046 00007f2e6c037dd0
0x00007f2e884bb360:   00007f0000000000 00007f2ebc210269
0x00007f2e884bb370:   ffffffffffffff18 00007f2e6c000020
0x00007f2e884bb380:   0000000000000000 00007f2e6c0316a0
0x00007f2e884bb390:   0000000000000003 0000000000000000
0x00007f2e884bb3a0:   00007f2ed0589010 0000000000000006
0x00007f2e884bb3b0:   00007f2e6c0376a0 00007f2e6c000e20
0x00007f2e884bb3c0:   00007f2e6c000e30 0000000000000028
0x00007f2e884bb3d0:   0000000000000001 00007f2e6c0306a0
0x00007f2e884bb3e0:   00007f2e884bb500 00007f2e8f5e0e1b
0x00007f2e884bb3f0:   00007f2e00000000 00007f2e6c0036a0 

Instructions: (pc=0x00007f2e8f5dd6c7)
0x00007f2e8f5dd6a7:   4c 89 4c 24 10 48 89 c6 4c 89 54 24 18 48 89 ca
0x00007f2e8f5dd6b7:   0f 28 44 24 10 0f 87 a6 29 00 00 31 ff 0f 12 3e
0x00007f2e8f5dd6c7:   0f 12 32 0f 18 8a 40 01 00 00 0f 12 6e 10 0f 12
0x00007f2e8f5dd6d7:   62 10 0f 18 8e 40 01 00 00 0f 16 7e 08 0f 16 72 

Register to memory mapping:

RAX=0x00007f2ed09a6cc0 is an unknown value
RBX=0x000000000000012c is an unknown value
RCX=0x00007f2ed0f06640 is an unknown value
RDX=0x00007f2ed0f06640 is an unknown value
RSP=0x00007f2e884bb200 is pointing into the stack for thread: 0x00007f2ed0ab4800
RBP=0x00000000000004b0 is an unknown value
RSI=0x00007f2ed09a6cc0 is an unknown value
RDI=0x0000000000000000 is an unknown value
R8 =0x00007f2e6c000000 is an unknown value
R9 =0x0000000000000000 is an unknown value
R10=0x0000000000000000 is an unknown value
R11=0x0000000000000001 is an unknown value
R12=0x0000000000000000 is an unknown value
R13=0x00000000000004b8 is an unknown value
R14=0xffffffff00000000 is an unknown value
R15=0x00000000000004b4 is an unknown value


Stack: [0x00007f2e883bc000,0x00007f2e884bd000],  sp=0x00007f2e884bb200,  free space=1020k
Native frames: (J=compiled Java code, j=interpreted, Vv=VM code, C=native code)
C  [libnd4jcpu.so+0x10c6c7]  NativeOps::execAggregateFloat(void**, int, float**, int, int**, int, int*, int, int**, int, float*, int)+0xf67

Java frames: (J=compiled Java code, j=interpreted, Vv=VM code)
j  org.nd4j.nativeblas.Nd4jCpu$NativeOps.execAggregateBatchFloat(Lorg/bytedeco/javacpp/PointerPointer;IIIIIIIILorg/bytedeco/javacpp/Pointer;)V+0
j  org.nd4j.linalg.cpu.nativecpu.ops.NativeOpExecutioner.exec(Lorg/nd4j/linalg/api/ops/aggregates/Batch;)V+960
j  org.nd4j.linalg.cpu.nativecpu.ops.NativeOpExecutioner.exec(Ljava/util/List;)V+45
j  org.deeplearning4j.models.embeddings.learning.impl.elements.SkipGram.learnSequence(Lorg/deeplearning4j/models/sequencevectors/sequence/Sequence;Ljava/util/concurrent/atomic/AtomicLong;D)D+210
j  org.deeplearning4j.models.sequencevectors.SequenceVectors.trainSequence(Lorg/deeplearning4j/models/sequencevectors/sequence/Sequence;Ljava/util/concurrent/atomic/AtomicLong;D)V+90
j  org.deeplearning4j.models.sequencevectors.SequenceVectors$VectorCalculationsThread.run()V+194
v  ~StubRoutines::call_stub

---------------  P R O C E S S  ---------------

Java Threads: ( => current thread )
  0x00007f2ed0ab6800 JavaThread "VectorCalculationsThread 1" [_thread_in_Java, id=11088, stack(0x00007f2e882bb000,0x00007f2e883bc000)]
=>0x00007f2ed0ab4800 JavaThread "VectorCalculationsThread 0" [_thread_in_native, id=11087, stack(0x00007f2e883bc000,0x00007f2e884bd000)]
  0x00007f2ed0a51800 JavaThread "AsyncSequencer thread" daemon [_thread_in_Java, id=11086, stack(0x00007f2e884bd000,0x00007f2e885be000)]
  0x00007f2ed0617800 JavaThread "NativeRandomDeallocator thread 0" daemon [_thread_blocked, id=11081, stack(0x00007f2e8a507000,0x00007f2e8a608000)]
  0x00007f2ed0572000 JavaThread "JavaCPP Deallocator" daemon [_thread_blocked, id=11080, stack(0x00007f2ebc421000,0x00007f2ebc522000)]
  0x00007f2ed00b2800 JavaThread "Service Thread" daemon [_thread_blocked, id=11076, stack(0x00007f2ebc81e000,0x00007f2ebc91f000)]
  0x00007f2ed00b0000 JavaThread "C1 CompilerThread1" daemon [_thread_blocked, id=11075, stack(0x00007f2ebc91f000,0x00007f2ebca20000)]
  0x00007f2ed00ad000 JavaThread "C2 CompilerThread0" daemon [_thread_in_native, id=11074, stack(0x00007f2ebca20000,0x00007f2ebcb21000)]
  0x00007f2ed00ab000 JavaThread "Signal Dispatcher" daemon [_thread_blocked, id=11073, stack(0x00007f2ebcb21000,0x00007f2ebcc22000)]
  0x00007f2ed0083000 JavaThread "Finalizer" daemon [_thread_blocked, id=11072, stack(0x00007f2ebceff000,0x00007f2ebd000000)]
  0x00007f2ed007e800 JavaThread "Reference Handler" daemon [_thread_blocked, id=11071, stack(0x00007f2ed4054000,0x00007f2ed4155000)]
  0x00007f2ed000d800 JavaThread "main" [_thread_blocked, id=11062, stack(0x00007f2ed9c0c000,0x00007f2ed9d0d000)]

Other Threads:
  0x00007f2ed0077000 VMThread [stack: 0x00007f2ed4155000,0x00007f2ed4256000] [id=11067]
  0x00007f2ed00b9800 WatcherThread [stack: 0x00007f2ebc71d000,0x00007f2ebc81e000] [id=11077]

VM state:not at safepoint (normal execution)

VM Mutex/Monitor currently owned by a thread: None

Heap:
 PSYoungGen      total 305664K, used 253940K [0x00000000d5580000, 0x00000000faa80000, 0x0000000100000000)
  eden space 262144K, 91% used [0x00000000d5580000,0x00000000e4081f78,0x00000000e5580000)
  from space 43520K, 30% used [0x00000000e5580000,0x00000000e627b2b0,0x00000000e8000000)
  to   space 43520K, 0% used [0x00000000f8000000,0x00000000f8000000,0x00000000faa80000)
 ParOldGen       total 699392K, used 0K [0x0000000080000000, 0x00000000aab00000, 0x00000000d5580000)
  object space 699392K, 0% used [0x0000000080000000,0x0000000080000000,0x00000000aab00000)
 Metaspace       used 18246K, capacity 18438K, committed 18688K, reserved 1067008K
  class space    used 1665K, capacity 1714K, committed 1792K, reserved 1048576K

Card table byte_map: [0x00007f2ed5ede000,0x00007f2ed62df000] byte_map_base: 0x00007f2ed5ade000

Marking Bits: (ParMarkBitMap*) 0x00007f2ed8ee2fc0
 Begin Bits: [0x00007f2ebd000000, 0x00007f2ebf000000)
 End Bits:   [0x00007f2ebf000000, 0x00007f2ec1000000)

Polling page: 0x00007f2ed9d33000

CodeCache: size=245760Kb used=6835Kb max_used=6835Kb free=238924Kb
 bounds [0x00007f2ec1000000, 0x00007f2ec16c0000, 0x00007f2ed0000000]
 total_blobs=2639 nmethods=1698 adapters=855
 compilation: enabled

Compilation events (10 events):
Event: 5,227 Thread 0x00007f2ed00b0000 1717       1       org.nd4j.linalg.api.ops.aggregates.Batch::getAggregates (5 bytes)
Event: 5,227 Thread 0x00007f2ed00b0000 nmethod 1717 0x00007f2ec16af150 code [0x00007f2ec16af2a0, 0x00007f2ec16af3b0]
Event: 5,231 Thread 0x00007f2ed00b0000 1722       2       java.util.ArrayList$SubList::get (23 bytes)
Event: 5,231 Thread 0x00007f2ed00b0000 nmethod 1722 0x00007f2ec16af410 code [0x00007f2ec16af5a0, 0x00007f2ec16af8c8]
Event: 5,231 Thread 0x00007f2ed00b0000 1723       2       java.util.ArrayList$SubList::rangeCheck (26 bytes)
Event: 5,232 Thread 0x00007f2ed00b0000 nmethod 1723 0x00007f2ec16afb90 code [0x00007f2ec16afd60, 0x00007f2ec16b01d8]
Event: 5,232 Thread 0x00007f2ed00b0000 1724       2       org.bytedeco.javacpp.FloatPointer::<init> (6 bytes)
Event: 5,232 Thread 0x00007f2ed00b0000 nmethod 1724 0x00007f2ec16b0510 code [0x00007f2ec16b0680, 0x00007f2ec16b07e8]
Event: 5,232 Thread 0x00007f2ed00b0000 1725       2       org.bytedeco.javacpp.PointerPointer::<init> (6 bytes)
Event: 5,232 Thread 0x00007f2ed00b0000 nmethod 1725 0x00007f2ec16b0890 code [0x00007f2ec16b0a00, 0x00007f2ec16b0b68]

GC Heap History (2 events):
Event: 3,560 GC heap before
{Heap before GC invocations=1 (full 0):
 PSYoungGen      total 305664K, used 262144K [0x00000000d5580000, 0x00000000eaa80000, 0x0000000100000000)
  eden space 262144K, 100% used [0x00000000d5580000,0x00000000e5580000,0x00000000e5580000)
  from space 43520K, 0% used [0x00000000e8000000,0x00000000e8000000,0x00000000eaa80000)
  to   space 43520K, 0% used [0x00000000e5580000,0x00000000e5580000,0x00000000e8000000)
 ParOldGen       total 699392K, used 0K [0x0000000080000000, 0x00000000aab00000, 0x00000000d5580000)
  object space 699392K, 0% used [0x0000000080000000,0x0000000080000000,0x00000000aab00000)
 Metaspace       used 15273K, capacity 15433K, committed 15616K, reserved 1062912K
  class space    used 1609K, capacity 1678K, committed 1792K, reserved 1048576K
Event: 3,622 GC heap after
Heap after GC invocations=1 (full 0):
 PSYoungGen      total 305664K, used 13292K [0x00000000d5580000, 0x00000000faa80000, 0x0000000100000000)
  eden space 262144K, 0% used [0x00000000d5580000,0x00000000d5580000,0x00000000e5580000)
  from space 43520K, 30% used [0x00000000e5580000,0x00000000e627b2b0,0x00000000e8000000)
  to   space 43520K, 0% used [0x00000000f8000000,0x00000000f8000000,0x00000000faa80000)
 ParOldGen       total 699392K, used 0K [0x0000000080000000, 0x00000000aab00000, 0x00000000d5580000)
  object space 699392K, 0% used [0x0000000080000000,0x0000000080000000,0x00000000aab00000)
 Metaspace       used 15273K, capacity 15433K, committed 15616K, reserved 1062912K
  class space    used 1609K, capacity 1678K, committed 1792K, reserved 1048576K
}

Deoptimization events (10 events):
Event: 3,423 Thread 0x00007f2ed000d800 Uncommon trap: reason=array_check action=maybe_recompile pc=0x00007f2ec1450c1c method=java.util.AbstractCollection.toArray([Ljava/lang/Object;)[Ljava/lang/Object; @ 119
Event: 4,109 Thread 0x00007f2ed000d800 Uncommon trap: reason=unstable_if action=reinterpret pc=0x00007f2ec144ffe4 method=sun.nio.cs.UTF_8$Decoder.decodeArrayLoop(Ljava/nio/ByteBuffer;Ljava/nio/CharBuffer;)Ljava/nio/charset/CoderResult; @ 84
Event: 4,184 Thread 0x00007f2ed000d800 Uncommon trap: reason=unstable_if action=reinterpret pc=0x00007f2ec138a7dc method=sun.misc.URLClassPath$FileLoader.getResource(Ljava/lang/String;Z)Lsun/misc/Resource; @ 139
Event: 4,629 Thread 0x00007f2ed000d800 Uncommon trap: reason=unstable_if action=reinterpret pc=0x00007f2ec15b2428 method=java.util.concurrent.ConcurrentHashMap.get(Ljava/lang/Object;)Ljava/lang/Object; @ 152
Event: 4,629 Thread 0x00007f2ed000d800 Uncommon trap: reason=unstable_if action=reinterpret pc=0x00007f2ec15afee4 method=java.util.concurrent.ConcurrentHashMap.get(Ljava/lang/Object;)Ljava/lang/Object; @ 152
Event: 4,766 Thread 0x00007f2ed000d800 Uncommon trap: reason=unstable_if action=reinterpret pc=0x00007f2ec1617a00 method=java.util.concurrent.ConcurrentHashMap.putVal(Ljava/lang/Object;Ljava/lang/Object;Z)Ljava/lang/Object; @ 206
Event: 4,775 Thread 0x00007f2ed000d800 Uncommon trap: reason=unstable_if action=reinterpret pc=0x00007f2ec15b14c0 method=java.util.regex.Pattern.RemoveQEQuoting()V @ 22
Event: 4,777 Thread 0x00007f2ed000d800 Uncommon trap: reason=class_check action=maybe_recompile pc=0x00007f2ec151d598 method=java.util.regex.Pattern.compile()V @ 246
Event: 4,943 Thread 0x00007f2ed000d800 Uncommon trap: reason=unstable_if action=reinterpret pc=0x00007f2ec15df498 method=java.util.LinkedHashMap.afterNodeInsertion(Z)V @ 1
Event: 5,155 Thread 0x00007f2ed0a51800 Uncommon trap: reason=unstable_if action=reinterpret pc=0x00007f2ec1364a6c method=java.lang.ThreadLocal.get()Ljava/lang/Object; @ 11

Internal exceptions (10 events):
Event: 0,678 Thread 0x00007f2ed000d800 Exception <a 'java/lang/NoClassDefFoundError': org/slf4j/impl/StaticLoggerBinder> (0x00000000d61f42b0) thrown at [/build/openjdk-8-hYz2tH/openjdk-8-8u77-b03/src/hotspot/src/share/vm/classfile/systemDictionary.cpp, line 199]
Event: 1,204 Thread 0x00007f2ed000d800 Exception <a 'java/lang/NoSuchFieldError': method resolution failed> (0x00000000d74c37b0) thrown at [/build/openjdk-8-hYz2tH/openjdk-8-8u77-b03/src/hotspot/src/share/vm/prims/methodHandles.cpp, line 1146]
Event: 1,209 Thread 0x00007f2ed000d800 Exception <a 'java/lang/NoSuchFieldError': method resolution failed> (0x00000000d74d0ea0) thrown at [/build/openjdk-8-hYz2tH/openjdk-8-8u77-b03/src/hotspot/src/share/vm/prims/methodHandles.cpp, line 1146]
Event: 2,002 Thread 0x00007f2ed000d800 Exception <a 'java/lang/ArrayIndexOutOfBoundsException'> (0x00000000da45a3f8) thrown at [/build/openjdk-8-hYz2tH/openjdk-8-8u77-b03/src/hotspot/src/share/vm/runtime/sharedRuntime.cpp, line 605]
Event: 2,002 Thread 0x00007f2ed000d800 Exception <a 'java/lang/ArrayIndexOutOfBoundsException'> (0x00000000da45b688) thrown at [/build/openjdk-8-hYz2tH/openjdk-8-8u77-b03/src/hotspot/src/share/vm/runtime/sharedRuntime.cpp, line 605]
Event: 2,007 Thread 0x00007f2ed000d800 Exception <a 'java/lang/ArrayIndexOutOfBoundsException'> (0x00000000da45cb70) thrown at [/build/openjdk-8-hYz2tH/openjdk-8-8u77-b03/src/hotspot/src/share/vm/runtime/sharedRuntime.cpp, line 605]
Event: 2,007 Thread 0x00007f2ed000d800 Exception <a 'java/lang/ArrayIndexOutOfBoundsException'> (0x00000000da45e360) thrown at [/build/openjdk-8-hYz2tH/openjdk-8-8u77-b03/src/hotspot/src/share/vm/runtime/sharedRuntime.cpp, line 605]
Event: 2,016 Thread 0x00007f2ed000d800 Exception <a 'java/lang/ArrayIndexOutOfBoundsException'> (0x00000000da4cd778) thrown at [/build/openjdk-8-hYz2tH/openjdk-8-8u77-b03/src/hotspot/src/share/vm/runtime/sharedRuntime.cpp, line 605]
Event: 2,032 Thread 0x00007f2ed000d800 Exception <a 'java/lang/ArrayIndexOutOfBoundsException'> (0x00000000da549410) thrown at [/build/openjdk-8-hYz2tH/openjdk-8-8u77-b03/src/hotspot/src/share/vm/runtime/sharedRuntime.cpp, line 605]
Event: 5,155 Thread 0x00007f2ed0a51800 Implicit null exception at 0x00007f2ec136498b to 0x00007f2ec1364a59

Events (10 events):
Event: 5,162 loading class org/nd4j/linalg/heartbeat/reports/Task$ArchitectureType done
Event: 5,162 Executing VM operation: RevokeBias
Event: 5,171 Thread 0x00007f2ed0ab6800 Thread added: 0x00007f2ed0ab6800
Event: 5,172 Executing VM operation: RevokeBias done
Event: 5,210 loading class org/nd4j/linalg/api/ops/aggregates/impl/AggregateSkipGram
Event: 5,210 loading class org/nd4j/linalg/api/ops/aggregates/impl/AggregateSkipGram done
Event: 5,211 loading class org/nd4j/linalg/api/ops/aggregates/BaseAggregate
Event: 5,211 loading class org/nd4j/linalg/api/ops/aggregates/BaseAggregate done
Event: 5,216 loading class org/nd4j/linalg/api/ops/aggregates/Batch
Event: 5,217 loading class org/nd4j/linalg/api/ops/aggregates/Batch done


Dynamic libraries:
00400000-00401000 r-xp 00000000 08:01 925237                             /usr/lib/jvm/java-8-openjdk-amd64/jre/bin/java
00600000-00601000 r--p 00000000 08:01 925237                             /usr/lib/jvm/java-8-openjdk-amd64/jre/bin/java
00601000-00602000 rw-p 00001000 08:01 925237                             /usr/lib/jvm/java-8-openjdk-amd64/jre/bin/java
01fe3000-02054000 rw-p 00000000 00:00 0                                  [heap]
80000000-aab00000 rw-p 00000000 00:00 0 
aab00000-d5580000 ---p 00000000 00:00 0 
d5580000-faa80000 rw-p 00000000 00:00 0 
faa80000-100000000 ---p 00000000 00:00 0 
100000000-1001c0000 rw-p 00000000 00:00 0 
1001c0000-140000000 ---p 00000000 00:00 0 
7f2e6c000000-7f2e6c039000 rw-p 00000000 00:00 0 
7f2e6c039000-7f2e70000000 ---p 00000000 00:00 0 
7f2e74000000-7f2e74021000 rw-p 00000000 00:00 0 
7f2e74021000-7f2e78000000 ---p 00000000 00:00 0 
7f2e79a3b000-7f2e79a3c000 ---p 00000000 00:00 0 
7f2e79a3c000-7f2e7a23c000 rw-p 00000000 00:00 0 
7f2e7a23c000-7f2e7e23c000 rw-p 00000000 00:00 0 
7f2e7e23c000-7f2e7e23d000 ---p 00000000 00:00 0 
7f2e7e23d000-7f2e7ea3d000 rw-p 00000000 00:00 0 
7f2e7ea3d000-7f2e7f93f000 r-xp 00000000 08:01 430896                     /home/valnyz/.javacpp/cache/openblas-0.2.19-1.3-linux-x86_64.jar/org/bytedeco/javacpp/linux-x86_64/libjniopenblas.so
7f2e7f93f000-7f2e7fb3e000 ---p 00f02000 08:01 430896                     /home/valnyz/.javacpp/cache/openblas-0.2.19-1.3-linux-x86_64.jar/org/bytedeco/javacpp/linux-x86_64/libjniopenblas.so
7f2e7fb3e000-7f2e7fb46000 rw-p 00f01000 08:01 430896                     /home/valnyz/.javacpp/cache/openblas-0.2.19-1.3-linux-x86_64.jar/org/bytedeco/javacpp/linux-x86_64/libjniopenblas.so
7f2e7fb46000-7f2e81b46000 rw-p 00000000 00:00 0 
7f2e81b46000-7f2e83d7e000 r-xp 00000000 08:01 430894                     /home/valnyz/.javacpp/cache/openblas-0.2.19-1.3-linux-x86_64.jar/org/bytedeco/javacpp/linux-x86_64/libopenblas.so.0
7f2e83d7e000-7f2e83f7e000 ---p 02238000 08:01 430894                     /home/valnyz/.javacpp/cache/openblas-0.2.19-1.3-linux-x86_64.jar/org/bytedeco/javacpp/linux-x86_64/libopenblas.so.0
7f2e83f7e000-7f2e83f9d000 rw-p 02238000 08:01 430894                     /home/valnyz/.javacpp/cache/openblas-0.2.19-1.3-linux-x86_64.jar/org/bytedeco/javacpp/linux-x86_64/libopenblas.so.0
7f2e83f9d000-7f2e84000000 rw-p 00000000 00:00 0 
7f2e84000000-7f2e84021000 rw-p 00000000 00:00 0 
7f2e84021000-7f2e88000000 ---p 00000000 00:00 0 
7f2e882bb000-7f2e882be000 ---p 00000000 00:00 0 
7f2e882be000-7f2e883bc000 rw-p 00000000 00:00 0 
7f2e883bc000-7f2e883bf000 ---p 00000000 00:00 0 
7f2e883bf000-7f2e884bd000 rw-p 00000000 00:00 0 
7f2e884bd000-7f2e884c0000 ---p 00000000 00:00 0 
7f2e884c0000-7f2e885be000 rw-p 00000000 00:00 0 
7f2e885be000-7f2e885bf000 ---p 00000000 00:00 0 
7f2e885bf000-7f2e88dbf000 rw-p 00000000 00:00 0 
7f2e88dbf000-7f2e88dc0000 ---p 00000000 00:00 0 
7f2e88dc0000-7f2e895c0000 rw-p 00000000 00:00 0 
7f2e895c0000-7f2e896b0000 r-xp 00000000 08:01 430892                     /home/valnyz/.javacpp/cache/openblas-0.2.19-1.3-linux-x86_64.jar/org/bytedeco/javacpp/linux-x86_64/libgfortran.so.3
7f2e896b0000-7f2e898af000 ---p 000f0000 08:01 430892                     /home/valnyz/.javacpp/cache/openblas-0.2.19-1.3-linux-x86_64.jar/org/bytedeco/javacpp/linux-x86_64/libgfortran.so.3
7f2e898af000-7f2e898b1000 rw-p 000ef000 08:01 430892                     /home/valnyz/.javacpp/cache/openblas-0.2.19-1.3-linux-x86_64.jar/org/bytedeco/javacpp/linux-x86_64/libgfortran.so.3
7f2e898b1000-7f2e898b2000 rw-p 00000000 00:00 0 
7f2e898b2000-7f2e898f0000 r-xp 00000000 08:01 921559                     /usr/lib/x86_64-linux-gnu/libquadmath.so.0.0.0
7f2e898f0000-7f2e89aef000 ---p 0003e000 08:01 921559                     /usr/lib/x86_64-linux-gnu/libquadmath.so.0.0.0
7f2e89aef000-7f2e89af0000 r--p 0003d000 08:01 921559                     /usr/lib/x86_64-linux-gnu/libquadmath.so.0.0.0
7f2e89af0000-7f2e89af1000 rw-p 0003e000 08:01 921559                     /usr/lib/x86_64-linux-gnu/libquadmath.so.0.0.0
7f2e89af1000-7f2e89b07000 r-xp 00000000 08:01 430890                     /home/valnyz/.javacpp/cache/openblas-0.2.19-1.3-linux-x86_64.jar/org/bytedeco/javacpp/linux-x86_64/libgcc_s.so.1
7f2e89b07000-7f2e89d06000 ---p 00016000 08:01 430890                     /home/valnyz/.javacpp/cache/openblas-0.2.19-1.3-linux-x86_64.jar/org/bytedeco/javacpp/linux-x86_64/libgcc_s.so.1
7f2e89d06000-7f2e89d07000 rw-p 00015000 08:01 430890                     /home/valnyz/.javacpp/cache/openblas-0.2.19-1.3-linux-x86_64.jar/org/bytedeco/javacpp/linux-x86_64/libgcc_s.so.1
7f2e89d07000-7f2e89d87000 rw-p 00000000 00:00 0 
7f2e89d87000-7f2e89f07000 ---p 00000000 00:00 0 
7f2e89f07000-7f2e8a107000 rw-p 00000000 00:00 0 
7f2e8a107000-7f2e8a307000 rw-p 00000000 00:00 0 
7f2e8a307000-7f2e8a507000 rw-p 00000000 00:00 0 
7f2e8a507000-7f2e8a50a000 ---p 00000000 00:00 0 
7f2e8a50a000-7f2e8f254000 rw-p 00000000 00:00 0 
7f2e8f254000-7f2e8f2d1000 r-xp 00000000 08:01 295054                     /home/valnyz/.javacpp/cache/nd4j-native-0.7.2-linux-x86_64.jar/org/nd4j/nativeblas/linux-x86_64/libjnind4jcpu.so
7f2e8f2d1000-7f2e8f4d0000 ---p 0007d000 08:01 295054                     /home/valnyz/.javacpp/cache/nd4j-native-0.7.2-linux-x86_64.jar/org/nd4j/nativeblas/linux-x86_64/libjnind4jcpu.so
7f2e8f4d0000-7f2e8f4d1000 rw-p 0007c000 08:01 295054                     /home/valnyz/.javacpp/cache/nd4j-native-0.7.2-linux-x86_64.jar/org/nd4j/nativeblas/linux-x86_64/libjnind4jcpu.so
7f2e8f4d1000-7f2e8f6d3000 r-xp 00000000 08:01 295053                     /home/valnyz/.javacpp/cache/nd4j-native-0.7.2-linux-x86_64.jar/org/nd4j/nativeblas/linux-x86_64/libnd4jcpu.so
7f2e8f6d3000-7f2e8f8d3000 ---p 00202000 08:01 295053                     /home/valnyz/.javacpp/cache/nd4j-native-0.7.2-linux-x86_64.jar/org/nd4j/nativeblas/linux-x86_64/libnd4jcpu.so
7f2e8f8d3000-7f2e8f8d4000 rw-p 00202000 08:01 295053                     /home/valnyz/.javacpp/cache/nd4j-native-0.7.2-linux-x86_64.jar/org/nd4j/nativeblas/linux-x86_64/libnd4jcpu.so
7f2e8f8d4000-7f2e8fbd5000 rw-p 00000000 00:00 0 
7f2e8fbd5000-7f2e8fbec000 r-xp 00000000 08:01 925309                     /usr/lib/jvm/java-8-openjdk-amd64/jre/lib/amd64/libnet.so
7f2e8fbec000-7f2e8fdeb000 ---p 00017000 08:01 925309                     /usr/lib/jvm/java-8-openjdk-amd64/jre/lib/amd64/libnet.so
7f2e8fdeb000-7f2e8fdec000 r--p 00016000 08:01 925309                     /usr/lib/jvm/java-8-openjdk-amd64/jre/lib/amd64/libnet.so
7f2e8fdec000-7f2e8fded000 rw-p 00017000 08:01 925309                     /usr/lib/jvm/java-8-openjdk-amd64/jre/lib/amd64/libnet.so
7f2e8fded000-7f2e8fdfe000 r-xp 00000000 08:01 925310                     /usr/lib/jvm/java-8-openjdk-amd64/jre/lib/amd64/libnio.so
7f2e8fdfe000-7f2e8fffe000 ---p 00011000 08:01 925310                     /usr/lib/jvm/java-8-openjdk-amd64/jre/lib/amd64/libnio.so
7f2e8fffe000-7f2e8ffff000 r--p 00011000 08:01 925310                     /usr/lib/jvm/java-8-openjdk-amd64/jre/lib/amd64/libnio.so
7f2e8ffff000-7f2e90000000 rw-p 00012000 08:01 925310                     /usr/lib/jvm/java-8-openjdk-amd64/jre/lib/amd64/libnio.so
7f2e90000000-7f2e90021000 rw-p 00000000 00:00 0 
7f2e90021000-7f2e94000000 ---p 00000000 00:00 0 
7f2e94000000-7f2e94021000 rw-p 00000000 00:00 0 
7f2e94021000-7f2e98000000 ---p 00000000 00:00 0 
7f2e98000000-7f2e9872b000 rw-p 00000000 00:00 0 
7f2e9872b000-7f2e9c000000 ---p 00000000 00:00 0 
7f2e9c000000-7f2e9c021000 rw-p 00000000 00:00 0 
7f2e9c021000-7f2ea0000000 ---p 00000000 00:00 0 
7f2ea0000000-7f2ea0021000 rw-p 00000000 00:00 0 
7f2ea0021000-7f2ea4000000 ---p 00000000 00:00 0 
7f2ea4000000-7f2ea4a4e000 rw-p 00000000 00:00 0 
7f2ea4a4e000-7f2ea8000000 ---p 00000000 00:00 0 
7f2ea8000000-7f2ea8021000 rw-p 00000000 00:00 0 
7f2ea8021000-7f2eac000000 ---p 00000000 00:00 0 
7f2eac000000-7f2eac021000 rw-p 00000000 00:00 0 
7f2eac021000-7f2eb0000000 ---p 00000000 00:00 0 
7f2eb0000000-7f2eb0021000 rw-p 00000000 00:00 0 
7f2eb0021000-7f2eb4000000 ---p 00000000 00:00 0 
7f2eb4000000-7f2eb4021000 rw-p 00000000 00:00 0 
7f2eb4021000-7f2eb8000000 ---p 00000000 00:00 0 
7f2eb8000000-7f2eb8021000 rw-p 00000000 00:00 0 
7f2eb8021000-7f2ebc000000 ---p 00000000 00:00 0 
7f2ebc008000-7f2ebc00c000 r--s 00097000 08:01 925266                     /usr/lib/jvm/java-8-openjdk-amd64/jre/lib/jsse.jar
7f2ebc00c000-7f2ebc20c000 rw-p 00000000 00:00 0 
7f2ebc20c000-7f2ebc221000 r-xp 00000000 08:01 295051                     /home/valnyz/.javacpp/cache/nd4j-native-0.7.2-linux-x86_64.jar/org/nd4j/nativeblas/linux-x86_64/libgomp.so.1
7f2ebc221000-7f2ebc420000 ---p 00015000 08:01 295051                     /home/valnyz/.javacpp/cache/nd4j-native-0.7.2-linux-x86_64.jar/org/nd4j/nativeblas/linux-x86_64/libgomp.so.1
7f2ebc420000-7f2ebc421000 rw-p 00014000 08:01 295051                     /home/valnyz/.javacpp/cache/nd4j-native-0.7.2-linux-x86_64.jar/org/nd4j/nativeblas/linux-x86_64/libgomp.so.1
7f2ebc421000-7f2ebc424000 ---p 00000000 00:00 0 
7f2ebc424000-7f2ebc522000 rw-p 00000000 00:00 0 
7f2ebc522000-7f2ebc524000 r--s 00001000 08:01 535544                     /home/valnyz/.m2/repository/org/nd4j/nd4j-context/0.7.2/nd4j-context-0.7.2.jar
7f2ebc524000-7f2ebc533000 r--s 000cc000 08:01 535534                     /home/valnyz/.m2/repository/org/nd4j/nd4j-api/0.7.2/nd4j-api-0.7.2.jar
7f2ebc536000-7f2ebc538000 r--s 01608000 08:01 669072                     /home/valnyz/.m2/repository/org/bytedeco/javacpp-presets/openblas/0.2.19-1.3/openblas-0.2.19-1.3-linux-x86_64.jar
7f2ebc538000-7f2ebc539000 r--s 00104000 08:01 669070                     /home/valnyz/.m2/repository/org/bytedeco/javacpp-presets/openblas/0.2.19-1.3/openblas-0.2.19-1.3-android-x86.jar
7f2ebc539000-7f2ebc53a000 r--s 0009e000 08:01 669068                     /home/valnyz/.m2/repository/org/bytedeco/javacpp-presets/openblas/0.2.19-1.3/openblas-0.2.19-1.3-android-arm.jar
7f2ebc53a000-7f2ebc53b000 r--s 0001c000 08:01 669066                     /home/valnyz/.m2/repository/org/bytedeco/javacpp-presets/openblas/0.2.19-1.3/openblas-0.2.19-1.3.jar
7f2ebc53b000-7f2ebc540000 r--s 00048000 08:01 535566                     /home/valnyz/.m2/repository/org/bytedeco/javacpp/1.3.1/javacpp-1.3.1.jar
7f2ebc540000-7f2ebc541000 r--s 0009d000 08:01 535587                     /home/valnyz/.m2/repository/org/nd4j/nd4j-native/0.7.2/nd4j-native-0.7.2-linux-x86_64.jar
7f2ebc541000-7f2ebc543000 r--s 0000e000 08:01 535585                     /home/valnyz/.m2/repository/org/nd4j/nd4j-native/0.7.2/nd4j-native-0.7.2.jar
7f2ebc543000-7f2ebc545000 r--s 00002000 08:01 669159                     /home/valnyz/.m2/repository/org/nd4j/nd4j-jackson/0.7.2/nd4j-jackson-0.7.2.jar
7f2ebc545000-7f2ebc546000 r--s 00239000 08:01 669052                     /home/valnyz/.m2/repository/org/bytedeco/javacpp-presets/leptonica/1.73-1.3/leptonica-1.73-1.3-linux-ppc64le.jar
7f2ebc546000-7f2ebc548000 r--s 00291000 08:01 669050                     /home/valnyz/.m2/repository/org/bytedeco/javacpp-presets/leptonica/1.73-1.3/leptonica-1.73-1.3-windows-x86_64.jar
7f2ebc548000-7f2ebc549000 r--s 00254000 08:01 669048                     /home/valnyz/.m2/repository/org/bytedeco/javacpp-presets/leptonica/1.73-1.3/leptonica-1.73-1.3-macosx-x86_64.jar
7f2ebc549000-7f2ebc54b000 r--s 00242000 08:01 669046                     /home/valnyz/.m2/repository/org/bytedeco/javacpp-presets/leptonica/1.73-1.3/leptonica-1.73-1.3-linux-x86_64.jar
7f2ebc54b000-7f2ebc54c000 r--s 00245000 08:01 669044                     /home/valnyz/.m2/repository/org/bytedeco/javacpp-presets/leptonica/1.73-1.3/leptonica-1.73-1.3-android-x86.jar
7f2ebc54c000-7f2ebc54d000 r--s 001e0000 08:01 669042                     /home/valnyz/.m2/repository/org/bytedeco/javacpp-presets/leptonica/1.73-1.3/leptonica-1.73-1.3-android-arm.jar
7f2ebc54d000-7f2ebc550000 r--s 00021000 08:01 669040                     /home/valnyz/.m2/repository/org/bytedeco/javacpp-presets/leptonica/1.73-1.3/leptonica-1.73-1.3.jar
7f2ebc550000-7f2ebc552000 r--s 00988000 08:01 669038                     /home/valnyz/.m2/repository/org/bytedeco/javacpp-presets/opencv/3.1.0-1.3/opencv-3.1.0-1.3-linux-ppc64le.jar
7f2ebc552000-7f2ebc555000 r--s 009d8000 08:01 669036                     /home/valnyz/.m2/repository/org/bytedeco/javacpp-presets/opencv/3.1.0-1.3/opencv-3.1.0-1.3-windows-x86_64.jar
7f2ebc555000-7f2ebc557000 r--s 00821000 08:01 669034                     /home/valnyz/.m2/repository/org/bytedeco/javacpp-presets/opencv/3.1.0-1.3/opencv-3.1.0-1.3-macosx-x86_64.jar
7f2ebc557000-7f2ebc55a000 r--s 007bf000 08:01 669032                     /home/valnyz/.m2/repository/org/bytedeco/javacpp-presets/opencv/3.1.0-1.3/opencv-3.1.0-1.3-linux-x86_64.jar
7f2ebc55a000-7f2ebc55c000 r--s 00bf0000 08:01 669030                     /home/valnyz/.m2/repository/org/bytedeco/javacpp-presets/opencv/3.1.0-1.3/opencv-3.1.0-1.3-android-x86.jar
7f2ebc55c000-7f2ebc55e000 r--s 008f3000 08:01 669028                     /home/valnyz/.m2/repository/org/bytedeco/javacpp-presets/opencv/3.1.0-1.3/opencv-3.1.0-1.3-android-arm.jar
7f2ebc55e000-7f2ebc56e000 r--s 00098000 08:01 669026                     /home/valnyz/.m2/repository/org/bytedeco/javacpp-presets/opencv/3.1.0-1.3/opencv-3.1.0-1.3.jar
7f2ebc56e000-7f2ebc56f000 r--s 00002000 08:01 669024                     /home/valnyz/.m2/repository/org/bytedeco/javacpp-presets/flandmark/1.07-1.3/flandmark-1.07-1.3.jar
7f2ebc56f000-7f2ebc570000 r--s 00005000 08:01 669022                     /home/valnyz/.m2/repository/org/bytedeco/javacpp-presets/artoolkitplus/2.3.1-1.3/artoolkitplus-2.3.1-1.3.jar
7f2ebc570000-7f2ebc571000 r--s 00003000 08:01 669020                     /home/valnyz/.m2/repository/org/bytedeco/javacpp-presets/videoinput/0.200-1.3/videoinput-0.200-1.3.jar
7f2ebc571000-7f2ebc574000 r--s 00009000 08:01 669018                     /home/valnyz/.m2/repository/org/bytedeco/javacpp-presets/librealsense/1.9.6-1.3/librealsense-1.9.6-1.3.jar
7f2ebc574000-7f2ebc576000 r--s 00004000 08:01 669016                     /home/valnyz/.m2/repository/org/bytedeco/javacpp-presets/libfreenect/0.5.3-1.3/libfreenect-0.5.3-1.3.jar
7f2ebc576000-7f2ebc578000 r--s 00006000 08:01 669014                     /home/valnyz/.m2/repository/org/bytedeco/javacpp-presets/libdc1394/2.2.4-1.3/libdc1394-2.2.4-1.3.jar
7f2ebc578000-7f2ebc57c000 r--s 0001f000 08:01 669012                     /home/valnyz/.m2/repository/org/bytedeco/javacpp-presets/flycapture/2.9.3.43-1.3/flycapture-2.9.3.43-1.3.jar
7f2ebc57c000-7f2ebc583000 r--s 00033000 08:01 669010                     /home/valnyz/.m2/repository/org/bytedeco/javacpp-presets/ffmpeg/3.2.1-1.3/ffmpeg-3.2.1-1.3.jar
7f2ebc583000-7f2ebc587000 r--s 00058000 08:01 535568                     /home/valnyz/.m2/repository/org/bytedeco/javacv/1.3/javacv-1.3.jar
7f2ebc587000-7f2ebc589000 r--s 0000b000 08:01 669008                     /home/valnyz/.m2/repository/com/twelvemonkeys/imageio/imageio-bmp/3.1.1/imageio-bmp-3.1.1.jar
7f2ebc589000-7f2ebc58b000 r--s 0000f000 08:01 669006                     /home/valnyz/.m2/repository/com/twelvemonkeys/imageio/imageio-psd/3.1.1/imageio-psd-3.1.1.jar
7f2ebc58b000-7f2ebc58d000 r--s 0000e000 08:01 669004                     /home/valnyz/.m2/repository/com/twelvemonkeys/imageio/imageio-tiff/3.1.1/imageio-tiff-3.1.1.jar
7f2ebc58d000-7f2ebc590000 r--s 00012000 08:01 669002                     /home/valnyz/.m2/repository/com/twelvemonkeys/common/common-image/3.1.1/common-image-3.1.1.jar
7f2ebc590000-7f2ebc592000 r--s 00014000 08:01 669000                     /home/valnyz/.m2/repository/com/twelvemonkeys/common/common-io/3.1.1/common-io-3.1.1.jar
7f2ebc592000-7f2ebc595000 r--s 0001a000 08:01 668998                     /home/valnyz/.m2/repository/com/twelvemonkeys/common/common-lang/3.1.1/common-lang-3.1.1.jar
7f2ebc595000-7f2ebc598000 r--s 0000e000 08:01 668996                     /home/valnyz/.m2/repository/com/twelvemonkeys/imageio/imageio-metadata/3.1.1/imageio-metadata-3.1.1.jar
7f2ebc598000-7f2ebc59b000 r--s 0000c000 08:01 668994                     /home/valnyz/.m2/repository/com/twelvemonkeys/imageio/imageio-core/3.1.1/imageio-core-3.1.1.jar
7f2ebc59b000-7f2ebc59d000 r--s 0000d000 08:01 668992                     /home/valnyz/.m2/repository/com/twelvemonkeys/imageio/imageio-jpeg/3.1.1/imageio-jpeg-3.1.1.jar
7f2ebc59d000-7f2ebc5a8000 r--s 00088000 08:01 535564                     /home/valnyz/.m2/repository/com/github/jai-imageio/jai-imageio-core/1.3.0/jai-imageio-core-1.3.0.jar
7f2ebc5a8000-7f2ebc5aa000 r--s 0000f000 08:01 535562                     /home/valnyz/.m2/repository/org/datavec/datavec-data-image/0.7.2/datavec-data-image-0.7.2.jar
7f2ebc5aa000-7f2ebc5c2000 r--s 00132000 08:01 535560                     /home/valnyz/.m2/repository/org/freemarker/freemarker/2.3.23/freemarker-2.3.23.jar
7f2ebc5c2000-7f2ebc5cf000 r--s 0008a000 08:01 535558                     /home/valnyz/.m2/repository/org/datavec/datavec-api/0.7.2/datavec-api-0.7.2.jar
7f2ebc5cf000-7f2ebc5d1000 r--s 00001000 08:01 535556                     /home/valnyz/.m2/repository/org/datavec/datavec-nd4j-common/0.7.2/datavec-nd4j-common-0.7.2.jar
7f2ebc5d1000-7f2ebc5e6000 r--s 00141000 08:01 535554                     /home/valnyz/.m2/repository/org/projectlombok/lombok/1.16.10/lombok-1.16.10.jar
7f2ebc5e6000-7f2ebc5f6000 r--s 0007d000 08:01 535550                     /home/valnyz/.m2/repository/joda-time/joda-time/2.2/joda-time-2.2.jar
7f2ebc5f6000-7f2ebc5fa000 r--s 00024000 08:01 292938                     /home/valnyz/.m2/repository/org/codehaus/woodstox/stax2-api/3.1.4/stax2-api-3.1.4.jar
7f2ebc5fa000-7f2ebc601000 r--s 0003c000 08:01 535548                     /home/valnyz/.m2/repository/org/yaml/snakeyaml/1.12/snakeyaml-1.12.jar
7f2ebc601000-7f2ebc621000 r--s 001ac000 08:01 535546                     /home/valnyz/.m2/repository/org/nd4j/jackson/0.7.2/jackson-0.7.2.jar
7f2ebc621000-7f2ebc628000 r--s 0005e000 08:01 292945                     /home/valnyz/.m2/repository/org/apache/commons/commons-lang3/3.3.1/commons-lang3-3.3.1.jar
7f2ebc628000-7f2ebc62b000 r--s 00006000 08:01 535532                     /home/valnyz/.m2/repository/com/google/code/findbugs/jsr305/1.3.9/jsr305-1.3.9.jar
7f2ebc62b000-7f2ebc64b000 r--s 00173000 08:01 535530                     /home/valnyz/.m2/repository/com/google/guava/guava/11.0/guava-11.0.jar
7f2ebc64b000-7f2ebc64f000 r--s 00015000 08:01 535528                     /home/valnyz/.m2/repository/org/tukaani/xz/1.5/xz-1.5.jar
7f2ebc64f000-7f2ebc656000 r--s 00053000 08:01 292933                     /home/valnyz/.m2/repository/org/apache/commons/commons-compress/1.8/commons-compress-1.8.jar
7f2ebc656000-7f2ebc65a000 r--s 0002a000 08:01 430759                     /home/valnyz/.m2/repository/commons-io/commons-io/2.4/commons-io-2.4.jar
7f2ebc65a000-7f2ebc67e000 r--s 001cd000 08:01 291964                     /home/valnyz/.m2/repository/org/apache/commons/commons-math3/3.4.1/commons-math3-3.4.1.jar
7f2ebc67e000-7f2ebc68b000 r--s 000b6000 08:01 535526                     /home/valnyz/.m2/repository/org/deeplearning4j/deeplearning4j-nn/0.7.2/deeplearning4j-nn-0.7.2.jar
7f2ebc68b000-7f2ebc690000 r--s 0002a000 08:01 535522                     /home/valnyz/.m2/repository/org/deeplearning4j/deeplearning4j-core/0.7.2/deeplearning4j-core-0.7.2.jar
7f2ebc690000-7f2ebc695000 r--s 00041000 08:01 669157                     /home/valnyz/.m2/repository/commons-lang/commons-lang/2.6/commons-lang-2.6.jar
7f2ebc695000-7f2ebc699000 r--s 0000f000 08:01 430814                     /home/valnyz/.m2/repository/com/google/code/findbugs/annotations/2.0.1/annotations-2.0.1.jar
7f2ebc699000-7f2ebc6a2000 r--s 000ae000 08:01 535542                     /home/valnyz/.m2/repository/org/javassist/javassist/3.19.0-GA/javassist-3.19.0-GA.jar
7f2ebc6a2000-7f2ebc6a5000 r--s 0001d000 08:01 535540                     /home/valnyz/.m2/repository/org/reflections/reflections/0.9.10/reflections-0.9.10.jar
7f2ebc6a5000-7f2ebc6cd000 r--s 00241000 08:01 792764                     /home/valnyz/git/AutomaticSummarization/lib/trove-3.0.3.jar
7f2ebc6cd000-7f2ebc71d000 r--s 00728000 08:01 815405                     /home/valnyz/Documents/AutomaticSummarization/automaticSummarization_lib/stanford-corenlp-3.7.0.jar
7f2ebc71d000-7f2ebc71e000 ---p 00000000 00:00 0 
7f2ebc71e000-7f2ebc81e000 rw-p 00000000 00:00 0 
7f2ebc81e000-7f2ebc821000 ---p 00000000 00:00 0 
7f2ebc821000-7f2ebc91f000 rw-p 00000000 00:00 0 
7f2ebc91f000-7f2ebc922000 ---p 00000000 00:00 0 
7f2ebc922000-7f2ebca20000 rw-p 00000000 00:00 0 
7f2ebca20000-7f2ebca23000 ---p 00000000 00:00 0 
7f2ebca23000-7f2ebcb21000 rw-p 00000000 00:00 0 
7f2ebcb21000-7f2ebcb24000 ---p 00000000 00:00 0 
7f2ebcb24000-7f2ebcc22000 rw-p 00000000 00:00 0 
7f2ebcc22000-7f2ebceff000 r--p 00000000 08:01 926997                     /usr/lib/locale/locale-archive
7f2ebceff000-7f2ebcf02000 ---p 00000000 00:00 0 
7f2ebcf02000-7f2ec1000000 rw-p 00000000 00:00 0 
7f2ec1000000-7f2ec16c0000 rwxp 00000000 00:00 0 
7f2ec16c0000-7f2ed0000000 ---p 00000000 00:00 0 
7f2ed0000000-7f2ed0e24000 rw-p 00000000 00:00 0 
7f2ed0e24000-7f2ed4000000 ---p 00000000 00:00 0 
7f2ed4000000-7f2ed4001000 r--s 0000f000 08:01 535552                     /home/valnyz/.m2/repository/org/json/json/20131018/json-20131018.jar
7f2ed4001000-7f2ed4002000 r--s 00007000 08:01 535524                     /home/valnyz/.m2/repository/org/slf4j/slf4j-api/1.7.12/slf4j-api-1.7.12.jar
7f2ed4002000-7f2ed4005000 r--s 0001d000 08:01 535538                     /home/valnyz/.m2/repository/org/nd4j/nd4j-common/0.7.2/nd4j-common-0.7.2.jar
7f2ed4005000-7f2ed4007000 r--s 0000d000 08:01 535536                     /home/valnyz/.m2/repository/org/nd4j/nd4j-buffer/0.7.2/nd4j-buffer-0.7.2.jar
7f2ed4007000-7f2ed400e000 r--s 0003a000 08:01 669155                     /home/valnyz/.m2/repository/commons-codec/commons-codec/1.8/commons-codec-1.8.jar
7f2ed400e000-7f2ed4017000 r--s 004ea000 08:01 535603                     /home/valnyz/.m2/repository/org/deeplearning4j/deeplearning4j-nlp/0.7.2/deeplearning4j-nlp-0.7.2.jar
7f2ed4017000-7f2ed401d000 r--s 15956000 08:01 815406                     /home/valnyz/Documents/AutomaticSummarization/automaticSummarization_lib/stanford-corenlp-3.7.0-models.jar
7f2ed401d000-7f2ed4038000 r--s 001d7000 08:01 925334                     /usr/lib/jvm/java-8-openjdk-amd64/jre/lib/ext/nashorn.jar
7f2ed4038000-7f2ed4054000 r--s 00393000 08:01 925329                     /usr/lib/jvm/java-8-openjdk-amd64/jre/lib/ext/cldrdata.jar
7f2ed4054000-7f2ed4057000 ---p 00000000 00:00 0 
7f2ed4057000-7f2ed4155000 rw-p 00000000 00:00 0 
7f2ed4155000-7f2ed4156000 ---p 00000000 00:00 0 
7f2ed4156000-7f2ed4bee000 rw-p 00000000 00:00 0 
7f2ed4bee000-7f2ed4dbb000 r--s 03be5000 08:01 925275                     /usr/lib/jvm/java-8-openjdk-amd64/jre/lib/rt.jar
7f2ed4dbb000-7f2ed5a31000 rw-p 00000000 00:00 0 
7f2ed5a31000-7f2ed5a32000 ---p 00000000 00:00 0 
7f2ed5a32000-7f2ed5b32000 rw-p 00000000 00:00 0 
7f2ed5b32000-7f2ed5b33000 ---p 00000000 00:00 0 
7f2ed5b33000-7f2ed5d89000 rw-p 00000000 00:00 0 
7f2ed5d89000-7f2ed5ede000 ---p 00000000 00:00 0 
7f2ed5ede000-7f2ed6034000 rw-p 00000000 00:00 0 
7f2ed6034000-7f2ed6188000 ---p 00000000 00:00 0 
7f2ed6188000-7f2ed62b4000 rw-p 00000000 00:00 0 
7f2ed62b4000-7f2ed62de000 ---p 00000000 00:00 0 
7f2ed62de000-7f2ed62fa000 rw-p 00000000 00:00 0 
7f2ed62fa000-7f2ed669f000 ---p 00000000 00:00 0 
7f2ed669f000-7f2ed66a7000 r-xp 00000000 08:01 925318                     /usr/lib/jvm/java-8-openjdk-amd64/jre/lib/amd64/libzip.so
7f2ed66a7000-7f2ed68a6000 ---p 00008000 08:01 925318                     /usr/lib/jvm/java-8-openjdk-amd64/jre/lib/amd64/libzip.so
7f2ed68a6000-7f2ed68a7000 r--p 00007000 08:01 925318                     /usr/lib/jvm/java-8-openjdk-amd64/jre/lib/amd64/libzip.so
7f2ed68a7000-7f2ed68a8000 rw-p 00008000 08:01 925318                     /usr/lib/jvm/java-8-openjdk-amd64/jre/lib/amd64/libzip.so
7f2ed68a8000-7f2ed68b3000 r-xp 00000000 08:01 430353                     /lib/x86_64-linux-gnu/libnss_files-2.23.so
7f2ed68b3000-7f2ed6ab2000 ---p 0000b000 08:01 430353                     /lib/x86_64-linux-gnu/libnss_files-2.23.so
7f2ed6ab2000-7f2ed6ab3000 r--p 0000a000 08:01 430353                     /lib/x86_64-linux-gnu/libnss_files-2.23.so
7f2ed6ab3000-7f2ed6ab4000 rw-p 0000b000 08:01 430353                     /lib/x86_64-linux-gnu/libnss_files-2.23.so
7f2ed6ab4000-7f2ed6aba000 rw-p 00000000 00:00 0 
7f2ed6aba000-7f2ed6ac5000 r-xp 00000000 08:01 430337                     /lib/x86_64-linux-gnu/libnss_nis-2.23.so
7f2ed6ac5000-7f2ed6cc4000 ---p 0000b000 08:01 430337                     /lib/x86_64-linux-gnu/libnss_nis-2.23.so
7f2ed6cc4000-7f2ed6cc5000 r--p 0000a000 08:01 430337                     /lib/x86_64-linux-gnu/libnss_nis-2.23.so
7f2ed6cc5000-7f2ed6cc6000 rw-p 0000b000 08:01 430337                     /lib/x86_64-linux-gnu/libnss_nis-2.23.so
7f2ed6cc6000-7f2ed6cdc000 r-xp 00000000 08:01 430349                     /lib/x86_64-linux-gnu/libnsl-2.23.so
7f2ed6cdc000-7f2ed6edb000 ---p 00016000 08:01 430349                     /lib/x86_64-linux-gnu/libnsl-2.23.so
7f2ed6edb000-7f2ed6edc000 r--p 00015000 08:01 430349                     /lib/x86_64-linux-gnu/libnsl-2.23.so
7f2ed6edc000-7f2ed6edd000 rw-p 00016000 08:01 430349                     /lib/x86_64-linux-gnu/libnsl-2.23.so
7f2ed6edd000-7f2ed6edf000 rw-p 00000000 00:00 0 
7f2ed6edf000-7f2ed6ee7000 r-xp 00000000 08:01 430350                     /lib/x86_64-linux-gnu/libnss_compat-2.23.so
7f2ed6ee7000-7f2ed70e6000 ---p 00008000 08:01 430350                     /lib/x86_64-linux-gnu/libnss_compat-2.23.so
7f2ed70e6000-7f2ed70e7000 r--p 00007000 08:01 430350                     /lib/x86_64-linux-gnu/libnss_compat-2.23.so
7f2ed70e7000-7f2ed70e8000 rw-p 00008000 08:01 430350                     /lib/x86_64-linux-gnu/libnss_compat-2.23.so
7f2ed70e8000-7f2ed7115000 r-xp 00000000 08:01 925297                     /usr/lib/jvm/java-8-openjdk-amd64/jre/lib/amd64/libjava.so
7f2ed7115000-7f2ed7314000 ---p 0002d000 08:01 925297                     /usr/lib/jvm/java-8-openjdk-amd64/jre/lib/amd64/libjava.so
7f2ed7314000-7f2ed7315000 r--p 0002c000 08:01 925297                     /usr/lib/jvm/java-8-openjdk-amd64/jre/lib/amd64/libjava.so
7f2ed7315000-7f2ed7317000 rw-p 0002d000 08:01 925297                     /usr/lib/jvm/java-8-openjdk-amd64/jre/lib/amd64/libjava.so
7f2ed7317000-7f2ed7326000 r-xp 00000000 08:01 925317                     /usr/lib/jvm/java-8-openjdk-amd64/jre/lib/amd64/libverify.so
7f2ed7326000-7f2ed7525000 ---p 0000f000 08:01 925317                     /usr/lib/jvm/java-8-openjdk-amd64/jre/lib/amd64/libverify.so
7f2ed7525000-7f2ed7527000 r--p 0000e000 08:01 925317                     /usr/lib/jvm/java-8-openjdk-amd64/jre/lib/amd64/libverify.so
7f2ed7527000-7f2ed7528000 rw-p 00010000 08:01 925317                     /usr/lib/jvm/java-8-openjdk-amd64/jre/lib/amd64/libverify.so
7f2ed7528000-7f2ed752f000 r-xp 00000000 08:01 430336                     /lib/x86_64-linux-gnu/librt-2.23.so
7f2ed752f000-7f2ed772e000 ---p 00007000 08:01 430336                     /lib/x86_64-linux-gnu/librt-2.23.so
7f2ed772e000-7f2ed772f000 r--p 00006000 08:01 430336                     /lib/x86_64-linux-gnu/librt-2.23.so
7f2ed772f000-7f2ed7730000 rw-p 00007000 08:01 430336                     /lib/x86_64-linux-gnu/librt-2.23.so
7f2ed7730000-7f2ed7746000 r-xp 00000000 08:01 398682                     /lib/x86_64-linux-gnu/libgcc_s.so.1
7f2ed7746000-7f2ed7945000 ---p 00016000 08:01 398682                     /lib/x86_64-linux-gnu/libgcc_s.so.1
7f2ed7945000-7f2ed7946000 rw-p 00015000 08:01 398682                     /lib/x86_64-linux-gnu/libgcc_s.so.1
7f2ed7946000-7f2ed7a4e000 r-xp 00000000 08:01 430347                     /lib/x86_64-linux-gnu/libm-2.23.so
7f2ed7a4e000-7f2ed7c4d000 ---p 00108000 08:01 430347                     /lib/x86_64-linux-gnu/libm-2.23.so
7f2ed7c4d000-7f2ed7c4e000 r--p 00107000 08:01 430347                     /lib/x86_64-linux-gnu/libm-2.23.so
7f2ed7c4e000-7f2ed7c4f000 rw-p 00108000 08:01 430347                     /lib/x86_64-linux-gnu/libm-2.23.so
7f2ed7c4f000-7f2ed7dc1000 r-xp 00000000 08:01 921553                     /usr/lib/x86_64-linux-gnu/libstdc++.so.6.0.21
7f2ed7dc1000-7f2ed7fc1000 ---p 00172000 08:01 921553                     /usr/lib/x86_64-linux-gnu/libstdc++.so.6.0.21
7f2ed7fc1000-7f2ed7fcb000 r--p 00172000 08:01 921553                     /usr/lib/x86_64-linux-gnu/libstdc++.so.6.0.21
7f2ed7fcb000-7f2ed7fcd000 rw-p 0017c000 08:01 921553                     /usr/lib/x86_64-linux-gnu/libstdc++.so.6.0.21
7f2ed7fcd000-7f2ed7fd1000 rw-p 00000000 00:00 0 
7f2ed7fd1000-7f2ed8c15000 r-xp 00000000 08:01 925323                     /usr/lib/jvm/java-8-openjdk-amd64/jre/lib/amd64/server/libjvm.so
7f2ed8c15000-7f2ed8e14000 ---p 00c44000 08:01 925323                     /usr/lib/jvm/java-8-openjdk-amd64/jre/lib/amd64/server/libjvm.so
7f2ed8e14000-7f2ed8ea7000 r--p 00c43000 08:01 925323                     /usr/lib/jvm/java-8-openjdk-amd64/jre/lib/amd64/server/libjvm.so
7f2ed8ea7000-7f2ed8ecf000 rw-p 00cd6000 08:01 925323                     /usr/lib/jvm/java-8-openjdk-amd64/jre/lib/amd64/server/libjvm.so
7f2ed8ecf000-7f2ed8efe000 rw-p 00000000 00:00 0 
7f2ed8efe000-7f2ed8f16000 r-xp 00000000 08:01 430348                     /lib/x86_64-linux-gnu/libpthread-2.23.so
7f2ed8f16000-7f2ed9115000 ---p 00018000 08:01 430348                     /lib/x86_64-linux-gnu/libpthread-2.23.so
7f2ed9115000-7f2ed9116000 r--p 00017000 08:01 430348                     /lib/x86_64-linux-gnu/libpthread-2.23.so
7f2ed9116000-7f2ed9117000 rw-p 00018000 08:01 430348                     /lib/x86_64-linux-gnu/libpthread-2.23.so
7f2ed9117000-7f2ed911b000 rw-p 00000000 00:00 0 
7f2ed911b000-7f2ed911e000 r-xp 00000000 08:01 430340                     /lib/x86_64-linux-gnu/libdl-2.23.so
7f2ed911e000-7f2ed931d000 ---p 00003000 08:01 430340                     /lib/x86_64-linux-gnu/libdl-2.23.so
7f2ed931d000-7f2ed931e000 r--p 00002000 08:01 430340                     /lib/x86_64-linux-gnu/libdl-2.23.so
7f2ed931e000-7f2ed931f000 rw-p 00003000 08:01 430340                     /lib/x86_64-linux-gnu/libdl-2.23.so
7f2ed931f000-7f2ed9338000 r-xp 00000000 08:01 398835                     /lib/x86_64-linux-gnu/libz.so.1.2.8
7f2ed9338000-7f2ed9537000 ---p 00019000 08:01 398835                     /lib/x86_64-linux-gnu/libz.so.1.2.8
7f2ed9537000-7f2ed9538000 r--p 00018000 08:01 398835                     /lib/x86_64-linux-gnu/libz.so.1.2.8
7f2ed9538000-7f2ed9539000 rw-p 00019000 08:01 398835                     /lib/x86_64-linux-gnu/libz.so.1.2.8
7f2ed9539000-7f2ed96f8000 r-xp 00000000 08:01 430342                     /lib/x86_64-linux-gnu/libc-2.23.so
7f2ed96f8000-7f2ed98f8000 ---p 001bf000 08:01 430342                     /lib/x86_64-linux-gnu/libc-2.23.so
7f2ed98f8000-7f2ed98fc000 r--p 001bf000 08:01 430342                     /lib/x86_64-linux-gnu/libc-2.23.so
7f2ed98fc000-7f2ed98fe000 rw-p 001c3000 08:01 430342                     /lib/x86_64-linux-gnu/libc-2.23.so
7f2ed98fe000-7f2ed9902000 rw-p 00000000 00:00 0 
7f2ed9902000-7f2ed990f000 r-xp 00000000 08:01 925319                     /usr/lib/jvm/java-8-openjdk-amd64/jre/lib/amd64/jli/libjli.so
7f2ed990f000-7f2ed9b0f000 ---p 0000d000 08:01 925319                     /usr/lib/jvm/java-8-openjdk-amd64/jre/lib/amd64/jli/libjli.so
7f2ed9b0f000-7f2ed9b10000 r--p 0000d000 08:01 925319                     /usr/lib/jvm/java-8-openjdk-amd64/jre/lib/amd64/jli/libjli.so
7f2ed9b10000-7f2ed9b11000 rw-p 0000e000 08:01 925319                     /usr/lib/jvm/java-8-openjdk-amd64/jre/lib/amd64/jli/libjli.so
7f2ed9b11000-7f2ed9b37000 r-xp 00000000 08:01 430330                     /lib/x86_64-linux-gnu/ld-2.23.so
7f2ed9b37000-7f2ed9b38000 r--s 00008000 08:01 669079                     /home/valnyz/.m2/repository/org/nd4j/nd4j-native-api/0.7.2/nd4j-native-api-0.7.2.jar
7f2ed9b38000-7f2ed9b39000 r--s 00035000 08:01 294338                     /home/valnyz/.m2/repository/org/apache/directory/studio/org.apache.commons.codec/1.8/org.apache.commons.codec-1.8.jar
7f2ed9b39000-7f2ed9b3a000 r--s 00000000 08:01 791823                     /home/valnyz/git/AutomaticSummarization/lib/GrammaticalWords.jar
7f2ed9b3a000-7f2ed9b3b000 r--s 00000000 08:01 792643                     /home/valnyz/git/AutomaticSummarization/lib/ReaderWriter.jar
7f2ed9b3b000-7f2ed9b3c000 r--s 00238000 08:01 815116                     /home/valnyz/git/AutomaticSummarization/lib/ModifiedJGibbLabeledLDA.jar
7f2ed9b3c000-7f2ed9b3d000 r--s 00010000 08:01 925338                     /usr/lib/jvm/java-8-openjdk-amd64/jre/lib/ext/zipfs.jar
7f2ed9b3d000-7f2ed9b3f000 r--s 00001000 08:01 925330                     /usr/lib/jvm/java-8-openjdk-amd64/jre/lib/ext/dnsns.jar
7f2ed9b3f000-7f2ed9b40000 r--s 0000a000 08:01 925332                     /usr/lib/jvm/java-8-openjdk-amd64/jre/lib/ext/jaccess.jar
7f2ed9b40000-7f2ed9c0c000 rw-p 00000000 00:00 0 
7f2ed9c0c000-7f2ed9c0f000 ---p 00000000 00:00 0 
7f2ed9c0f000-7f2ed9d12000 rw-p 00000000 00:00 0 
7f2ed9d12000-7f2ed9d18000 r--s 0003a000 08:01 925336                     /usr/lib/jvm/java-8-openjdk-amd64/jre/lib/ext/sunjce_provider.jar
7f2ed9d18000-7f2ed9d1b000 r--s 0000f000 08:01 925331                     /usr/lib/jvm/java-8-openjdk-amd64/jre/lib/ext/icedtea-sound.jar
7f2ed9d1b000-7f2ed9d25000 r--s 00116000 08:01 925333                     /usr/lib/jvm/java-8-openjdk-amd64/jre/lib/ext/localedata.jar
7f2ed9d25000-7f2ed9d26000 r--s 00008000 08:01 925335                     /usr/lib/jvm/java-8-openjdk-amd64/jre/lib/ext/sunec.jar
7f2ed9d26000-7f2ed9d2a000 r--s 00037000 08:01 925337                     /usr/lib/jvm/java-8-openjdk-amd64/jre/lib/ext/sunpkcs11.jar
7f2ed9d2a000-7f2ed9d32000 rw-s 00000000 08:01 942622                     /tmp/hsperfdata_valnyz/11060
7f2ed9d32000-7f2ed9d33000 rw-p 00000000 00:00 0 
7f2ed9d33000-7f2ed9d34000 r--p 00000000 00:00 0 
7f2ed9d34000-7f2ed9d36000 rw-p 00000000 00:00 0 
7f2ed9d36000-7f2ed9d37000 r--p 00025000 08:01 430330                     /lib/x86_64-linux-gnu/ld-2.23.so
7f2ed9d37000-7f2ed9d38000 rw-p 00026000 08:01 430330                     /lib/x86_64-linux-gnu/ld-2.23.so
7f2ed9d38000-7f2ed9d39000 rw-p 00000000 00:00 0 
7ffc15dd3000-7ffc15df6000 rw-p 00000000 00:00 0                          [stack]
7ffc15df8000-7ffc15dfa000 r--p 00000000 00:00 0                          [vvar]
7ffc15dfa000-7ffc15dfc000 r-xp 00000000 00:00 0                          [vdso]
ffffffffff600000-ffffffffff601000 r-xp 00000000 00:00 0                  [vsyscall]

VM Arguments:
jvm_args: -Xms1024m -Xmx2g -XX:MaxMetaspaceSize=2g -Dfile.encoding=UTF-8 
java_command: Start -conf conf/config_Word2Vec_MMR_TAC2008.xml
java_class_path (initial): /home/valnyz/git/AutomaticSummarization/target/classes:/home/valnyz/Documents/AutomaticSummarization/automaticSummarization_lib/stanford-corenlp-3.7.0.jar:/home/valnyz/Documents/AutomaticSummarization/automaticSummarization_lib/stanford-corenlp-3.7.0-models.jar:/home/valnyz/git/AutomaticSummarization/lib/ModifiedJGibbLabeledLDA.jar:/home/valnyz/git/AutomaticSummarization/lib/ReaderWriter.jar:/home/valnyz/git/AutomaticSummarization/lib/GrammaticalWords.jar:/home/valnyz/git/AutomaticSummarization/lib/trove-3.0.3.jar:/home/valnyz/.m2/repository/org/deeplearning4j/deeplearning4j-nlp/0.7.2/deeplearning4j-nlp-0.7.2.jar:/home/valnyz/.m2/repository/org/apache/directory/studio/org.apache.commons.codec/1.8/org.apache.commons.codec-1.8.jar:/home/valnyz/.m2/repository/commons-codec/commons-codec/1.8/commons-codec-1.8.jar:/home/valnyz/.m2/repository/org/nd4j/nd4j-native-api/0.7.2/nd4j-native-api-0.7.2.jar:/home/valnyz/.m2/repository/org/nd4j/nd4j-buffer/0.7.2/nd4j-buffer-0.7.2.jar:/home/valnyz/.m2/repository/org/nd4j/nd4j-common/0.7.2/nd4j-common-0.7.2.jar:/home/valnyz/.m2/repository/org/reflections/reflections/0.9.10/reflections-0.9.10.jar:/home/valnyz/.m2/repository/org/javassist/javassist/3.19.0-GA/javassist-3.19.0-GA.jar:/home/valnyz/.m2/repository/com/google/code/findbugs/annotations/2.0.1/annotations-2.0.1.jar:/home/valnyz/.m2/repository/commons-lang/commons-lang/2.6/commons-lang-2.6.jar:/home/valnyz/.m2/repository/org/deeplearning4j/deeplearning4j-core/0.7.2/deeplearning4j-core-0.7.2.jar:/home/valnyz/.m2/repository/org/slf4j/slf4j-api/1.7.12/slf4j-api-1.7.12.jar:/home/valnyz/.m2/repository/org/deeplearning4j/deeplearning4j-nn/0.7.2/deeplearning4j-nn-0.7.2.jar:/home/valnyz/.m2/repository/org/apache/commons/commons-math3/3.4.1/commons-math3-3.4.1.jar:/home/valnyz/.m2/repository/commons-io/commons-io/2.4/commons-io-2.4.jar:/home/valnyz/.m2/repository/org/apache/commons/commons-compress/1.8/commons-compress-1.8.jar:/home/valnyz/.m2/repository/org/
Launcher Type: SUN_STANDARD

Environment Variables:
PATH=/usr/local/sbin:/usr/local/bin:/usr/sbin:/usr/bin:/sbin:/bin:/usr/games:/usr/local/games
USERNAME=valnyz
SHELL=/bin/bash
DISPLAY=:0

Signal Handlers:
SIGSEGV: [libjvm.so+0xa5c320], sa_mask[0]=11111111011111111101111111111110, sa_flags=SA_RESTART|SA_SIGINFO
SIGBUS: [libjvm.so+0xa5c320], sa_mask[0]=11111111011111111101111111111110, sa_flags=SA_RESTART|SA_SIGINFO
SIGFPE: [libjvm.so+0x8a83d0], sa_mask[0]=11111111011111111101111111111110, sa_flags=SA_RESTART|SA_SIGINFO
SIGPIPE: [libjvm.so+0x8a83d0], sa_mask[0]=11111111011111111101111111111110, sa_flags=SA_RESTART|SA_SIGINFO
SIGXFSZ: [libjvm.so+0x8a83d0], sa_mask[0]=11111111011111111101111111111110, sa_flags=SA_RESTART|SA_SIGINFO
SIGILL: [libjvm.so+0x8a83d0], sa_mask[0]=11111111011111111101111111111110, sa_flags=SA_RESTART|SA_SIGINFO
SIGUSR1: SIG_DFL, sa_mask[0]=00000000000000000000000000000000, sa_flags=none
SIGUSR2: [libjvm.so+0x8a8280], sa_mask[0]=00100000000000000000000000000000, sa_flags=SA_RESTART|SA_SIGINFO
SIGHUP: [libjvm.so+0x8a8750], sa_mask[0]=11111111011111111101111111111110, sa_flags=SA_RESTART|SA_SIGINFO
SIGINT: [libjvm.so+0x8a8750], sa_mask[0]=11111111011111111101111111111110, sa_flags=SA_RESTART|SA_SIGINFO
SIGTERM: [libjvm.so+0x8a8750], sa_mask[0]=11111111011111111101111111111110, sa_flags=SA_RESTART|SA_SIGINFO
SIGQUIT: [libjvm.so+0x8a8750], sa_mask[0]=11111111011111111101111111111110, sa_flags=SA_RESTART|SA_SIGINFO


---------------  S Y S T E M  ---------------

OS:DISTRIB_ID=LinuxMint
DISTRIB_RELEASE=18
DISTRIB_CODENAME=sarah
DISTRIB_DESCRIPTION="Linux Mint 18 Sarah"

uname:Linux 4.4.0-21-generic #37-Ubuntu SMP Mon Apr 18 18:33:37 UTC 2016 x86_64
libc:glibc 2.23 NPTL 2.23 
rlimit: STACK 8192k, CORE 0k, NPROC 15646, NOFILE 65536, AS infinity
load average:2,41 1,95 1,93

/proc/meminfo:
MemTotal:        4046712 kB
MemFree:           28796 kB
MemAvailable:     173312 kB
Buffers:            8404 kB
Cached:           154724 kB
SwapCached:         3540 kB
Active:          3082980 kB
Inactive:         818904 kB
Active(anon):    2995220 kB
Inactive(anon):   763540 kB
Active(file):      87760 kB
Inactive(file):    55364 kB
Unevictable:          16 kB
Mlocked:              16 kB
SwapTotal:       1046524 kB
SwapFree:         821588 kB
Dirty:              3116 kB
Writeback:             0 kB
AnonPages:       3737584 kB
Mapped:           101300 kB
Shmem:             19932 kB
Slab:              52660 kB
SReclaimable:      31128 kB
SUnreclaim:        21532 kB
KernelStack:        9120 kB
PageTables:        29140 kB
NFS_Unstable:          0 kB
Bounce:                0 kB
WritebackTmp:          0 kB
CommitLimit:     3069880 kB
Committed_AS:   11459888 kB
VmallocTotal:   34359738367 kB
VmallocUsed:           0 kB
VmallocChunk:          0 kB
HardwareCorrupted:     0 kB
AnonHugePages:   2668544 kB
CmaTotal:              0 kB
CmaFree:               0 kB
HugePages_Total:       0
HugePages_Free:        0
HugePages_Rsvd:        0
HugePages_Surp:        0
Hugepagesize:       2048 kB
DirectMap4k:       92096 kB
DirectMap2M:     4102144 kB


CPU:total 2 (2 cores per cpu, 1 threads per core) family 6 model 60 stepping 3, cmov, cx8, fxsr, mmx, sse, sse2, sse3, ssse3, sse4.1, sse4.2, popcnt, avx, aes, clmul, lzcnt, tsc, tscinvbit

/proc/cpuinfo:
processor	: 0
vendor_id	: GenuineIntel
cpu family	: 6
model		: 60
model name	: Intel(R) Core(TM) i5-4210H CPU @ 2.90GHz
stepping	: 3
cpu MHz		: 2893.318
cache size	: 3072 KB
physical id	: 0
siblings	: 2
core id		: 0
cpu cores	: 2
apicid		: 0
initial apicid	: 0
fpu		: yes
fpu_exception	: yes
cpuid level	: 13
wp		: yes
flags		: fpu vme de pse tsc msr pae mce cx8 apic sep mtrr pge mca cmov pat pse36 clflush mmx fxsr sse sse2 ht syscall nx rdtscp lm constant_tsc rep_good nopl xtopology nonstop_tsc pni pclmulqdq ssse3 cx16 sse4_1 sse4_2 movbe popcnt aes xsave avx rdrand hypervisor lahf_lm abm
bugs		:
bogomips	: 5786.63
clflush size	: 64
cache_alignment	: 64
address sizes	: 39 bits physical, 48 bits virtual
power management:

processor	: 1
vendor_id	: GenuineIntel
cpu family	: 6
model		: 60
model name	: Intel(R) Core(TM) i5-4210H CPU @ 2.90GHz
stepping	: 3
cpu MHz		: 2893.318
cache size	: 3072 KB
physical id	: 0
siblings	: 2
core id		: 1
cpu cores	: 2
apicid		: 1
initial apicid	: 1
fpu		: yes
fpu_exception	: yes
cpuid level	: 13
wp		: yes
flags		: fpu vme de pse tsc msr pae mce cx8 apic sep mtrr pge mca cmov pat pse36 clflush mmx fxsr sse sse2 ht syscall nx rdtscp lm constant_tsc rep_good nopl xtopology nonstop_tsc pni pclmulqdq ssse3 cx16 sse4_1 sse4_2 movbe popcnt aes xsave avx rdrand hypervisor lahf_lm abm
bugs		:
bogomips	: 5786.63
clflush size	: 64
cache_alignment	: 64
address sizes	: 39 bits physical, 48 bits virtual
power management:



Memory: 4k page, physical 4046712k(28796k free), swap 1046524k(821588k free)

vm_info: OpenJDK 64-Bit Server VM (25.03-b03) for linux-amd64 JRE (1.8.0_03-Ubuntu-8u77-b03-3ubuntu3-b03), built on Apr 13 2016 19:16:47 by "buildd" with gcc 5.3.1 20160413

time: Mon Apr 10 20:14:07 2017
elapsed time: 5 seconds (0d 0h 0m 5s)

